mode: set
github.com/MikeAustin71/stringopsgo/strops/v3/strops.go:97.9,99.33 1 1
github.com/MikeAustin71/stringopsgo/strops/v3/strops.go:103.2,115.11 5 1
github.com/MikeAustin71/stringopsgo/strops/v3/strops.go:99.33,101.3 1 0
github.com/MikeAustin71/stringopsgo/strops/v3/strops.go:177.25,179.33 1 1
github.com/MikeAustin71/stringopsgo/strops/v3/strops.go:183.2,194.11 5 1
github.com/MikeAustin71/stringopsgo/strops/v3/strops.go:179.33,181.3 1 0
github.com/MikeAustin71/stringopsgo/strops/v3/strops.go:200.45,202.33 1 1
github.com/MikeAustin71/stringopsgo/strops/v3/strops.go:206.2,210.20 3 1
github.com/MikeAustin71/stringopsgo/strops/v3/strops.go:214.2,219.6 2 1
github.com/MikeAustin71/stringopsgo/strops/v3/strops.go:202.33,204.3 1 1
github.com/MikeAustin71/stringopsgo/strops/v3/strops.go:210.20,212.3 1 0
github.com/MikeAustin71/stringopsgo/strops/v3/strops.go:225.39,227.33 1 1
github.com/MikeAustin71/stringopsgo/strops/v3/strops.go:231.2,242.18 5 1
github.com/MikeAustin71/stringopsgo/strops/v3/strops.go:227.33,229.3 1 0
github.com/MikeAustin71/stringopsgo/strops/v3/strops.go:250.22,252.33 1 1
github.com/MikeAustin71/stringopsgo/strops/v3/strops.go:256.2,264.12 4 1
github.com/MikeAustin71/stringopsgo/strops/v3/strops.go:252.33,254.3 1 1
github.com/MikeAustin71/stringopsgo/strops/v3/strops.go:442.9,444.33 1 1
github.com/MikeAustin71/stringopsgo/strops/v3/strops.go:448.2,464.11 5 1
github.com/MikeAustin71/stringopsgo/strops/v3/strops.go:444.33,446.3 1 0
github.com/MikeAustin71/stringopsgo/strops/v3/strops.go:687.9,689.33 1 1
github.com/MikeAustin71/stringopsgo/strops/v3/strops.go:693.2,707.11 5 1
github.com/MikeAustin71/stringopsgo/strops/v3/strops.go:689.33,691.3 1 0
github.com/MikeAustin71/stringopsgo/strops/v3/strops.go:773.9,775.33 1 1
github.com/MikeAustin71/stringopsgo/strops/v3/strops.go:779.2,791.11 5 1
github.com/MikeAustin71/stringopsgo/strops/v3/strops.go:775.33,777.3 1 0
github.com/MikeAustin71/stringopsgo/strops/v3/strops.go:865.9,867.33 1 1
github.com/MikeAustin71/stringopsgo/strops/v3/strops.go:871.2,883.11 5 1
github.com/MikeAustin71/stringopsgo/strops/v3/strops.go:867.33,869.3 1 0
github.com/MikeAustin71/stringopsgo/strops/v3/strops.go:982.9,984.33 1 1
github.com/MikeAustin71/stringopsgo/strops/v3/strops.go:988.2,1000.11 5 1
github.com/MikeAustin71/stringopsgo/strops/v3/strops.go:984.33,986.3 1 0
github.com/MikeAustin71/stringopsgo/strops/v3/strops.go:1123.13,1125.33 1 1
github.com/MikeAustin71/stringopsgo/strops/v3/strops.go:1129.2,1141.11 5 1
github.com/MikeAustin71/stringopsgo/strops/v3/strops.go:1125.33,1127.3 1 0
github.com/MikeAustin71/stringopsgo/strops/v3/strops.go:1158.22,1160.33 1 1
github.com/MikeAustin71/stringopsgo/strops/v3/strops.go:1164.2,1172.9 4 1
github.com/MikeAustin71/stringopsgo/strops/v3/strops.go:1160.33,1162.3 1 1
github.com/MikeAustin71/stringopsgo/strops/v3/strops.go:1177.43,1180.33 2 1
github.com/MikeAustin71/stringopsgo/strops/v3/strops.go:1184.2,1190.38 4 1
github.com/MikeAustin71/stringopsgo/strops/v3/strops.go:1180.33,1182.3 1 0
github.com/MikeAustin71/stringopsgo/strops/v3/strops.go:1194.48,1196.33 1 1
github.com/MikeAustin71/stringopsgo/strops/v3/strops.go:1200.2,1204.16 3 1
github.com/MikeAustin71/stringopsgo/strops/v3/strops.go:1196.33,1198.3 1 1
github.com/MikeAustin71/stringopsgo/strops/v3/strops.go:1209.44,1211.33 1 1
github.com/MikeAustin71/stringopsgo/strops/v3/strops.go:1215.2,1225.15 7 1
github.com/MikeAustin71/stringopsgo/strops/v3/strops.go:1211.33,1213.3 1 0
github.com/MikeAustin71/stringopsgo/strops/v3/strops.go:1299.34,1301.33 1 1
github.com/MikeAustin71/stringopsgo/strops/v3/strops.go:1305.2,1316.11 5 1
github.com/MikeAustin71/stringopsgo/strops/v3/strops.go:1301.33,1303.3 1 0
github.com/MikeAustin71/stringopsgo/strops/v3/strops.go:1397.9,1399.33 1 1
github.com/MikeAustin71/stringopsgo/strops/v3/strops.go:1403.2,1414.11 5 1
github.com/MikeAustin71/stringopsgo/strops/v3/strops.go:1399.33,1401.3 1 0
github.com/MikeAustin71/stringopsgo/strops/v3/strops.go:1490.9,1492.33 1 1
github.com/MikeAustin71/stringopsgo/strops/v3/strops.go:1496.2,1507.11 5 1
github.com/MikeAustin71/stringopsgo/strops/v3/strops.go:1492.33,1494.3 1 0
github.com/MikeAustin71/stringopsgo/strops/v3/strops.go:1514.64,1516.33 1 1
github.com/MikeAustin71/stringopsgo/strops/v3/strops.go:1520.2,1526.49 4 1
github.com/MikeAustin71/stringopsgo/strops/v3/strops.go:1516.33,1518.3 1 0
github.com/MikeAustin71/stringopsgo/strops/v3/strops.go:1651.9,1653.33 1 1
github.com/MikeAustin71/stringopsgo/strops/v3/strops.go:1657.2,1669.11 5 1
github.com/MikeAustin71/stringopsgo/strops/v3/strops.go:1653.33,1655.3 1 1
github.com/MikeAustin71/stringopsgo/strops/v3/strops.go:1675.61,1677.33 1 1
github.com/MikeAustin71/stringopsgo/strops/v3/strops.go:1681.2,1687.44 4 1
github.com/MikeAustin71/stringopsgo/strops/v3/strops.go:1677.33,1679.3 1 0
github.com/MikeAustin71/stringopsgo/strops/v3/strops.go:1750.9,1752.33 1 1
github.com/MikeAustin71/stringopsgo/strops/v3/strops.go:1756.2,1767.11 5 1
github.com/MikeAustin71/stringopsgo/strops/v3/strops.go:1752.33,1754.3 1 1
github.com/MikeAustin71/stringopsgo/strops/v3/strops.go:1773.37,1775.33 1 1
github.com/MikeAustin71/stringopsgo/strops/v3/strops.go:1779.2,1787.17 5 1
github.com/MikeAustin71/stringopsgo/strops/v3/strops.go:1775.33,1777.3 1 1
github.com/MikeAustin71/stringopsgo/strops/v3/strops.go:1801.34,1803.33 1 1
github.com/MikeAustin71/stringopsgo/strops/v3/strops.go:1807.2,1815.17 5 1
github.com/MikeAustin71/stringopsgo/strops/v3/strops.go:1803.33,1805.3 1 1
github.com/MikeAustin71/stringopsgo/strops/v3/strops.go:1828.55,1830.33 1 1
github.com/MikeAustin71/stringopsgo/strops/v3/strops.go:1834.2,1845.11 5 1
github.com/MikeAustin71/stringopsgo/strops/v3/strops.go:1830.33,1832.3 1 0
github.com/MikeAustin71/stringopsgo/strops/v3/strops.go:1889.20,1891.33 1 1
github.com/MikeAustin71/stringopsgo/strops/v3/strops.go:1895.2,1903.12 4 1
github.com/MikeAustin71/stringopsgo/strops/v3/strops.go:1891.33,1893.3 1 0
github.com/MikeAustin71/stringopsgo/strops/v3/strops.go:1979.13,1981.33 1 1
github.com/MikeAustin71/stringopsgo/strops/v3/strops.go:1985.2,1997.11 5 1
github.com/MikeAustin71/stringopsgo/strops/v3/strops.go:1981.33,1983.3 1 1
github.com/MikeAustin71/stringopsgo/strops/v3/strops.go:2091.9,2093.33 1 1
github.com/MikeAustin71/stringopsgo/strops/v3/strops.go:2097.2,2108.11 5 1
github.com/MikeAustin71/stringopsgo/strops/v3/strops.go:2093.33,2095.3 1 0
github.com/MikeAustin71/stringopsgo/strops/v3/strops.go:2196.9,2198.33 1 1
github.com/MikeAustin71/stringopsgo/strops/v3/strops.go:2202.2,2213.11 5 1
github.com/MikeAustin71/stringopsgo/strops/v3/strops.go:2198.33,2200.3 1 0
github.com/MikeAustin71/stringopsgo/strops/v3/strops.go:2247.32,2249.33 1 1
github.com/MikeAustin71/stringopsgo/strops/v3/strops.go:2253.2,2257.25 3 1
github.com/MikeAustin71/stringopsgo/strops/v3/strops.go:2261.2,2264.30 3 1
github.com/MikeAustin71/stringopsgo/strops/v3/strops.go:2277.2,2286.15 2 1
github.com/MikeAustin71/stringopsgo/strops/v3/strops.go:2249.33,2251.3 1 0
github.com/MikeAustin71/stringopsgo/strops/v3/strops.go:2257.25,2259.3 1 0
github.com/MikeAustin71/stringopsgo/strops/v3/strops.go:2264.30,2275.3 2 1
github.com/MikeAustin71/stringopsgo/strops/v3/strops.go:2392.9,2394.33 1 1
github.com/MikeAustin71/stringopsgo/strops/v3/strops.go:2398.2,2409.11 5 1
github.com/MikeAustin71/stringopsgo/strops/v3/strops.go:2394.33,2396.3 1 0
github.com/MikeAustin71/stringopsgo/strops/v3/strops.go:2501.9,2503.33 1 1
github.com/MikeAustin71/stringopsgo/strops/v3/strops.go:2507.2,2518.11 5 1
github.com/MikeAustin71/stringopsgo/strops/v3/strops.go:2503.33,2505.3 1 0
github.com/MikeAustin71/stringopsgo/strops/v3/strops.go:2525.47,2527.33 1 1
github.com/MikeAustin71/stringopsgo/strops/v3/strops.go:2531.2,2539.23 5 1
github.com/MikeAustin71/stringopsgo/strops/v3/strops.go:2527.33,2529.3 1 1
github.com/MikeAustin71/stringopsgo/strops/v3/strops.go:2618.9,2620.33 1 1
github.com/MikeAustin71/stringopsgo/strops/v3/strops.go:2624.2,2635.11 5 1
github.com/MikeAustin71/stringopsgo/strops/v3/strops.go:2620.33,2622.3 1 1
github.com/MikeAustin71/stringopsgo/strops/v3/strops.go:2712.34,2714.33 1 1
github.com/MikeAustin71/stringopsgo/strops/v3/strops.go:2718.2,2729.11 5 1
github.com/MikeAustin71/stringopsgo/strops/v3/strops.go:2714.33,2716.3 1 1
github.com/MikeAustin71/stringopsgo/strops/v3/strops.go:2736.24,2738.33 1 1
github.com/MikeAustin71/stringopsgo/strops/v3/strops.go:2742.2,2748.47 4 1
github.com/MikeAustin71/stringopsgo/strops/v3/strops.go:2738.33,2740.3 1 1
github.com/MikeAustin71/stringopsgo/strops/v3/strops.go:2755.24,2757.33 1 1
github.com/MikeAustin71/stringopsgo/strops/v3/strops.go:2761.2,2767.47 4 1
github.com/MikeAustin71/stringopsgo/strops/v3/strops.go:2757.33,2759.3 1 1
github.com/MikeAustin71/stringopsgo/strops/v3/strops.go:2835.14,2837.33 1 1
github.com/MikeAustin71/stringopsgo/strops/v3/strops.go:2841.2,2849.12 4 1
github.com/MikeAustin71/stringopsgo/strops/v3/strops.go:2837.33,2839.3 1 0
github.com/MikeAustin71/stringopsgo/strops/v3/strops.go:2931.14,2933.33 1 1
github.com/MikeAustin71/stringopsgo/strops/v3/strops.go:2937.2,2945.12 4 1
github.com/MikeAustin71/stringopsgo/strops/v3/strops.go:2933.33,2935.3 1 0
github.com/MikeAustin71/stringopsgo/strops/v3/strops.go:3029.51,3031.33 1 1
github.com/MikeAustin71/stringopsgo/strops/v3/strops.go:3035.2,3043.12 4 1
github.com/MikeAustin71/stringopsgo/strops/v3/strops.go:3031.33,3033.3 1 0
github.com/MikeAustin71/stringopsgo/strops/v3/strops.go:3125.9,3127.33 1 1
github.com/MikeAustin71/stringopsgo/strops/v3/strops.go:3131.2,3142.11 5 1
github.com/MikeAustin71/stringopsgo/strops/v3/strops.go:3127.33,3129.3 1 1
github.com/MikeAustin71/stringopsgo/strops/v3/strops.go:3234.34,3236.33 1 1
github.com/MikeAustin71/stringopsgo/strops/v3/strops.go:3240.2,3251.11 5 1
github.com/MikeAustin71/stringopsgo/strops/v3/strops.go:3236.33,3238.3 1 1
github.com/MikeAustin71/stringopsgo/strops/v3/strops.go:3341.9,3343.33 1 1
github.com/MikeAustin71/stringopsgo/strops/v3/strops.go:3347.2,3358.11 5 1
github.com/MikeAustin71/stringopsgo/strops/v3/strops.go:3343.33,3345.3 1 1
github.com/MikeAustin71/stringopsgo/strops/v3/strops.go:3467.9,3469.33 1 1
github.com/MikeAustin71/stringopsgo/strops/v3/strops.go:3473.2,3486.11 5 1
github.com/MikeAustin71/stringopsgo/strops/v3/strops.go:3469.33,3471.3 1 1
github.com/MikeAustin71/stringopsgo/strops/v3/strops.go:3567.13,3569.33 1 1
github.com/MikeAustin71/stringopsgo/strops/v3/strops.go:3573.2,3584.11 5 1
github.com/MikeAustin71/stringopsgo/strops/v3/strops.go:3569.33,3571.3 1 1
github.com/MikeAustin71/stringopsgo/strops/v3/strops.go:3661.13,3663.33 1 1
github.com/MikeAustin71/stringopsgo/strops/v3/strops.go:3667.2,3678.11 5 1
github.com/MikeAustin71/stringopsgo/strops/v3/strops.go:3663.33,3665.3 1 1
github.com/MikeAustin71/stringopsgo/strops/v3/strops.go:3719.21,3721.33 1 1
github.com/MikeAustin71/stringopsgo/strops/v3/strops.go:3725.2,3731.44 4 1
github.com/MikeAustin71/stringopsgo/strops/v3/strops.go:3721.33,3723.3 1 0
github.com/MikeAustin71/stringopsgo/strops/v3/strops.go:3745.56,3747.33 1 1
github.com/MikeAustin71/stringopsgo/strops/v3/strops.go:3751.2,3760.21 4 1
github.com/MikeAustin71/stringopsgo/strops/v3/strops.go:3747.33,3749.3 1 0
github.com/MikeAustin71/stringopsgo/strops/v3/stropsmolecule.go:89.9,91.30 1 1
github.com/MikeAustin71/stringopsgo/strops/v3/stropsmolecule.go:95.2,99.22 3 1
github.com/MikeAustin71/stringopsgo/strops/v3/stropsmolecule.go:103.2,106.48 3 1
github.com/MikeAustin71/stringopsgo/strops/v3/stropsmolecule.go:114.2,116.21 2 1
github.com/MikeAustin71/stringopsgo/strops/v3/stropsmolecule.go:125.2,125.22 1 1
github.com/MikeAustin71/stringopsgo/strops/v3/stropsmolecule.go:129.2,137.21 5 1
github.com/MikeAustin71/stringopsgo/strops/v3/stropsmolecule.go:141.2,141.52 1 1
github.com/MikeAustin71/stringopsgo/strops/v3/stropsmolecule.go:91.30,93.3 1 1
github.com/MikeAustin71/stringopsgo/strops/v3/stropsmolecule.go:99.22,101.3 1 1
github.com/MikeAustin71/stringopsgo/strops/v3/stropsmolecule.go:106.48,112.3 1 1
github.com/MikeAustin71/stringopsgo/strops/v3/stropsmolecule.go:116.21,123.3 1 1
github.com/MikeAustin71/stringopsgo/strops/v3/stropsmolecule.go:125.22,127.3 1 1
github.com/MikeAustin71/stringopsgo/strops/v3/stropsmolecule.go:137.21,139.3 1 1
github.com/MikeAustin71/stringopsgo/strops/v3/stropsmolecule.go:223.9,225.30 1 1
github.com/MikeAustin71/stringopsgo/strops/v3/stropsmolecule.go:229.2,233.22 3 1
github.com/MikeAustin71/stringopsgo/strops/v3/stropsmolecule.go:237.2,241.49 3 1
github.com/MikeAustin71/stringopsgo/strops/v3/stropsmolecule.go:248.2,250.24 2 1
github.com/MikeAustin71/stringopsgo/strops/v3/stropsmolecule.go:254.2,254.23 1 1
github.com/MikeAustin71/stringopsgo/strops/v3/stropsmolecule.go:264.2,268.40 3 1
github.com/MikeAustin71/stringopsgo/strops/v3/stropsmolecule.go:225.30,227.3 1 1
github.com/MikeAustin71/stringopsgo/strops/v3/stropsmolecule.go:233.22,235.3 1 1
github.com/MikeAustin71/stringopsgo/strops/v3/stropsmolecule.go:241.49,246.3 1 1
github.com/MikeAustin71/stringopsgo/strops/v3/stropsmolecule.go:250.24,252.3 1 1
github.com/MikeAustin71/stringopsgo/strops/v3/stropsmolecule.go:254.23,262.3 1 1
github.com/MikeAustin71/stringopsgo/strops/v3/stropsmolecule.go:362.9,364.30 1 1
github.com/MikeAustin71/stringopsgo/strops/v3/stropsmolecule.go:368.2,372.22 3 1
github.com/MikeAustin71/stringopsgo/strops/v3/stropsmolecule.go:376.2,380.48 3 1
github.com/MikeAustin71/stringopsgo/strops/v3/stropsmolecule.go:387.2,389.21 2 1
github.com/MikeAustin71/stringopsgo/strops/v3/stropsmolecule.go:397.2,397.22 1 1
github.com/MikeAustin71/stringopsgo/strops/v3/stropsmolecule.go:401.2,403.41 2 1
github.com/MikeAustin71/stringopsgo/strops/v3/stropsmolecule.go:364.30,366.3 1 1
github.com/MikeAustin71/stringopsgo/strops/v3/stropsmolecule.go:372.22,374.3 1 1
github.com/MikeAustin71/stringopsgo/strops/v3/stropsmolecule.go:380.48,385.3 1 1
github.com/MikeAustin71/stringopsgo/strops/v3/stropsmolecule.go:389.21,395.3 1 1
github.com/MikeAustin71/stringopsgo/strops/v3/stropsmolecule.go:397.22,399.3 1 1
github.com/MikeAustin71/stringopsgo/strops/v3/stropsmolecule.go:493.9,495.30 1 1
github.com/MikeAustin71/stringopsgo/strops/v3/stropsmolecule.go:499.2,503.22 3 1
github.com/MikeAustin71/stringopsgo/strops/v3/stropsmolecule.go:507.2,511.49 3 1
github.com/MikeAustin71/stringopsgo/strops/v3/stropsmolecule.go:519.2,521.24 2 1
github.com/MikeAustin71/stringopsgo/strops/v3/stropsmolecule.go:525.2,525.23 1 1
github.com/MikeAustin71/stringopsgo/strops/v3/stropsmolecule.go:536.2,540.39 3 1
github.com/MikeAustin71/stringopsgo/strops/v3/stropsmolecule.go:495.30,497.3 1 1
github.com/MikeAustin71/stringopsgo/strops/v3/stropsmolecule.go:503.22,505.3 1 1
github.com/MikeAustin71/stringopsgo/strops/v3/stropsmolecule.go:511.49,517.3 1 1
github.com/MikeAustin71/stringopsgo/strops/v3/stropsmolecule.go:521.24,523.3 1 1
github.com/MikeAustin71/stringopsgo/strops/v3/stropsmolecule.go:525.23,533.3 1 1
github.com/MikeAustin71/stringopsgo/strops/v3/stropsnumstrprofiledto.go:20.57,32.2 10 1
github.com/MikeAustin71/stringopsgo/strops/v3/stropsquark.go:77.25,79.27 1 1
github.com/MikeAustin71/stringopsgo/strops/v3/stropsquark.go:83.2,87.22 3 1
github.com/MikeAustin71/stringopsgo/strops/v3/stropsquark.go:91.2,95.31 3 1
github.com/MikeAustin71/stringopsgo/strops/v3/stropsquark.go:99.2,102.44 3 1
github.com/MikeAustin71/stringopsgo/strops/v3/stropsquark.go:155.2,155.19 1 1
github.com/MikeAustin71/stringopsgo/strops/v3/stropsquark.go:79.27,81.3 1 1
github.com/MikeAustin71/stringopsgo/strops/v3/stropsquark.go:87.22,89.3 1 1
github.com/MikeAustin71/stringopsgo/strops/v3/stropsquark.go:95.31,97.3 1 1
github.com/MikeAustin71/stringopsgo/strops/v3/stropsquark.go:102.44,105.16 2 1
github.com/MikeAustin71/stringopsgo/strops/v3/stropsquark.go:106.10,107.27 1 1
github.com/MikeAustin71/stringopsgo/strops/v3/stropsquark.go:108.10,109.26 1 1
github.com/MikeAustin71/stringopsgo/strops/v3/stropsquark.go:110.10,111.26 1 1
github.com/MikeAustin71/stringopsgo/strops/v3/stropsquark.go:112.10,113.26 1 1
github.com/MikeAustin71/stringopsgo/strops/v3/stropsquark.go:114.10,115.26 1 1
github.com/MikeAustin71/stringopsgo/strops/v3/stropsquark.go:116.10,117.26 1 1
github.com/MikeAustin71/stringopsgo/strops/v3/stropsquark.go:118.10,119.26 1 1
github.com/MikeAustin71/stringopsgo/strops/v3/stropsquark.go:120.13,121.24 1 1
github.com/MikeAustin71/stringopsgo/strops/v3/stropsquark.go:122.13,123.24 1 1
github.com/MikeAustin71/stringopsgo/strops/v3/stropsquark.go:124.13,125.24 1 1
github.com/MikeAustin71/stringopsgo/strops/v3/stropsquark.go:126.13,127.24 1 1
github.com/MikeAustin71/stringopsgo/strops/v3/stropsquark.go:128.13,129.24 1 1
github.com/MikeAustin71/stringopsgo/strops/v3/stropsquark.go:130.13,131.24 1 1
github.com/MikeAustin71/stringopsgo/strops/v3/stropsquark.go:132.13,133.24 1 1
github.com/MikeAustin71/stringopsgo/strops/v3/stropsquark.go:134.11,135.25 1 1
github.com/MikeAustin71/stringopsgo/strops/v3/stropsquark.go:136.11,137.25 1 1
github.com/MikeAustin71/stringopsgo/strops/v3/stropsquark.go:138.13,139.23 1 1
github.com/MikeAustin71/stringopsgo/strops/v3/stropsquark.go:140.12,142.20 1 1
github.com/MikeAustin71/stringopsgo/strops/v3/stropsquark.go:148.11,149.22 1 1
github.com/MikeAustin71/stringopsgo/strops/v3/stropsquark.go:142.20,144.5 1 1
github.com/MikeAustin71/stringopsgo/strops/v3/stropsquark.go:144.10,146.5 1 1
github.com/MikeAustin71/stringopsgo/strops/v3/stropsquark.go:164.22,166.27 1 1
github.com/MikeAustin71/stringopsgo/strops/v3/stropsquark.go:170.2,175.21 4 1
github.com/MikeAustin71/stringopsgo/strops/v3/stropsquark.go:179.2,181.29 2 1
github.com/MikeAustin71/stringopsgo/strops/v3/stropsquark.go:185.2,185.14 1 1
github.com/MikeAustin71/stringopsgo/strops/v3/stropsquark.go:166.27,168.3 1 1
github.com/MikeAustin71/stringopsgo/strops/v3/stropsquark.go:175.21,177.3 1 1
github.com/MikeAustin71/stringopsgo/strops/v3/stropsquark.go:181.29,183.3 1 1
github.com/MikeAustin71/stringopsgo/strops/v3/stropsquark.go:212.9,214.27 1 1
github.com/MikeAustin71/stringopsgo/strops/v3/stropsquark.go:218.2,222.22 3 1
github.com/MikeAustin71/stringopsgo/strops/v3/stropsquark.go:226.2,230.23 3 1
github.com/MikeAustin71/stringopsgo/strops/v3/stropsquark.go:237.2,237.18 1 1
github.com/MikeAustin71/stringopsgo/strops/v3/stropsquark.go:244.2,244.16 1 1
github.com/MikeAustin71/stringopsgo/strops/v3/stropsquark.go:251.2,251.28 1 1
github.com/MikeAustin71/stringopsgo/strops/v3/stropsquark.go:260.2,260.23 1 1
github.com/MikeAustin71/stringopsgo/strops/v3/stropsquark.go:268.2,270.21 2 1
github.com/MikeAustin71/stringopsgo/strops/v3/stropsquark.go:279.2,279.16 1 1
github.com/MikeAustin71/stringopsgo/strops/v3/stropsquark.go:214.27,216.3 1 1
github.com/MikeAustin71/stringopsgo/strops/v3/stropsquark.go:222.22,224.3 1 1
github.com/MikeAustin71/stringopsgo/strops/v3/stropsquark.go:230.23,235.3 1 1
github.com/MikeAustin71/stringopsgo/strops/v3/stropsquark.go:237.18,242.3 1 1
github.com/MikeAustin71/stringopsgo/strops/v3/stropsquark.go:244.16,249.3 1 1
github.com/MikeAustin71/stringopsgo/strops/v3/stropsquark.go:251.28,258.3 1 1
github.com/MikeAustin71/stringopsgo/strops/v3/stropsquark.go:260.23,266.3 1 1
github.com/MikeAustin71/stringopsgo/strops/v3/stropsquark.go:270.21,272.31 1 1
github.com/MikeAustin71/stringopsgo/strops/v3/stropsquark.go:276.3,276.11 1 1
github.com/MikeAustin71/stringopsgo/strops/v3/stropsquark.go:272.31,274.4 1 1
github.com/MikeAustin71/stringopsgo/strops/v3/stropsquark.go:359.9,361.27 1 1
github.com/MikeAustin71/stringopsgo/strops/v3/stropsquark.go:365.2,369.22 3 1
github.com/MikeAustin71/stringopsgo/strops/v3/stropsquark.go:373.2,377.23 3 1
github.com/MikeAustin71/stringopsgo/strops/v3/stropsquark.go:384.2,384.18 1 1
github.com/MikeAustin71/stringopsgo/strops/v3/stropsquark.go:391.2,391.16 1 1
github.com/MikeAustin71/stringopsgo/strops/v3/stropsquark.go:398.2,398.28 1 1
github.com/MikeAustin71/stringopsgo/strops/v3/stropsquark.go:408.2,408.23 1 1
github.com/MikeAustin71/stringopsgo/strops/v3/stropsquark.go:416.2,416.25 1 1
github.com/MikeAustin71/stringopsgo/strops/v3/stropsquark.go:425.2,425.16 1 1
github.com/MikeAustin71/stringopsgo/strops/v3/stropsquark.go:361.27,363.3 1 1
github.com/MikeAustin71/stringopsgo/strops/v3/stropsquark.go:369.22,371.3 1 1
github.com/MikeAustin71/stringopsgo/strops/v3/stropsquark.go:377.23,382.3 1 1
github.com/MikeAustin71/stringopsgo/strops/v3/stropsquark.go:384.18,389.3 1 1
github.com/MikeAustin71/stringopsgo/strops/v3/stropsquark.go:391.16,396.3 1 1
github.com/MikeAustin71/stringopsgo/strops/v3/stropsquark.go:398.28,406.3 1 1
github.com/MikeAustin71/stringopsgo/strops/v3/stropsquark.go:408.23,414.3 1 1
github.com/MikeAustin71/stringopsgo/strops/v3/stropsquark.go:416.25,418.31 1 1
github.com/MikeAustin71/stringopsgo/strops/v3/stropsquark.go:422.3,422.11 1 1
github.com/MikeAustin71/stringopsgo/strops/v3/stropsquark.go:418.31,420.4 1 1
github.com/MikeAustin71/stringopsgo/strops/v3/stropsquark.go:548.13,550.27 1 1
github.com/MikeAustin71/stringopsgo/strops/v3/stropsquark.go:554.2,558.22 3 1
github.com/MikeAustin71/stringopsgo/strops/v3/stropsquark.go:562.2,571.23 7 1
github.com/MikeAustin71/stringopsgo/strops/v3/stropsquark.go:584.2,584.20 1 1
github.com/MikeAustin71/stringopsgo/strops/v3/stropsquark.go:598.2,598.18 1 1
github.com/MikeAustin71/stringopsgo/strops/v3/stropsquark.go:612.2,612.30 1 1
github.com/MikeAustin71/stringopsgo/strops/v3/stropsquark.go:629.2,629.27 1 1
github.com/MikeAustin71/stringopsgo/strops/v3/stropsquark.go:643.2,653.28 7 1
github.com/MikeAustin71/stringopsgo/strops/v3/stropsquark.go:675.2,675.24 1 1
github.com/MikeAustin71/stringopsgo/strops/v3/stropsquark.go:702.2,702.17 1 1
github.com/MikeAustin71/stringopsgo/strops/v3/stropsquark.go:714.2,714.18 1 1
github.com/MikeAustin71/stringopsgo/strops/v3/stropsquark.go:726.2,732.6 2 1
github.com/MikeAustin71/stringopsgo/strops/v3/stropsquark.go:550.27,552.3 1 1
github.com/MikeAustin71/stringopsgo/strops/v3/stropsquark.go:558.22,560.3 1 1
github.com/MikeAustin71/stringopsgo/strops/v3/stropsquark.go:571.23,582.3 2 1
github.com/MikeAustin71/stringopsgo/strops/v3/stropsquark.go:584.20,596.3 2 1
github.com/MikeAustin71/stringopsgo/strops/v3/stropsquark.go:598.18,610.3 2 1
github.com/MikeAustin71/stringopsgo/strops/v3/stropsquark.go:612.30,627.3 2 1
github.com/MikeAustin71/stringopsgo/strops/v3/stropsquark.go:629.27,641.3 2 1
github.com/MikeAustin71/stringopsgo/strops/v3/stropsquark.go:653.28,658.35 3 1
github.com/MikeAustin71/stringopsgo/strops/v3/stropsquark.go:666.3,672.7 2 1
github.com/MikeAustin71/stringopsgo/strops/v3/stropsquark.go:658.35,661.4 2 1
github.com/MikeAustin71/stringopsgo/strops/v3/stropsquark.go:661.9,664.4 2 1
github.com/MikeAustin71/stringopsgo/strops/v3/stropsquark.go:675.24,677.28 1 1
github.com/MikeAustin71/stringopsgo/strops/v3/stropsquark.go:683.3,684.26 1 1
github.com/MikeAustin71/stringopsgo/strops/v3/stropsquark.go:692.3,693.26 1 1
github.com/MikeAustin71/stringopsgo/strops/v3/stropsquark.go:699.3,699.8 1 1
github.com/MikeAustin71/stringopsgo/strops/v3/stropsquark.go:677.28,679.4 1 1
github.com/MikeAustin71/stringopsgo/strops/v3/stropsquark.go:679.9,681.4 1 1
github.com/MikeAustin71/stringopsgo/strops/v3/stropsquark.go:684.26,689.12 4 1
github.com/MikeAustin71/stringopsgo/strops/v3/stropsquark.go:693.26,696.9 2 1
github.com/MikeAustin71/stringopsgo/strops/v3/stropsquark.go:702.17,712.3 5 1
github.com/MikeAustin71/stringopsgo/strops/v3/stropsquark.go:714.18,724.3 5 1
github.com/MikeAustin71/stringopsgo/strops/v3/stropsquark.go:749.22,751.27 1 1
github.com/MikeAustin71/stringopsgo/strops/v3/stropsquark.go:755.2,761.38 4 1
github.com/MikeAustin71/stringopsgo/strops/v3/stropsquark.go:751.27,753.3 1 1
github.com/MikeAustin71/stringopsgo/strops/v3/stropsquark.go:795.24,797.27 1 1
github.com/MikeAustin71/stringopsgo/strops/v3/stropsquark.go:801.2,805.31 3 1
github.com/MikeAustin71/stringopsgo/strops/v3/stropsquark.go:797.27,799.3 1 1
github.com/MikeAustin71/stringopsgo/strops/v3/stropsquark.go:837.24,839.27 1 1
github.com/MikeAustin71/stringopsgo/strops/v3/stropsquark.go:843.2,847.42 3 1
github.com/MikeAustin71/stringopsgo/strops/v3/stropsquark.go:839.27,841.3 1 1
github.com/MikeAustin71/stringopsgo/strops/v3/stropsquark.go:907.9,909.27 1 1
github.com/MikeAustin71/stringopsgo/strops/v3/stropsquark.go:913.2,923.25 6 1
github.com/MikeAustin71/stringopsgo/strops/v3/stropsquark.go:930.2,932.24 2 1
github.com/MikeAustin71/stringopsgo/strops/v3/stropsquark.go:939.2,939.38 1 1
github.com/MikeAustin71/stringopsgo/strops/v3/stropsquark.go:950.2,950.20 1 1
github.com/MikeAustin71/stringopsgo/strops/v3/stropsquark.go:909.27,911.3 1 1
github.com/MikeAustin71/stringopsgo/strops/v3/stropsquark.go:923.25,928.3 1 1
github.com/MikeAustin71/stringopsgo/strops/v3/stropsquark.go:932.24,937.3 1 1
github.com/MikeAustin71/stringopsgo/strops/v3/stropsquark.go:939.38,941.38 1 1
github.com/MikeAustin71/stringopsgo/strops/v3/stropsquark.go:941.38,942.39 1 1
github.com/MikeAustin71/stringopsgo/strops/v3/stropsquark.go:942.39,944.10 2 1
github.com/MikeAustin71/stringopsgo/strops/v3/stropsquark.go:1006.9,1008.27 1 1
github.com/MikeAustin71/stringopsgo/strops/v3/stropsquark.go:1012.2,1016.22 3 1
github.com/MikeAustin71/stringopsgo/strops/v3/stropsquark.go:1020.2,1026.25 4 1
github.com/MikeAustin71/stringopsgo/strops/v3/stropsquark.go:1033.2,1035.24 2 1
github.com/MikeAustin71/stringopsgo/strops/v3/stropsquark.go:1042.2,1042.38 1 1
github.com/MikeAustin71/stringopsgo/strops/v3/stropsquark.go:1052.2,1052.20 1 1
github.com/MikeAustin71/stringopsgo/strops/v3/stropsquark.go:1008.27,1010.3 1 1
github.com/MikeAustin71/stringopsgo/strops/v3/stropsquark.go:1016.22,1018.3 1 1
github.com/MikeAustin71/stringopsgo/strops/v3/stropsquark.go:1026.25,1031.3 1 1
github.com/MikeAustin71/stringopsgo/strops/v3/stropsquark.go:1035.24,1040.3 1 1
github.com/MikeAustin71/stringopsgo/strops/v3/stropsquark.go:1042.38,1044.38 1 1
github.com/MikeAustin71/stringopsgo/strops/v3/stropsquark.go:1044.38,1045.39 1 1
github.com/MikeAustin71/stringopsgo/strops/v3/stropsquark.go:1045.39,1047.10 2 1
github.com/MikeAustin71/stringopsgo/strops/v3/stropsquark.go:1059.25,1061.27 1 1
github.com/MikeAustin71/stringopsgo/strops/v3/stropsquark.go:1065.2,1071.33 4 1
github.com/MikeAustin71/stringopsgo/strops/v3/stropsquark.go:1077.2,1077.13 1 1
github.com/MikeAustin71/stringopsgo/strops/v3/stropsquark.go:1061.27,1063.3 1 1
github.com/MikeAustin71/stringopsgo/strops/v3/stropsquark.go:1071.33,1072.26 1 1
github.com/MikeAustin71/stringopsgo/strops/v3/stropsquark.go:1072.26,1074.4 1 1
github.com/MikeAustin71/stringopsgo/strops/v3/stropsquark.go:1084.21,1086.27 1 1
github.com/MikeAustin71/stringopsgo/strops/v3/stropsquark.go:1090.2,1094.19 3 1
github.com/MikeAustin71/stringopsgo/strops/v3/stropsquark.go:1098.2,1100.36 2 1
github.com/MikeAustin71/stringopsgo/strops/v3/stropsquark.go:1123.2,1123.24 1 1
github.com/MikeAustin71/stringopsgo/strops/v3/stropsquark.go:1086.27,1088.3 1 1
github.com/MikeAustin71/stringopsgo/strops/v3/stropsquark.go:1094.19,1096.3 1 1
github.com/MikeAustin71/stringopsgo/strops/v3/stropsquark.go:1100.36,1102.24 1 1
github.com/MikeAustin71/stringopsgo/strops/v3/stropsquark.go:1106.3,1108.22 1 1
github.com/MikeAustin71/stringopsgo/strops/v3/stropsquark.go:1102.24,1103.12 1 1
github.com/MikeAustin71/stringopsgo/strops/v3/stropsquark.go:1108.22,1112.9 2 1
github.com/MikeAustin71/stringopsgo/strops/v3/stropsquark.go:1114.9,1116.22 1 1
github.com/MikeAustin71/stringopsgo/strops/v3/stropsquark.go:1116.22,1118.9 1 1
github.com/MikeAustin71/stringopsgo/strops/v3/stropsquark.go:1187.9,1189.27 1 1
github.com/MikeAustin71/stringopsgo/strops/v3/stropsquark.go:1193.2,1197.22 3 1
github.com/MikeAustin71/stringopsgo/strops/v3/stropsquark.go:1201.2,1203.16 2 1
github.com/MikeAustin71/stringopsgo/strops/v3/stropsquark.go:1209.2,1209.19 1 1
github.com/MikeAustin71/stringopsgo/strops/v3/stropsquark.go:1215.2,1218.30 3 1
github.com/MikeAustin71/stringopsgo/strops/v3/stropsquark.go:1232.2,1232.24 1 1
github.com/MikeAustin71/stringopsgo/strops/v3/stropsquark.go:1189.27,1191.3 1 1
github.com/MikeAustin71/stringopsgo/strops/v3/stropsquark.go:1197.22,1199.3 1 1
github.com/MikeAustin71/stringopsgo/strops/v3/stropsquark.go:1203.16,1207.3 1 1
github.com/MikeAustin71/stringopsgo/strops/v3/stropsquark.go:1209.19,1213.3 1 1
github.com/MikeAustin71/stringopsgo/strops/v3/stropsquark.go:1218.30,1222.17 2 1
github.com/MikeAustin71/stringopsgo/strops/v3/stropsquark.go:1222.17,1229.4 1 0
github.com/MikeAustin71/stringopsgo/strops/v3/stropsquark.go:1308.13,1310.27 1 1
github.com/MikeAustin71/stringopsgo/strops/v3/stropsquark.go:1314.2,1318.22 3 1
github.com/MikeAustin71/stringopsgo/strops/v3/stropsquark.go:1322.2,1324.25 2 1
github.com/MikeAustin71/stringopsgo/strops/v3/stropsquark.go:1331.2,1331.23 1 1
github.com/MikeAustin71/stringopsgo/strops/v3/stropsquark.go:1339.2,1339.32 1 1
github.com/MikeAustin71/stringopsgo/strops/v3/stropsquark.go:1346.2,1348.30 2 1
github.com/MikeAustin71/stringopsgo/strops/v3/stropsquark.go:1364.2,1366.36 2 1
github.com/MikeAustin71/stringopsgo/strops/v3/stropsquark.go:1310.27,1312.3 1 1
github.com/MikeAustin71/stringopsgo/strops/v3/stropsquark.go:1318.22,1320.3 1 1
github.com/MikeAustin71/stringopsgo/strops/v3/stropsquark.go:1324.25,1329.3 2 1
github.com/MikeAustin71/stringopsgo/strops/v3/stropsquark.go:1331.23,1337.3 2 1
github.com/MikeAustin71/stringopsgo/strops/v3/stropsquark.go:1339.32,1344.3 2 1
github.com/MikeAustin71/stringopsgo/strops/v3/stropsquark.go:1348.30,1351.44 1 1
github.com/MikeAustin71/stringopsgo/strops/v3/stropsquark.go:1356.3,1356.24 1 1
github.com/MikeAustin71/stringopsgo/strops/v3/stropsquark.go:1361.3,1361.35 1 1
github.com/MikeAustin71/stringopsgo/strops/v3/stropsquark.go:1351.44,1353.12 2 1
github.com/MikeAustin71/stringopsgo/strops/v3/stropsquark.go:1356.24,1358.12 2 1
github.com/MikeAustin71/stringopsgo/strops/v3/stropsquark.go:1442.9,1444.27 1 1
github.com/MikeAustin71/stringopsgo/strops/v3/stropsquark.go:1448.2,1452.22 3 1
github.com/MikeAustin71/stringopsgo/strops/v3/stropsquark.go:1456.2,1459.27 3 1
github.com/MikeAustin71/stringopsgo/strops/v3/stropsquark.go:1467.2,1467.28 1 1
github.com/MikeAustin71/stringopsgo/strops/v3/stropsquark.go:1475.2,1475.25 1 1
github.com/MikeAustin71/stringopsgo/strops/v3/stropsquark.go:1479.2,1489.40 8 1
github.com/MikeAustin71/stringopsgo/strops/v3/stropsquark.go:1520.2,1520.42 1 1
github.com/MikeAustin71/stringopsgo/strops/v3/stropsquark.go:1444.27,1446.3 1 1
github.com/MikeAustin71/stringopsgo/strops/v3/stropsquark.go:1452.22,1454.3 1 0
github.com/MikeAustin71/stringopsgo/strops/v3/stropsquark.go:1459.27,1465.3 2 0
github.com/MikeAustin71/stringopsgo/strops/v3/stropsquark.go:1467.28,1473.3 2 0
github.com/MikeAustin71/stringopsgo/strops/v3/stropsquark.go:1475.25,1477.3 1 1
github.com/MikeAustin71/stringopsgo/strops/v3/stropsquark.go:1489.40,1493.33 1 1
github.com/MikeAustin71/stringopsgo/strops/v3/stropsquark.go:1493.33,1497.40 2 1
github.com/MikeAustin71/stringopsgo/strops/v3/stropsquark.go:1506.4,1506.42 1 1
github.com/MikeAustin71/stringopsgo/strops/v3/stropsquark.go:1513.4,1513.12 1 1
github.com/MikeAustin71/stringopsgo/strops/v3/stropsquark.go:1497.40,1499.53 1 0
github.com/MikeAustin71/stringopsgo/strops/v3/stropsquark.go:1499.53,1501.6 1 0
github.com/MikeAustin71/stringopsgo/strops/v3/stropsquark.go:1501.11,1502.11 1 0
github.com/MikeAustin71/stringopsgo/strops/v3/stropsquark.go:1506.42,1509.5 2 1
github.com/MikeAustin71/stringopsgo/strops/v3/stropsquark.go:1509.10,1511.5 1 0
github.com/MikeAustin71/stringopsgo/strops/v3/stropsquark.go:1515.9,1517.4 1 1
github.com/MikeAustin71/stringopsgo/strops/v3/stropsquark.go:1584.9,1586.27 1 1
github.com/MikeAustin71/stringopsgo/strops/v3/stropsquark.go:1590.2,1594.22 3 1
github.com/MikeAustin71/stringopsgo/strops/v3/stropsquark.go:1598.2,1604.20 4 1
github.com/MikeAustin71/stringopsgo/strops/v3/stropsquark.go:1611.2,1613.25 2 1
github.com/MikeAustin71/stringopsgo/strops/v3/stropsquark.go:1620.2,1620.38 1 1
github.com/MikeAustin71/stringopsgo/strops/v3/stropsquark.go:1633.2,1633.33 1 1
github.com/MikeAustin71/stringopsgo/strops/v3/stropsquark.go:1656.2,1656.20 1 1
github.com/MikeAustin71/stringopsgo/strops/v3/stropsquark.go:1586.27,1588.3 1 1
github.com/MikeAustin71/stringopsgo/strops/v3/stropsquark.go:1594.22,1596.3 1 1
github.com/MikeAustin71/stringopsgo/strops/v3/stropsquark.go:1604.20,1609.3 1 1
github.com/MikeAustin71/stringopsgo/strops/v3/stropsquark.go:1613.25,1618.3 1 1
github.com/MikeAustin71/stringopsgo/strops/v3/stropsquark.go:1620.38,1622.35 1 1
github.com/MikeAustin71/stringopsgo/strops/v3/stropsquark.go:1622.35,1629.4 1 1
github.com/MikeAustin71/stringopsgo/strops/v3/stropsquark.go:1633.33,1637.39 2 1
github.com/MikeAustin71/stringopsgo/strops/v3/stropsquark.go:1650.3,1650.24 1 1
github.com/MikeAustin71/stringopsgo/strops/v3/stropsquark.go:1637.39,1639.48 1 1
github.com/MikeAustin71/stringopsgo/strops/v3/stropsquark.go:1639.48,1641.36 1 1
github.com/MikeAustin71/stringopsgo/strops/v3/stropsquark.go:1645.5,1646.10 2 1
github.com/MikeAustin71/stringopsgo/strops/v3/stropsquark.go:1641.36,1643.6 1 1
github.com/MikeAustin71/stringopsgo/strops/v3/stropsquark.go:1650.24,1652.4 1 1
github.com/MikeAustin71/stringopsgo/strops/v3/stropsquark.go:1740.9,1742.27 1 0
github.com/MikeAustin71/stringopsgo/strops/v3/stropsquark.go:1746.2,1750.22 3 0
github.com/MikeAustin71/stringopsgo/strops/v3/stropsquark.go:1754.2,1757.25 3 0
github.com/MikeAustin71/stringopsgo/strops/v3/stropsquark.go:1764.2,1764.24 1 0
github.com/MikeAustin71/stringopsgo/strops/v3/stropsquark.go:1772.2,1772.26 1 0
github.com/MikeAustin71/stringopsgo/strops/v3/stropsquark.go:1780.2,1780.31 1 0
github.com/MikeAustin71/stringopsgo/strops/v3/stropsquark.go:1787.2,1791.30 3 0
github.com/MikeAustin71/stringopsgo/strops/v3/stropsquark.go:1805.2,1805.50 1 0
github.com/MikeAustin71/stringopsgo/strops/v3/stropsquark.go:1742.27,1744.3 1 0
github.com/MikeAustin71/stringopsgo/strops/v3/stropsquark.go:1750.22,1752.3 1 0
github.com/MikeAustin71/stringopsgo/strops/v3/stropsquark.go:1757.25,1762.3 2 0
github.com/MikeAustin71/stringopsgo/strops/v3/stropsquark.go:1764.24,1770.3 2 0
github.com/MikeAustin71/stringopsgo/strops/v3/stropsquark.go:1772.26,1778.3 2 0
github.com/MikeAustin71/stringopsgo/strops/v3/stropsquark.go:1780.31,1785.3 2 0
github.com/MikeAustin71/stringopsgo/strops/v3/stropsquark.go:1791.30,1794.46 1 0
github.com/MikeAustin71/stringopsgo/strops/v3/stropsquark.go:1798.3,1798.25 1 0
github.com/MikeAustin71/stringopsgo/strops/v3/stropsquark.go:1794.46,1795.9 1 0
github.com/MikeAustin71/stringopsgo/strops/v3/stropsquark.go:1798.25,1801.4 2 0
github.com/MikeAustin71/stringopsgo/strops/v3/stropsquark.go:1889.9,1891.27 1 1
github.com/MikeAustin71/stringopsgo/strops/v3/stropsquark.go:1895.2,1899.22 3 1
github.com/MikeAustin71/stringopsgo/strops/v3/stropsquark.go:1903.2,1909.27 4 1
github.com/MikeAustin71/stringopsgo/strops/v3/stropsquark.go:1917.2,1917.28 1 1
github.com/MikeAustin71/stringopsgo/strops/v3/stropsquark.go:1925.2,1925.30 1 1
github.com/MikeAustin71/stringopsgo/strops/v3/stropsquark.go:1933.2,1933.29 1 1
github.com/MikeAustin71/stringopsgo/strops/v3/stropsquark.go:1937.2,1948.40 9 1
github.com/MikeAustin71/stringopsgo/strops/v3/stropsquark.go:1982.2,1982.46 1 1
github.com/MikeAustin71/stringopsgo/strops/v3/stropsquark.go:1891.27,1893.3 1 1
github.com/MikeAustin71/stringopsgo/strops/v3/stropsquark.go:1899.22,1901.3 1 0
github.com/MikeAustin71/stringopsgo/strops/v3/stropsquark.go:1909.27,1915.3 2 0
github.com/MikeAustin71/stringopsgo/strops/v3/stropsquark.go:1917.28,1923.3 2 0
github.com/MikeAustin71/stringopsgo/strops/v3/stropsquark.go:1925.30,1931.3 2 0
github.com/MikeAustin71/stringopsgo/strops/v3/stropsquark.go:1933.29,1935.3 1 1
github.com/MikeAustin71/stringopsgo/strops/v3/stropsquark.go:1948.40,1952.41 1 1
github.com/MikeAustin71/stringopsgo/strops/v3/stropsquark.go:1952.41,1956.40 2 1
github.com/MikeAustin71/stringopsgo/strops/v3/stropsquark.go:1965.4,1965.42 1 1
github.com/MikeAustin71/stringopsgo/strops/v3/stropsquark.go:1975.4,1975.12 1 1
github.com/MikeAustin71/stringopsgo/strops/v3/stropsquark.go:1956.40,1958.45 1 0
github.com/MikeAustin71/stringopsgo/strops/v3/stropsquark.go:1958.45,1960.6 1 0
github.com/MikeAustin71/stringopsgo/strops/v3/stropsquark.go:1960.11,1961.11 1 0
github.com/MikeAustin71/stringopsgo/strops/v3/stropsquark.go:1965.42,1971.5 3 1
github.com/MikeAustin71/stringopsgo/strops/v3/stropsquark.go:1971.10,1973.5 1 0
github.com/MikeAustin71/stringopsgo/strops/v3/stropsquark.go:1977.9,1979.4 1 1
github.com/MikeAustin71/stringopsgo/strops/v3/stropsquark.go:2049.14,2051.27 1 1
github.com/MikeAustin71/stringopsgo/strops/v3/stropsquark.go:2055.2,2062.17 5 1
github.com/MikeAustin71/stringopsgo/strops/v3/stropsquark.go:2066.2,2068.22 2 1
github.com/MikeAustin71/stringopsgo/strops/v3/stropsquark.go:2072.2,2077.6 4 1
github.com/MikeAustin71/stringopsgo/strops/v3/stropsquark.go:2120.2,2120.25 1 1
github.com/MikeAustin71/stringopsgo/strops/v3/stropsquark.go:2051.27,2053.3 1 1
github.com/MikeAustin71/stringopsgo/strops/v3/stropsquark.go:2062.17,2064.3 1 1
github.com/MikeAustin71/stringopsgo/strops/v3/stropsquark.go:2068.22,2070.3 1 1
github.com/MikeAustin71/stringopsgo/strops/v3/stropsquark.go:2077.6,2081.36 2 1
github.com/MikeAustin71/stringopsgo/strops/v3/stropsquark.go:2113.3,2113.51 1 1
github.com/MikeAustin71/stringopsgo/strops/v3/stropsquark.go:2081.36,2083.8 1 1
github.com/MikeAustin71/stringopsgo/strops/v3/stropsquark.go:2106.4,2108.19 2 1
github.com/MikeAustin71/stringopsgo/strops/v3/stropsquark.go:2083.8,2087.25 2 1
github.com/MikeAustin71/stringopsgo/strops/v3/stropsquark.go:2091.5,2095.34 4 1
github.com/MikeAustin71/stringopsgo/strops/v3/stropsquark.go:2103.5,2103.32 1 1
github.com/MikeAustin71/stringopsgo/strops/v3/stropsquark.go:2087.25,2088.11 1 1
github.com/MikeAustin71/stringopsgo/strops/v3/stropsquark.go:2095.34,2098.6 1 0
github.com/MikeAustin71/stringopsgo/strops/v3/stropsquark.go:2098.11,2101.6 1 1
github.com/MikeAustin71/stringopsgo/strops/v3/stropsquark.go:2108.19,2109.14 1 0
github.com/MikeAustin71/stringopsgo/strops/v3/stropsquark.go:2113.51,2114.13 1 1
github.com/MikeAustin71/stringopsgo/strops/v3/stropsquark.go:2202.14,2204.27 1 1
github.com/MikeAustin71/stringopsgo/strops/v3/stropsquark.go:2208.2,2217.22 6 1
github.com/MikeAustin71/stringopsgo/strops/v3/stropsquark.go:2221.2,2221.17 1 1
github.com/MikeAustin71/stringopsgo/strops/v3/stropsquark.go:2225.2,2230.6 4 1
github.com/MikeAustin71/stringopsgo/strops/v3/stropsquark.go:2261.2,2261.25 1 1
github.com/MikeAustin71/stringopsgo/strops/v3/stropsquark.go:2204.27,2206.3 1 1
github.com/MikeAustin71/stringopsgo/strops/v3/stropsquark.go:2217.22,2219.3 1 1
github.com/MikeAustin71/stringopsgo/strops/v3/stropsquark.go:2221.17,2223.3 1 1
github.com/MikeAustin71/stringopsgo/strops/v3/stropsquark.go:2230.6,2234.36 2 1
github.com/MikeAustin71/stringopsgo/strops/v3/stropsquark.go:2254.3,2254.51 1 1
github.com/MikeAustin71/stringopsgo/strops/v3/stropsquark.go:2234.36,2236.8 1 1
github.com/MikeAustin71/stringopsgo/strops/v3/stropsquark.go:2247.4,2249.19 2 1
github.com/MikeAustin71/stringopsgo/strops/v3/stropsquark.go:2236.8,2238.50 1 1
github.com/MikeAustin71/stringopsgo/strops/v3/stropsquark.go:2242.5,2244.32 2 1
github.com/MikeAustin71/stringopsgo/strops/v3/stropsquark.go:2238.50,2239.11 1 1
github.com/MikeAustin71/stringopsgo/strops/v3/stropsquark.go:2249.19,2250.14 1 0
github.com/MikeAustin71/stringopsgo/strops/v3/stropsquark.go:2254.51,2255.13 1 1
github.com/MikeAustin71/stringopsgo/strops/v3/stropsquark.go:2347.14,2349.27 1 1
github.com/MikeAustin71/stringopsgo/strops/v3/stropsquark.go:2353.2,2362.22 6 1
github.com/MikeAustin71/stringopsgo/strops/v3/stropsquark.go:2366.2,2366.17 1 1
github.com/MikeAustin71/stringopsgo/strops/v3/stropsquark.go:2370.2,2373.6 3 1
github.com/MikeAustin71/stringopsgo/strops/v3/stropsquark.go:2412.2,2412.25 1 1
github.com/MikeAustin71/stringopsgo/strops/v3/stropsquark.go:2349.27,2351.3 1 1
github.com/MikeAustin71/stringopsgo/strops/v3/stropsquark.go:2362.22,2364.3 1 1
github.com/MikeAustin71/stringopsgo/strops/v3/stropsquark.go:2366.17,2368.3 1 1
github.com/MikeAustin71/stringopsgo/strops/v3/stropsquark.go:2373.6,2377.36 2 1
github.com/MikeAustin71/stringopsgo/strops/v3/stropsquark.go:2398.3,2400.18 2 1
github.com/MikeAustin71/stringopsgo/strops/v3/stropsquark.go:2404.3,2404.51 1 1
github.com/MikeAustin71/stringopsgo/strops/v3/stropsquark.go:2377.36,2379.8 1 1
github.com/MikeAustin71/stringopsgo/strops/v3/stropsquark.go:2393.4,2393.26 1 1
github.com/MikeAustin71/stringopsgo/strops/v3/stropsquark.go:2379.8,2381.50 1 1
github.com/MikeAustin71/stringopsgo/strops/v3/stropsquark.go:2385.5,2389.32 3 1
github.com/MikeAustin71/stringopsgo/strops/v3/stropsquark.go:2381.50,2382.11 1 1
github.com/MikeAustin71/stringopsgo/strops/v3/stropsquark.go:2393.26,2394.14 1 0
github.com/MikeAustin71/stringopsgo/strops/v3/stropsquark.go:2400.18,2401.13 1 0
github.com/MikeAustin71/stringopsgo/strops/v3/stropsquark.go:2404.51,2405.13 1 1
github.com/MikeAustin71/stringopsgo/strops/v3/stropsquark.go:2521.9,2523.27 1 1
github.com/MikeAustin71/stringopsgo/strops/v3/stropsquark.go:2527.2,2531.22 3 1
github.com/MikeAustin71/stringopsgo/strops/v3/stropsquark.go:2535.2,2537.21 2 1
github.com/MikeAustin71/stringopsgo/strops/v3/stropsquark.go:2541.2,2541.23 1 1
github.com/MikeAustin71/stringopsgo/strops/v3/stropsquark.go:2545.2,2550.29 4 1
github.com/MikeAustin71/stringopsgo/strops/v3/stropsquark.go:2563.2,2563.41 1 1
github.com/MikeAustin71/stringopsgo/strops/v3/stropsquark.go:2523.27,2525.3 1 1
github.com/MikeAustin71/stringopsgo/strops/v3/stropsquark.go:2531.22,2533.3 1 1
github.com/MikeAustin71/stringopsgo/strops/v3/stropsquark.go:2537.21,2539.3 1 1
github.com/MikeAustin71/stringopsgo/strops/v3/stropsquark.go:2541.23,2543.3 1 1
github.com/MikeAustin71/stringopsgo/strops/v3/stropsquark.go:2550.29,2552.37 1 1
github.com/MikeAustin71/stringopsgo/strops/v3/stropsquark.go:2556.3,2556.25 1 1
github.com/MikeAustin71/stringopsgo/strops/v3/stropsquark.go:2552.37,2553.9 1 0
github.com/MikeAustin71/stringopsgo/strops/v3/stropsquark.go:2556.25,2559.4 2 1
github.com/MikeAustin71/stringopsgo/strops/v3/stropsquark.go:2644.13,2646.27 1 1
github.com/MikeAustin71/stringopsgo/strops/v3/stropsquark.go:2650.2,2654.22 3 1
github.com/MikeAustin71/stringopsgo/strops/v3/stropsquark.go:2658.2,2663.21 4 1
github.com/MikeAustin71/stringopsgo/strops/v3/stropsquark.go:2671.2,2671.19 1 1
github.com/MikeAustin71/stringopsgo/strops/v3/stropsquark.go:2679.2,2686.37 7 1
github.com/MikeAustin71/stringopsgo/strops/v3/stropsquark.go:2705.2,2705.25 1 1
github.com/MikeAustin71/stringopsgo/strops/v3/stropsquark.go:2709.2,2709.32 1 1
github.com/MikeAustin71/stringopsgo/strops/v3/stropsquark.go:2713.2,2716.18 3 1
github.com/MikeAustin71/stringopsgo/strops/v3/stropsquark.go:2646.27,2648.3 1 1
github.com/MikeAustin71/stringopsgo/strops/v3/stropsquark.go:2654.22,2656.3 1 1
github.com/MikeAustin71/stringopsgo/strops/v3/stropsquark.go:2663.21,2669.3 2 1
github.com/MikeAustin71/stringopsgo/strops/v3/stropsquark.go:2671.19,2677.3 2 1
github.com/MikeAustin71/stringopsgo/strops/v3/stropsquark.go:2686.37,2688.45 1 1
github.com/MikeAustin71/stringopsgo/strops/v3/stropsquark.go:2692.3,2692.60 1 1
github.com/MikeAustin71/stringopsgo/strops/v3/stropsquark.go:2696.3,2696.36 1 1
github.com/MikeAustin71/stringopsgo/strops/v3/stropsquark.go:2700.3,2702.8 3 1
github.com/MikeAustin71/stringopsgo/strops/v3/stropsquark.go:2688.45,2689.12 1 1
github.com/MikeAustin71/stringopsgo/strops/v3/stropsquark.go:2692.60,2693.12 1 1
github.com/MikeAustin71/stringopsgo/strops/v3/stropsquark.go:2696.36,2697.12 1 1
github.com/MikeAustin71/stringopsgo/strops/v3/stropsquark.go:2705.25,2707.3 1 1
github.com/MikeAustin71/stringopsgo/strops/v3/stropsquark.go:2709.32,2711.3 1 0
github.com/MikeAustin71/stringopsgo/strops/v3/stropsquark.go:2793.13,2795.27 1 1
github.com/MikeAustin71/stringopsgo/strops/v3/stropsquark.go:2799.2,2803.22 3 1
github.com/MikeAustin71/stringopsgo/strops/v3/stropsquark.go:2807.2,2814.23 5 1
github.com/MikeAustin71/stringopsgo/strops/v3/stropsquark.go:2822.2,2822.19 1 1
github.com/MikeAustin71/stringopsgo/strops/v3/stropsquark.go:2830.2,2833.21 3 1
github.com/MikeAustin71/stringopsgo/strops/v3/stropsquark.go:2847.2,2847.30 1 1
github.com/MikeAustin71/stringopsgo/strops/v3/stropsquark.go:2854.2,2857.21 3 1
github.com/MikeAustin71/stringopsgo/strops/v3/stropsquark.go:2866.2,2866.17 1 1
github.com/MikeAustin71/stringopsgo/strops/v3/stropsquark.go:2871.2,2874.18 3 1
github.com/MikeAustin71/stringopsgo/strops/v3/stropsquark.go:2795.27,2797.3 1 1
github.com/MikeAustin71/stringopsgo/strops/v3/stropsquark.go:2803.22,2805.3 1 1
github.com/MikeAustin71/stringopsgo/strops/v3/stropsquark.go:2814.23,2820.3 2 1
github.com/MikeAustin71/stringopsgo/strops/v3/stropsquark.go:2822.19,2828.3 2 1
github.com/MikeAustin71/stringopsgo/strops/v3/stropsquark.go:2833.21,2835.44 1 1
github.com/MikeAustin71/stringopsgo/strops/v3/stropsquark.go:2841.3,2841.31 1 1
github.com/MikeAustin71/stringopsgo/strops/v3/stropsquark.go:2835.44,2837.4 1 1
github.com/MikeAustin71/stringopsgo/strops/v3/stropsquark.go:2837.9,2839.4 1 1
github.com/MikeAustin71/stringopsgo/strops/v3/stropsquark.go:2841.31,2844.4 2 1
github.com/MikeAustin71/stringopsgo/strops/v3/stropsquark.go:2847.30,2852.3 2 0
github.com/MikeAustin71/stringopsgo/strops/v3/stropsquark.go:2857.21,2859.43 1 1
github.com/MikeAustin71/stringopsgo/strops/v3/stropsquark.go:2859.43,2861.4 1 1
github.com/MikeAustin71/stringopsgo/strops/v3/stropsquark.go:2861.9,2863.4 1 1
github.com/MikeAustin71/stringopsgo/strops/v3/stropsquark.go:2866.17,2869.3 2 0
github.com/MikeAustin71/stringopsgo/strops/v3/stropsquark.go:2915.21,2917.27 1 1
github.com/MikeAustin71/stringopsgo/strops/v3/stropsquark.go:2921.2,2925.19 3 1
github.com/MikeAustin71/stringopsgo/strops/v3/stropsquark.go:2929.2,2931.37 2 1
github.com/MikeAustin71/stringopsgo/strops/v3/stropsquark.go:2951.2,2951.25 1 1
github.com/MikeAustin71/stringopsgo/strops/v3/stropsquark.go:2917.27,2919.3 1 1
github.com/MikeAustin71/stringopsgo/strops/v3/stropsquark.go:2925.19,2927.3 1 1
github.com/MikeAustin71/stringopsgo/strops/v3/stropsquark.go:2931.37,2934.25 1 1
github.com/MikeAustin71/stringopsgo/strops/v3/stropsquark.go:2940.3,2940.47 1 1
github.com/MikeAustin71/stringopsgo/strops/v3/stropsquark.go:2934.25,2935.12 1 1
github.com/MikeAustin71/stringopsgo/strops/v3/stropsquark.go:2940.47,2943.9 2 1
github.com/MikeAustin71/stringopsgo/strops/v3/stropsquark.go:2945.9,2945.54 1 1
github.com/MikeAustin71/stringopsgo/strops/v3/stropsquark.go:2945.54,2946.9 1 1
github.com/MikeAustin71/stringopsgo/strops/v3/stropstextjustifyenum.go:91.66,98.2 3 1
github.com/MikeAustin71/stringopsgo/strops/v3/stropstextjustifyenum.go:111.66,118.2 3 1
github.com/MikeAustin71/stringopsgo/strops/v3/stropstextjustifyenum.go:131.67,138.2 3 1
github.com/MikeAustin71/stringopsgo/strops/v3/stropstextjustifyenum.go:152.68,159.2 3 1
github.com/MikeAustin71/stringopsgo/strops/v3/stropstextjustifyenum.go:175.57,184.9 4 0
github.com/MikeAustin71/stringopsgo/strops/v3/stropstextjustifyenum.go:188.2,188.15 1 0
github.com/MikeAustin71/stringopsgo/strops/v3/stropstextjustifyenum.go:184.9,186.3 1 0
github.com/MikeAustin71/stringopsgo/strops/v3/stropstextjustifyenum.go:205.57,212.22 3 1
github.com/MikeAustin71/stringopsgo/strops/v3/stropstextjustifyenum.go:216.2,216.13 1 1
github.com/MikeAustin71/stringopsgo/strops/v3/stropstextjustifyenum.go:212.22,214.3 1 1
github.com/MikeAustin71/stringopsgo/strops/v3/stropstextjustifyenum.go:272.49,280.26 4 0
github.com/MikeAustin71/stringopsgo/strops/v3/stropstextjustifyenum.go:288.2,291.19 3 0
github.com/MikeAustin71/stringopsgo/strops/v3/stropstextjustifyenum.go:314.2,314.36 1 0
github.com/MikeAustin71/stringopsgo/strops/v3/stropstextjustifyenum.go:280.26,286.3 1 0
github.com/MikeAustin71/stringopsgo/strops/v3/stropstextjustifyenum.go:291.19,295.10 2 0
github.com/MikeAustin71/stringopsgo/strops/v3/stropstextjustifyenum.go:295.10,300.4 1 0
github.com/MikeAustin71/stringopsgo/strops/v3/stropstextjustifyenum.go:302.8,306.10 2 0
github.com/MikeAustin71/stringopsgo/strops/v3/stropstextjustifyenum.go:306.10,311.4 1 0
github.com/MikeAustin71/stringopsgo/strops/v3/stropstextjustifyenum.go:324.68,331.2 3 0
github.com/MikeAustin71/stringopsgo/strops/v3/stropstextjustifyenum.go:340.57,347.2 3 1
github.com/MikeAustin71/stringopsgo/strops/v3/stropsatom.go:65.9,67.26 1 1
github.com/MikeAustin71/stringopsgo/strops/v3/stropsatom.go:71.2,75.22 3 1
github.com/MikeAustin71/stringopsgo/strops/v3/stropsatom.go:79.2,83.20 3 1
github.com/MikeAustin71/stringopsgo/strops/v3/stropsatom.go:90.2,90.20 1 1
github.com/MikeAustin71/stringopsgo/strops/v3/stropsatom.go:96.2,96.24 1 1
github.com/MikeAustin71/stringopsgo/strops/v3/stropsatom.go:103.2,105.46 2 1
github.com/MikeAustin71/stringopsgo/strops/v3/stropsatom.go:109.2,118.40 7 1
github.com/MikeAustin71/stringopsgo/strops/v3/stropsatom.go:275.2,275.24 1 1
github.com/MikeAustin71/stringopsgo/strops/v3/stropsatom.go:67.26,69.3 1 1
github.com/MikeAustin71/stringopsgo/strops/v3/stropsatom.go:75.22,77.3 1 1
github.com/MikeAustin71/stringopsgo/strops/v3/stropsatom.go:83.20,88.3 1 1
github.com/MikeAustin71/stringopsgo/strops/v3/stropsatom.go:90.20,94.3 1 1
github.com/MikeAustin71/stringopsgo/strops/v3/stropsatom.go:96.24,101.3 1 1
github.com/MikeAustin71/stringopsgo/strops/v3/stropsatom.go:105.46,107.3 1 1
github.com/MikeAustin71/stringopsgo/strops/v3/stropsatom.go:118.40,127.17 2 1
github.com/MikeAustin71/stringopsgo/strops/v3/stropsatom.go:135.3,135.19 1 1
github.com/MikeAustin71/stringopsgo/strops/v3/stropsatom.go:144.3,144.28 1 1
github.com/MikeAustin71/stringopsgo/strops/v3/stropsatom.go:150.3,152.33 2 1
github.com/MikeAustin71/stringopsgo/strops/v3/stropsatom.go:157.3,164.17 2 1
github.com/MikeAustin71/stringopsgo/strops/v3/stropsatom.go:172.3,172.18 1 1
github.com/MikeAustin71/stringopsgo/strops/v3/stropsatom.go:271.3,271.29 1 1
github.com/MikeAustin71/stringopsgo/strops/v3/stropsatom.go:127.17,133.4 1 0
github.com/MikeAustin71/stringopsgo/strops/v3/stropsatom.go:135.19,137.20 1 1
github.com/MikeAustin71/stringopsgo/strops/v3/stropsatom.go:141.4,141.9 1 1
github.com/MikeAustin71/stringopsgo/strops/v3/stropsatom.go:137.20,139.5 1 0
github.com/MikeAustin71/stringopsgo/strops/v3/stropsatom.go:144.28,147.9 3 0
github.com/MikeAustin71/stringopsgo/strops/v3/stropsatom.go:152.33,154.4 1 1
github.com/MikeAustin71/stringopsgo/strops/v3/stropsatom.go:164.17,170.4 1 0
github.com/MikeAustin71/stringopsgo/strops/v3/stropsatom.go:172.18,177.4 1 0
github.com/MikeAustin71/stringopsgo/strops/v3/stropsatom.go:177.9,177.26 1 1
github.com/MikeAustin71/stringopsgo/strops/v3/stropsatom.go:177.26,181.36 1 1
github.com/MikeAustin71/stringopsgo/strops/v3/stropsatom.go:181.36,188.10 3 1
github.com/MikeAustin71/stringopsgo/strops/v3/stropsatom.go:190.10,190.51 1 0
github.com/MikeAustin71/stringopsgo/strops/v3/stropsatom.go:190.51,196.37 1 0
github.com/MikeAustin71/stringopsgo/strops/v3/stropsatom.go:196.37,201.11 3 0
github.com/MikeAustin71/stringopsgo/strops/v3/stropsatom.go:203.11,207.6 2 0
github.com/MikeAustin71/stringopsgo/strops/v3/stropsatom.go:209.10,216.5 3 0
github.com/MikeAustin71/stringopsgo/strops/v3/stropsatom.go:218.9,221.32 1 1
github.com/MikeAustin71/stringopsgo/strops/v3/stropsatom.go:221.32,225.10 3 1
github.com/MikeAustin71/stringopsgo/strops/v3/stropsatom.go:227.10,227.44 1 1
github.com/MikeAustin71/stringopsgo/strops/v3/stropsatom.go:227.44,238.19 2 1
github.com/MikeAustin71/stringopsgo/strops/v3/stropsatom.go:248.5,248.18 1 1
github.com/MikeAustin71/stringopsgo/strops/v3/stropsatom.go:238.19,246.6 1 0
github.com/MikeAustin71/stringopsgo/strops/v3/stropsatom.go:248.18,253.14 2 0
github.com/MikeAustin71/stringopsgo/strops/v3/stropsatom.go:255.11,259.6 2 1
github.com/MikeAustin71/stringopsgo/strops/v3/stropsatom.go:261.10,268.5 2 1
github.com/MikeAustin71/stringopsgo/strops/v3/stropsatom.go:288.13,290.26 1 1
github.com/MikeAustin71/stringopsgo/strops/v3/stropsatom.go:294.2,298.22 3 1
github.com/MikeAustin71/stringopsgo/strops/v3/stropsatom.go:302.2,304.25 2 1
github.com/MikeAustin71/stringopsgo/strops/v3/stropsatom.go:311.2,311.27 1 1
github.com/MikeAustin71/stringopsgo/strops/v3/stropsatom.go:318.2,318.41 1 1
github.com/MikeAustin71/stringopsgo/strops/v3/stropsatom.go:322.2,322.43 1 1
github.com/MikeAustin71/stringopsgo/strops/v3/stropsatom.go:326.2,333.12 6 1
github.com/MikeAustin71/stringopsgo/strops/v3/stropsatom.go:290.26,292.3 1 1
github.com/MikeAustin71/stringopsgo/strops/v3/stropsatom.go:298.22,300.3 1 0
github.com/MikeAustin71/stringopsgo/strops/v3/stropsatom.go:304.25,309.3 2 0
github.com/MikeAustin71/stringopsgo/strops/v3/stropsatom.go:311.27,316.3 2 0
github.com/MikeAustin71/stringopsgo/strops/v3/stropsatom.go:318.41,320.3 1 0
github.com/MikeAustin71/stringopsgo/strops/v3/stropsatom.go:322.43,324.3 1 0
github.com/MikeAustin71/stringopsgo/strops/v3/stropsatom.go:343.9,345.26 1 1
github.com/MikeAustin71/stringopsgo/strops/v3/stropsatom.go:349.2,353.22 3 1
github.com/MikeAustin71/stringopsgo/strops/v3/stropsatom.go:357.2,363.19 4 1
github.com/MikeAustin71/stringopsgo/strops/v3/stropsatom.go:370.2,376.24 5 1
github.com/MikeAustin71/stringopsgo/strops/v3/stropsatom.go:345.26,347.3 1 1
github.com/MikeAustin71/stringopsgo/strops/v3/stropsatom.go:353.22,355.3 1 0
github.com/MikeAustin71/stringopsgo/strops/v3/stropsatom.go:363.19,368.3 2 0
github.com/MikeAustin71/stringopsgo/strops/v3/stropsatom.go:548.9,550.26 1 1
github.com/MikeAustin71/stringopsgo/strops/v3/stropsatom.go:554.2,558.22 3 1
github.com/MikeAustin71/stringopsgo/strops/v3/stropsatom.go:562.2,572.23 8 1
github.com/MikeAustin71/stringopsgo/strops/v3/stropsatom.go:579.2,579.18 1 1
github.com/MikeAustin71/stringopsgo/strops/v3/stropsatom.go:585.2,585.30 1 1
github.com/MikeAustin71/stringopsgo/strops/v3/stropsatom.go:594.2,596.36 2 1
github.com/MikeAustin71/stringopsgo/strops/v3/stropsatom.go:605.2,607.49 2 1
github.com/MikeAustin71/stringopsgo/strops/v3/stropsatom.go:617.2,617.31 1 1
github.com/MikeAustin71/stringopsgo/strops/v3/stropsatom.go:625.2,627.37 2 1
github.com/MikeAustin71/stringopsgo/strops/v3/stropsatom.go:636.2,638.50 2 1
github.com/MikeAustin71/stringopsgo/strops/v3/stropsatom.go:647.2,647.31 1 1
github.com/MikeAustin71/stringopsgo/strops/v3/stropsatom.go:655.2,665.34 8 1
github.com/MikeAustin71/stringopsgo/strops/v3/stropsatom.go:713.2,714.28 1 1
github.com/MikeAustin71/stringopsgo/strops/v3/stropsatom.go:721.2,724.30 2 1
github.com/MikeAustin71/stringopsgo/strops/v3/stropsatom.go:776.2,779.28 2 1
github.com/MikeAustin71/stringopsgo/strops/v3/stropsatom.go:786.2,789.37 2 1
github.com/MikeAustin71/stringopsgo/strops/v3/stropsatom.go:854.2,859.32 4 1
github.com/MikeAustin71/stringopsgo/strops/v3/stropsatom.go:909.2,909.30 1 1
github.com/MikeAustin71/stringopsgo/strops/v3/stropsatom.go:913.2,913.77 1 1
github.com/MikeAustin71/stringopsgo/strops/v3/stropsatom.go:917.2,923.36 6 1
github.com/MikeAustin71/stringopsgo/strops/v3/stropsatom.go:929.2,929.24 1 1
github.com/MikeAustin71/stringopsgo/strops/v3/stropsatom.go:550.26,552.3 1 1
github.com/MikeAustin71/stringopsgo/strops/v3/stropsatom.go:558.22,560.3 1 1
github.com/MikeAustin71/stringopsgo/strops/v3/stropsatom.go:572.23,577.3 1 1
github.com/MikeAustin71/stringopsgo/strops/v3/stropsatom.go:579.18,583.3 1 1
github.com/MikeAustin71/stringopsgo/strops/v3/stropsatom.go:585.30,592.3 1 1
github.com/MikeAustin71/stringopsgo/strops/v3/stropsatom.go:596.36,603.3 1 1
github.com/MikeAustin71/stringopsgo/strops/v3/stropsatom.go:607.49,609.42 1 1
github.com/MikeAustin71/stringopsgo/strops/v3/stropsatom.go:613.3,613.34 1 1
github.com/MikeAustin71/stringopsgo/strops/v3/stropsatom.go:609.42,610.12 1 1
github.com/MikeAustin71/stringopsgo/strops/v3/stropsatom.go:617.31,623.3 2 1
github.com/MikeAustin71/stringopsgo/strops/v3/stropsatom.go:627.37,634.3 1 1
github.com/MikeAustin71/stringopsgo/strops/v3/stropsatom.go:638.50,640.43 1 1
github.com/MikeAustin71/stringopsgo/strops/v3/stropsatom.go:644.3,644.34 1 1
github.com/MikeAustin71/stringopsgo/strops/v3/stropsatom.go:640.43,641.12 1 1
github.com/MikeAustin71/stringopsgo/strops/v3/stropsatom.go:647.31,653.3 2 1
github.com/MikeAustin71/stringopsgo/strops/v3/stropsatom.go:665.34,667.49 1 1
github.com/MikeAustin71/stringopsgo/strops/v3/stropsatom.go:688.3,688.32 1 1
github.com/MikeAustin71/stringopsgo/strops/v3/stropsatom.go:696.3,696.24 1 1
github.com/MikeAustin71/stringopsgo/strops/v3/stropsatom.go:667.49,669.40 1 1
github.com/MikeAustin71/stringopsgo/strops/v3/stropsatom.go:673.4,677.29 3 1
github.com/MikeAustin71/stringopsgo/strops/v3/stropsatom.go:681.4,682.36 1 1
github.com/MikeAustin71/stringopsgo/strops/v3/stropsatom.go:669.40,670.13 1 1
github.com/MikeAustin71/stringopsgo/strops/v3/stropsatom.go:677.29,678.13 1 1
github.com/MikeAustin71/stringopsgo/strops/v3/stropsatom.go:682.36,685.5 2 1
github.com/MikeAustin71/stringopsgo/strops/v3/stropsatom.go:688.32,694.4 2 1
github.com/MikeAustin71/stringopsgo/strops/v3/stropsatom.go:696.24,704.43 5 1
github.com/MikeAustin71/stringopsgo/strops/v3/stropsatom.go:704.43,709.5 3 1
github.com/MikeAustin71/stringopsgo/strops/v3/stropsatom.go:714.28,719.3 2 1
github.com/MikeAustin71/stringopsgo/strops/v3/stropsatom.go:724.30,730.45 4 1
github.com/MikeAustin71/stringopsgo/strops/v3/stropsatom.go:751.3,751.32 1 1
github.com/MikeAustin71/stringopsgo/strops/v3/stropsatom.go:759.3,759.24 1 1
github.com/MikeAustin71/stringopsgo/strops/v3/stropsatom.go:730.45,732.38 1 1
github.com/MikeAustin71/stringopsgo/strops/v3/stropsatom.go:736.4,740.24 3 1
github.com/MikeAustin71/stringopsgo/strops/v3/stropsatom.go:744.4,745.31 1 1
github.com/MikeAustin71/stringopsgo/strops/v3/stropsatom.go:732.38,733.13 1 1
github.com/MikeAustin71/stringopsgo/strops/v3/stropsatom.go:740.24,741.13 1 1
github.com/MikeAustin71/stringopsgo/strops/v3/stropsatom.go:745.31,748.5 2 1
github.com/MikeAustin71/stringopsgo/strops/v3/stropsatom.go:751.32,757.4 2 1
github.com/MikeAustin71/stringopsgo/strops/v3/stropsatom.go:759.24,766.43 5 1
github.com/MikeAustin71/stringopsgo/strops/v3/stropsatom.go:766.43,772.5 3 1
github.com/MikeAustin71/stringopsgo/strops/v3/stropsatom.go:779.28,784.3 2 1
github.com/MikeAustin71/stringopsgo/strops/v3/stropsatom.go:789.37,794.52 4 1
github.com/MikeAustin71/stringopsgo/strops/v3/stropsatom.go:817.3,817.32 1 1
github.com/MikeAustin71/stringopsgo/strops/v3/stropsatom.go:825.3,825.25 1 1
github.com/MikeAustin71/stringopsgo/strops/v3/stropsatom.go:831.3,831.24 1 1
github.com/MikeAustin71/stringopsgo/strops/v3/stropsatom.go:794.52,796.45 1 1
github.com/MikeAustin71/stringopsgo/strops/v3/stropsatom.go:801.4,805.28 3 1
github.com/MikeAustin71/stringopsgo/strops/v3/stropsatom.go:809.4,810.35 1 1
github.com/MikeAustin71/stringopsgo/strops/v3/stropsatom.go:796.45,798.13 1 1
github.com/MikeAustin71/stringopsgo/strops/v3/stropsatom.go:805.28,806.13 1 1
github.com/MikeAustin71/stringopsgo/strops/v3/stropsatom.go:810.35,814.5 2 1
github.com/MikeAustin71/stringopsgo/strops/v3/stropsatom.go:817.32,823.4 2 1
github.com/MikeAustin71/stringopsgo/strops/v3/stropsatom.go:825.25,829.4 1 1
github.com/MikeAustin71/stringopsgo/strops/v3/stropsatom.go:831.24,837.44 2 1
github.com/MikeAustin71/stringopsgo/strops/v3/stropsatom.go:844.4,847.49 3 1
github.com/MikeAustin71/stringopsgo/strops/v3/stropsatom.go:837.44,842.5 1 1
github.com/MikeAustin71/stringopsgo/strops/v3/stropsatom.go:859.32,861.30 1 1
github.com/MikeAustin71/stringopsgo/strops/v3/stropsatom.go:896.3,896.30 1 1
github.com/MikeAustin71/stringopsgo/strops/v3/stropsatom.go:900.3,904.2 3 1
github.com/MikeAustin71/stringopsgo/strops/v3/stropsatom.go:861.30,863.51 1 1
github.com/MikeAustin71/stringopsgo/strops/v3/stropsatom.go:863.51,867.32 2 1
github.com/MikeAustin71/stringopsgo/strops/v3/stropsatom.go:872.5,874.29 2 1
github.com/MikeAustin71/stringopsgo/strops/v3/stropsatom.go:867.32,868.14 1 1
github.com/MikeAustin71/stringopsgo/strops/v3/stropsatom.go:877.9,879.52 1 1
github.com/MikeAustin71/stringopsgo/strops/v3/stropsatom.go:879.52,883.33 2 1
github.com/MikeAustin71/stringopsgo/strops/v3/stropsatom.go:887.5,891.28 3 1
github.com/MikeAustin71/stringopsgo/strops/v3/stropsatom.go:883.33,884.14 1 1
github.com/MikeAustin71/stringopsgo/strops/v3/stropsatom.go:896.30,898.4 1 1
github.com/MikeAustin71/stringopsgo/strops/v3/stropsatom.go:909.30,911.3 1 1
github.com/MikeAustin71/stringopsgo/strops/v3/stropsatom.go:913.77,915.3 1 1
github.com/MikeAustin71/stringopsgo/strops/v3/stropsatom.go:923.36,925.3 1 1
github.com/MikeAustin71/stringopsgo/strops/v3/stropsatom.go:925.8,927.3 1 1
github.com/MikeAustin71/stringopsgo/strops/v3/stropsatom.go:1139.9,1141.26 1 1
github.com/MikeAustin71/stringopsgo/strops/v3/stropsatom.go:1145.2,1149.22 3 1
github.com/MikeAustin71/stringopsgo/strops/v3/stropsatom.go:1153.2,1161.23 6 1
github.com/MikeAustin71/stringopsgo/strops/v3/stropsatom.go:1168.2,1168.20 1 1
github.com/MikeAustin71/stringopsgo/strops/v3/stropsatom.go:1174.2,1174.32 1 1
github.com/MikeAustin71/stringopsgo/strops/v3/stropsatom.go:1182.2,1194.31 9 1
github.com/MikeAustin71/stringopsgo/strops/v3/stropsatom.go:1211.2,1211.32 1 1
github.com/MikeAustin71/stringopsgo/strops/v3/stropsatom.go:1228.2,1228.32 1 1
github.com/MikeAustin71/stringopsgo/strops/v3/stropsatom.go:1245.2,1253.45 6 1
github.com/MikeAustin71/stringopsgo/strops/v3/stropsatom.go:1265.2,1265.32 1 1
github.com/MikeAustin71/stringopsgo/strops/v3/stropsatom.go:1272.2,1279.37 3 1
github.com/MikeAustin71/stringopsgo/strops/v3/stropsatom.go:1348.2,1350.37 2 1
github.com/MikeAustin71/stringopsgo/strops/v3/stropsatom.go:1369.2,1371.55 2 1
github.com/MikeAustin71/stringopsgo/strops/v3/stropsatom.go:1422.2,1422.34 1 1
github.com/MikeAustin71/stringopsgo/strops/v3/stropsatom.go:1442.2,1442.21 1 1
github.com/MikeAustin71/stringopsgo/strops/v3/stropsatom.go:1141.26,1143.3 1 1
github.com/MikeAustin71/stringopsgo/strops/v3/stropsatom.go:1149.22,1151.3 1 1
github.com/MikeAustin71/stringopsgo/strops/v3/stropsatom.go:1161.23,1166.3 1 1
github.com/MikeAustin71/stringopsgo/strops/v3/stropsatom.go:1168.20,1172.3 1 1
github.com/MikeAustin71/stringopsgo/strops/v3/stropsatom.go:1174.32,1180.3 1 1
github.com/MikeAustin71/stringopsgo/strops/v3/stropsatom.go:1194.31,1197.46 1 1
github.com/MikeAustin71/stringopsgo/strops/v3/stropsatom.go:1208.3,1208.46 1 1
github.com/MikeAustin71/stringopsgo/strops/v3/stropsatom.go:1197.46,1200.32 1 1
github.com/MikeAustin71/stringopsgo/strops/v3/stropsatom.go:1204.4,1204.74 1 1
github.com/MikeAustin71/stringopsgo/strops/v3/stropsatom.go:1200.32,1201.13 1 0
github.com/MikeAustin71/stringopsgo/strops/v3/stropsatom.go:1211.32,1214.47 1 1
github.com/MikeAustin71/stringopsgo/strops/v3/stropsatom.go:1225.3,1225.48 1 1
github.com/MikeAustin71/stringopsgo/strops/v3/stropsatom.go:1214.47,1217.33 1 1
github.com/MikeAustin71/stringopsgo/strops/v3/stropsatom.go:1221.4,1221.77 1 1
github.com/MikeAustin71/stringopsgo/strops/v3/stropsatom.go:1217.33,1218.13 1 0
github.com/MikeAustin71/stringopsgo/strops/v3/stropsatom.go:1228.32,1231.47 1 1
github.com/MikeAustin71/stringopsgo/strops/v3/stropsatom.go:1242.3,1242.48 1 1
github.com/MikeAustin71/stringopsgo/strops/v3/stropsatom.go:1231.47,1234.33 1 1
github.com/MikeAustin71/stringopsgo/strops/v3/stropsatom.go:1238.4,1238.77 1 1
github.com/MikeAustin71/stringopsgo/strops/v3/stropsatom.go:1234.33,1235.13 1 0
github.com/MikeAustin71/stringopsgo/strops/v3/stropsatom.go:1253.45,1257.31 1 1
github.com/MikeAustin71/stringopsgo/strops/v3/stropsatom.go:1257.31,1261.9 2 1
github.com/MikeAustin71/stringopsgo/strops/v3/stropsatom.go:1265.32,1270.3 1 1
github.com/MikeAustin71/stringopsgo/strops/v3/stropsatom.go:1279.37,1281.59 1 1
github.com/MikeAustin71/stringopsgo/strops/v3/stropsatom.go:1281.59,1283.45 1 1
github.com/MikeAustin71/stringopsgo/strops/v3/stropsatom.go:1337.4,1339.39 2 1
github.com/MikeAustin71/stringopsgo/strops/v3/stropsatom.go:1344.4,1344.9 1 1
github.com/MikeAustin71/stringopsgo/strops/v3/stropsatom.go:1283.45,1285.46 1 1
github.com/MikeAustin71/stringopsgo/strops/v3/stropsatom.go:1285.46,1288.34 1 1
github.com/MikeAustin71/stringopsgo/strops/v3/stropsatom.go:1288.34,1306.33 7 1
github.com/MikeAustin71/stringopsgo/strops/v3/stropsatom.go:1312.7,1312.48 1 1
github.com/MikeAustin71/stringopsgo/strops/v3/stropsatom.go:1319.7,1319.12 1 1
github.com/MikeAustin71/stringopsgo/strops/v3/stropsatom.go:1306.33,1308.8 1 1
github.com/MikeAustin71/stringopsgo/strops/v3/stropsatom.go:1312.48,1313.47 1 1
github.com/MikeAustin71/stringopsgo/strops/v3/stropsatom.go:1313.47,1316.9 2 1
github.com/MikeAustin71/stringopsgo/strops/v3/stropsatom.go:1321.12,1332.12 5 1
github.com/MikeAustin71/stringopsgo/strops/v3/stropsatom.go:1339.39,1341.13 2 1
github.com/MikeAustin71/stringopsgo/strops/v3/stropsatom.go:1350.37,1352.57 1 1
github.com/MikeAustin71/stringopsgo/strops/v3/stropsatom.go:1352.57,1355.40 1 1
github.com/MikeAustin71/stringopsgo/strops/v3/stropsatom.go:1355.40,1361.5 3 1
github.com/MikeAustin71/stringopsgo/strops/v3/stropsatom.go:1361.10,1364.5 2 1
github.com/MikeAustin71/stringopsgo/strops/v3/stropsatom.go:1371.55,1373.21 1 1
github.com/MikeAustin71/stringopsgo/strops/v3/stropsatom.go:1401.3,1403.45 2 1
github.com/MikeAustin71/stringopsgo/strops/v3/stropsatom.go:1417.3,1417.8 1 1
github.com/MikeAustin71/stringopsgo/strops/v3/stropsatom.go:1373.21,1375.54 1 1
github.com/MikeAustin71/stringopsgo/strops/v3/stropsatom.go:1381.4,1381.46 1 1
github.com/MikeAustin71/stringopsgo/strops/v3/stropsatom.go:1375.54,1378.13 2 1
github.com/MikeAustin71/stringopsgo/strops/v3/stropsatom.go:1381.46,1383.47 1 1
github.com/MikeAustin71/stringopsgo/strops/v3/stropsatom.go:1383.47,1386.58 1 1
github.com/MikeAustin71/stringopsgo/strops/v3/stropsatom.go:1392.6,1394.23 2 1
github.com/MikeAustin71/stringopsgo/strops/v3/stropsatom.go:1386.58,1389.21 1 1
github.com/MikeAustin71/stringopsgo/strops/v3/stropsatom.go:1403.45,1405.46 1 1
github.com/MikeAustin71/stringopsgo/strops/v3/stropsatom.go:1405.46,1411.22 4 1
github.com/MikeAustin71/stringopsgo/strops/v3/stropsatom.go:1422.34,1425.30 2 1
github.com/MikeAustin71/stringopsgo/strops/v3/stropsatom.go:1431.3,1437.51 5 1
github.com/MikeAustin71/stringopsgo/strops/v3/stropsatom.go:1425.30,1427.4 1 1
github.com/MikeAustin71/stringopsgo/strops/v3/stropsatom.go:1427.9,1429.4 1 1
github.com/MikeAustin71/stringopsgo/strops/v3/stropsatom.go:1437.51,1439.4 1 1
github.com/MikeAustin71/stringopsgo/strops/v3/stropsdatafieldprofiledto.go:29.61,37.2 6 1
github.com/MikeAustin71/stringopsgo/strops/v3/stropsdatafieldprofiledto.go:41.64,58.2 16 1
github.com/MikeAustin71/stringopsgo/strops/v3/stropsdatafieldtrailingdelimitertypeenum.go:72.97,79.2 3 1
github.com/MikeAustin71/stringopsgo/strops/v3/stropsdatafieldtrailingdelimitertypeenum.go:83.100,90.2 3 1
github.com/MikeAustin71/stringopsgo/strops/v3/stropsdatafieldtrailingdelimitertypeenum.go:94.97,101.2 3 1
github.com/MikeAustin71/stringopsgo/strops/v3/stropsdatafieldtrailingdelimitertypeenum.go:106.99,113.2 3 1
github.com/MikeAustin71/stringopsgo/strops/v3/stropsdatafieldtrailingdelimitertypeenum.go:118.101,125.2 3 1
github.com/MikeAustin71/stringopsgo/strops/v3/stropsdatafieldtrailingdelimitertypeenum.go:140.78,148.9 4 1
github.com/MikeAustin71/stringopsgo/strops/v3/stropsdatafieldtrailingdelimitertypeenum.go:155.2,155.12 1 1
github.com/MikeAustin71/stringopsgo/strops/v3/stropsdatafieldtrailingdelimitertypeenum.go:148.9,153.3 2 1
github.com/MikeAustin71/stringopsgo/strops/v3/stropsdatafieldtrailingdelimitertypeenum.go:180.72,188.9 4 1
github.com/MikeAustin71/stringopsgo/strops/v3/stropsdatafieldtrailingdelimitertypeenum.go:192.2,192.14 1 1
github.com/MikeAustin71/stringopsgo/strops/v3/stropsdatafieldtrailingdelimitertypeenum.go:188.9,190.3 1 1
github.com/MikeAustin71/stringopsgo/strops/v3/stropsdatafieldtrailingdelimitertypeenum.go:209.72,216.24 3 0
github.com/MikeAustin71/stringopsgo/strops/v3/stropsdatafieldtrailingdelimitertypeenum.go:220.2,220.13 1 0
github.com/MikeAustin71/stringopsgo/strops/v3/stropsdatafieldtrailingdelimitertypeenum.go:216.24,218.3 1 0
github.com/MikeAustin71/stringopsgo/strops/v3/stropsdatafieldtrailingdelimitertypeenum.go:279.62,289.42 5 1
github.com/MikeAustin71/stringopsgo/strops/v3/stropsdatafieldtrailingdelimitertypeenum.go:294.2,294.21 1 1
github.com/MikeAustin71/stringopsgo/strops/v3/stropsdatafieldtrailingdelimitertypeenum.go:301.2,305.19 3 1
github.com/MikeAustin71/stringopsgo/strops/v3/stropsdatafieldtrailingdelimitertypeenum.go:331.2,331.25 1 1
github.com/MikeAustin71/stringopsgo/strops/v3/stropsdatafieldtrailingdelimitertypeenum.go:289.42,292.3 2 1
github.com/MikeAustin71/stringopsgo/strops/v3/stropsdatafieldtrailingdelimitertypeenum.go:294.21,299.3 1 1
github.com/MikeAustin71/stringopsgo/strops/v3/stropsdatafieldtrailingdelimitertypeenum.go:305.19,309.10 2 1
github.com/MikeAustin71/stringopsgo/strops/v3/stropsdatafieldtrailingdelimitertypeenum.go:309.10,314.4 1 1
github.com/MikeAustin71/stringopsgo/strops/v3/stropsdatafieldtrailingdelimitertypeenum.go:316.8,322.10 3 1
github.com/MikeAustin71/stringopsgo/strops/v3/stropsdatafieldtrailingdelimitertypeenum.go:322.10,327.4 1 1
github.com/MikeAustin71/stringopsgo/strops/v3/stropsdatafieldtrailingdelimitertypeenum.go:337.72,344.2 3 1
github.com/MikeAustin71/stringopsgo/strops/v3/stropselectron.go:72.9,74.30 1 1
github.com/MikeAustin71/stringopsgo/strops/v3/stropselectron.go:78.2,82.22 3 1
github.com/MikeAustin71/stringopsgo/strops/v3/stropselectron.go:86.2,90.46 3 1
github.com/MikeAustin71/stringopsgo/strops/v3/stropselectron.go:93.2,95.20 2 1
github.com/MikeAustin71/stringopsgo/strops/v3/stropselectron.go:100.2,100.18 1 1
github.com/MikeAustin71/stringopsgo/strops/v3/stropselectron.go:105.2,105.30 1 1
github.com/MikeAustin71/stringopsgo/strops/v3/stropselectron.go:111.2,111.27 1 1
github.com/MikeAustin71/stringopsgo/strops/v3/stropselectron.go:116.2,118.22 2 1
github.com/MikeAustin71/stringopsgo/strops/v3/stropselectron.go:127.2,127.16 1 1
github.com/MikeAustin71/stringopsgo/strops/v3/stropselectron.go:74.30,76.3 1 1
github.com/MikeAustin71/stringopsgo/strops/v3/stropselectron.go:82.22,84.3 1 1
github.com/MikeAustin71/stringopsgo/strops/v3/stropselectron.go:90.46,92.3 1 1
github.com/MikeAustin71/stringopsgo/strops/v3/stropselectron.go:95.20,98.3 1 1
github.com/MikeAustin71/stringopsgo/strops/v3/stropselectron.go:100.18,103.3 1 1
github.com/MikeAustin71/stringopsgo/strops/v3/stropselectron.go:105.30,109.3 1 1
github.com/MikeAustin71/stringopsgo/strops/v3/stropselectron.go:111.27,114.3 1 1
github.com/MikeAustin71/stringopsgo/strops/v3/stropselectron.go:118.22,120.28 1 1
github.com/MikeAustin71/stringopsgo/strops/v3/stropselectron.go:124.3,124.8 1 1
github.com/MikeAustin71/stringopsgo/strops/v3/stropselectron.go:120.28,122.4 1 1
github.com/MikeAustin71/stringopsgo/strops/v3/stropselectron.go:178.9,180.30 1 1
github.com/MikeAustin71/stringopsgo/strops/v3/stropselectron.go:184.2,188.22 3 1
github.com/MikeAustin71/stringopsgo/strops/v3/stropselectron.go:192.2,194.25 2 1
github.com/MikeAustin71/stringopsgo/strops/v3/stropselectron.go:201.2,201.26 1 1
github.com/MikeAustin71/stringopsgo/strops/v3/stropselectron.go:208.2,216.16 3 1
github.com/MikeAustin71/stringopsgo/strops/v3/stropselectron.go:220.2,220.38 1 1
github.com/MikeAustin71/stringopsgo/strops/v3/stropselectron.go:180.30,182.3 1 1
github.com/MikeAustin71/stringopsgo/strops/v3/stropselectron.go:188.22,190.3 1 1
github.com/MikeAustin71/stringopsgo/strops/v3/stropselectron.go:194.25,199.3 1 1
github.com/MikeAustin71/stringopsgo/strops/v3/stropselectron.go:201.26,206.3 1 1
github.com/MikeAustin71/stringopsgo/strops/v3/stropselectron.go:216.16,218.3 1 0
github.com/MikeAustin71/stringopsgo/strops/v3/stropselectron.go:239.13,241.30 1 1
github.com/MikeAustin71/stringopsgo/strops/v3/stropselectron.go:245.2,249.22 3 1
github.com/MikeAustin71/stringopsgo/strops/v3/stropselectron.go:253.2,258.27 4 1
github.com/MikeAustin71/stringopsgo/strops/v3/stropselectron.go:266.2,269.12 3 1
github.com/MikeAustin71/stringopsgo/strops/v3/stropselectron.go:278.2,287.24 5 1
github.com/MikeAustin71/stringopsgo/strops/v3/stropselectron.go:293.2,297.38 3 1
github.com/MikeAustin71/stringopsgo/strops/v3/stropselectron.go:305.2,307.55 2 1
github.com/MikeAustin71/stringopsgo/strops/v3/stropselectron.go:312.2,314.26 2 1
github.com/MikeAustin71/stringopsgo/strops/v3/stropselectron.go:320.2,320.15 1 1
github.com/MikeAustin71/stringopsgo/strops/v3/stropselectron.go:241.30,243.3 1 1
github.com/MikeAustin71/stringopsgo/strops/v3/stropselectron.go:249.22,251.3 1 1
github.com/MikeAustin71/stringopsgo/strops/v3/stropselectron.go:258.27,264.3 2 0
github.com/MikeAustin71/stringopsgo/strops/v3/stropselectron.go:269.12,276.3 3 1
github.com/MikeAustin71/stringopsgo/strops/v3/stropselectron.go:287.24,291.3 3 0
github.com/MikeAustin71/stringopsgo/strops/v3/stropselectron.go:297.38,300.3 2 1
github.com/MikeAustin71/stringopsgo/strops/v3/stropselectron.go:300.8,303.3 2 1
github.com/MikeAustin71/stringopsgo/strops/v3/stropselectron.go:307.55,310.3 2 1
github.com/MikeAustin71/stringopsgo/strops/v3/stropselectron.go:314.26,316.3 1 1
github.com/MikeAustin71/stringopsgo/strops/v3/stropselectron.go:316.8,318.3 1 1
github.com/MikeAustin71/stringopsgo/strops/v3/stropselectron.go:359.20,361.30 1 1
github.com/MikeAustin71/stringopsgo/strops/v3/stropselectron.go:365.2,374.15 6 1
github.com/MikeAustin71/stringopsgo/strops/v3/stropselectron.go:378.2,378.38 1 1
github.com/MikeAustin71/stringopsgo/strops/v3/stropselectron.go:382.2,386.35 3 1
github.com/MikeAustin71/stringopsgo/strops/v3/stropselectron.go:424.2,426.35 2 1
github.com/MikeAustin71/stringopsgo/strops/v3/stropselectron.go:361.30,363.3 1 1
github.com/MikeAustin71/stringopsgo/strops/v3/stropselectron.go:374.15,376.3 1 1
github.com/MikeAustin71/stringopsgo/strops/v3/stropselectron.go:378.38,380.3 1 1
github.com/MikeAustin71/stringopsgo/strops/v3/stropselectron.go:386.35,390.21 1 1
github.com/MikeAustin71/stringopsgo/strops/v3/stropselectron.go:421.3,421.44 1 1
github.com/MikeAustin71/stringopsgo/strops/v3/stropselectron.go:390.21,392.18 1 1
github.com/MikeAustin71/stringopsgo/strops/v3/stropselectron.go:418.4,418.9 1 1
github.com/MikeAustin71/stringopsgo/strops/v3/stropselectron.go:392.18,396.34 2 1
github.com/MikeAustin71/stringopsgo/strops/v3/stropselectron.go:406.5,406.18 1 1
github.com/MikeAustin71/stringopsgo/strops/v3/stropselectron.go:412.5,412.10 1 1
github.com/MikeAustin71/stringopsgo/strops/v3/stropselectron.go:396.34,399.24 1 1
github.com/MikeAustin71/stringopsgo/strops/v3/stropselectron.go:399.24,400.15 1 1
github.com/MikeAustin71/stringopsgo/strops/v3/stropselectron.go:401.12,402.12 1 1
github.com/MikeAustin71/stringopsgo/strops/v3/stropselectron.go:406.18,408.6 1 1
github.com/MikeAustin71/stringopsgo/strops/v3/stropselectron.go:408.11,410.6 1 1
github.com/MikeAustin71/stringopsgo/strops/v3/stropselectron.go:414.10,416.5 1 1
github.com/MikeAustin71/stringopsgo/strops/v3/stropselectron.go:476.9,478.30 1 1
github.com/MikeAustin71/stringopsgo/strops/v3/stropselectron.go:482.2,486.22 3 1
github.com/MikeAustin71/stringopsgo/strops/v3/stropselectron.go:490.2,496.20 4 1
github.com/MikeAustin71/stringopsgo/strops/v3/stropselectron.go:503.2,505.25 2 1
github.com/MikeAustin71/stringopsgo/strops/v3/stropselectron.go:512.2,512.38 1 1
github.com/MikeAustin71/stringopsgo/strops/v3/stropselectron.go:524.2,524.33 1 1
github.com/MikeAustin71/stringopsgo/strops/v3/stropselectron.go:547.2,547.20 1 1
github.com/MikeAustin71/stringopsgo/strops/v3/stropselectron.go:478.30,480.3 1 1
github.com/MikeAustin71/stringopsgo/strops/v3/stropselectron.go:486.22,488.3 1 1
github.com/MikeAustin71/stringopsgo/strops/v3/stropselectron.go:496.20,501.3 1 1
github.com/MikeAustin71/stringopsgo/strops/v3/stropselectron.go:505.25,510.3 1 1
github.com/MikeAustin71/stringopsgo/strops/v3/stropselectron.go:512.38,514.35 1 1
github.com/MikeAustin71/stringopsgo/strops/v3/stropselectron.go:514.35,520.4 1 1
github.com/MikeAustin71/stringopsgo/strops/v3/stropselectron.go:524.33,528.39 2 1
github.com/MikeAustin71/stringopsgo/strops/v3/stropselectron.go:541.3,541.24 1 1
github.com/MikeAustin71/stringopsgo/strops/v3/stropselectron.go:528.39,530.48 1 1
github.com/MikeAustin71/stringopsgo/strops/v3/stropselectron.go:530.48,532.36 1 1
github.com/MikeAustin71/stringopsgo/strops/v3/stropselectron.go:536.5,537.10 2 1
github.com/MikeAustin71/stringopsgo/strops/v3/stropselectron.go:532.36,534.6 1 1
github.com/MikeAustin71/stringopsgo/strops/v3/stropselectron.go:541.24,543.4 1 1
github.com/MikeAustin71/stringopsgo/strops/v3/stropselectron.go:564.9,566.30 1 1
github.com/MikeAustin71/stringopsgo/strops/v3/stropselectron.go:570.2,574.22 3 1
github.com/MikeAustin71/stringopsgo/strops/v3/stropselectron.go:578.2,580.21 2 1
github.com/MikeAustin71/stringopsgo/strops/v3/stropselectron.go:587.2,587.28 1 1
github.com/MikeAustin71/stringopsgo/strops/v3/stropselectron.go:595.2,597.39 2 1
github.com/MikeAustin71/stringopsgo/strops/v3/stropselectron.go:612.2,612.23 1 1
github.com/MikeAustin71/stringopsgo/strops/v3/stropselectron.go:566.30,568.3 1 1
github.com/MikeAustin71/stringopsgo/strops/v3/stropselectron.go:574.22,576.3 1 1
github.com/MikeAustin71/stringopsgo/strops/v3/stropselectron.go:580.21,585.3 1 1
github.com/MikeAustin71/stringopsgo/strops/v3/stropselectron.go:587.28,593.3 1 1
github.com/MikeAustin71/stringopsgo/strops/v3/stropselectron.go:597.39,599.20 1 1
github.com/MikeAustin71/stringopsgo/strops/v3/stropselectron.go:608.3,608.91 1 1
github.com/MikeAustin71/stringopsgo/strops/v3/stropselectron.go:599.20,606.4 1 1
github.com/MikeAustin71/stringopsgo/strops/v3/stropselectron.go:663.9,665.30 1 1
github.com/MikeAustin71/stringopsgo/strops/v3/stropselectron.go:669.2,673.22 3 1
github.com/MikeAustin71/stringopsgo/strops/v3/stropselectron.go:677.2,679.25 2 1
github.com/MikeAustin71/stringopsgo/strops/v3/stropselectron.go:686.2,686.32 1 1
github.com/MikeAustin71/stringopsgo/strops/v3/stropselectron.go:693.2,701.16 3 1
github.com/MikeAustin71/stringopsgo/strops/v3/stropselectron.go:709.2,709.31 1 1
github.com/MikeAustin71/stringopsgo/strops/v3/stropselectron.go:665.30,667.3 1 1
github.com/MikeAustin71/stringopsgo/strops/v3/stropselectron.go:673.22,675.3 1 1
github.com/MikeAustin71/stringopsgo/strops/v3/stropselectron.go:679.25,684.3 1 1
github.com/MikeAustin71/stringopsgo/strops/v3/stropselectron.go:686.32,691.3 1 1
github.com/MikeAustin71/stringopsgo/strops/v3/stropselectron.go:701.16,707.3 1 1
github.com/MikeAustin71/stringopsgo/strops/v3/stropselectron.go:729.13,731.30 1 1
github.com/MikeAustin71/stringopsgo/strops/v3/stropselectron.go:735.2,739.22 3 1
github.com/MikeAustin71/stringopsgo/strops/v3/stropselectron.go:743.2,748.41 4 1
github.com/MikeAustin71/stringopsgo/strops/v3/stropselectron.go:752.2,754.12 2 1
github.com/MikeAustin71/stringopsgo/strops/v3/stropselectron.go:765.2,771.25 5 1
github.com/MikeAustin71/stringopsgo/strops/v3/stropselectron.go:782.2,786.17 3 1
github.com/MikeAustin71/stringopsgo/strops/v3/stropselectron.go:792.2,792.15 1 1
github.com/MikeAustin71/stringopsgo/strops/v3/stropselectron.go:731.30,733.3 1 1
github.com/MikeAustin71/stringopsgo/strops/v3/stropselectron.go:739.22,741.3 1 1
github.com/MikeAustin71/stringopsgo/strops/v3/stropselectron.go:748.41,750.3 1 1
github.com/MikeAustin71/stringopsgo/strops/v3/stropselectron.go:754.12,763.3 3 1
github.com/MikeAustin71/stringopsgo/strops/v3/stropselectron.go:771.25,773.16 1 1
github.com/MikeAustin71/stringopsgo/strops/v3/stropselectron.go:778.3,779.8 2 1
github.com/MikeAustin71/stringopsgo/strops/v3/stropselectron.go:773.16,775.9 2 1
github.com/MikeAustin71/stringopsgo/strops/v3/stropselectron.go:786.17,788.3 1 1
github.com/MikeAustin71/stringopsgo/strops/v3/stropselectron.go:788.8,790.3 1 1
github.com/MikeAustin71/stringopsgo/strops/v3/stropsnanobot.go:40.9,42.29 1 1
github.com/MikeAustin71/stringopsgo/strops/v3/stropsnanobot.go:46.2,50.22 3 1
github.com/MikeAustin71/stringopsgo/strops/v3/stropsnanobot.go:54.2,58.48 3 1
github.com/MikeAustin71/stringopsgo/strops/v3/stropsnanobot.go:65.2,65.33 1 1
github.com/MikeAustin71/stringopsgo/strops/v3/stropsnanobot.go:75.2,82.16 3 1
github.com/MikeAustin71/stringopsgo/strops/v3/stropsnanobot.go:90.2,90.31 1 1
github.com/MikeAustin71/stringopsgo/strops/v3/stropsnanobot.go:42.29,44.3 1 1
github.com/MikeAustin71/stringopsgo/strops/v3/stropsnanobot.go:50.22,52.3 1 1
github.com/MikeAustin71/stringopsgo/strops/v3/stropsnanobot.go:58.48,63.3 1 1
github.com/MikeAustin71/stringopsgo/strops/v3/stropsnanobot.go:65.33,73.3 1 1
github.com/MikeAustin71/stringopsgo/strops/v3/stropsnanobot.go:82.16,88.3 1 0
github.com/MikeAustin71/stringopsgo/strops/v3/stropsnanobot.go:216.13,218.29 1 1
github.com/MikeAustin71/stringopsgo/strops/v3/stropsnanobot.go:222.2,226.22 3 1
github.com/MikeAustin71/stringopsgo/strops/v3/stropsnanobot.go:230.2,233.29 3 1
github.com/MikeAustin71/stringopsgo/strops/v3/stropsnanobot.go:242.2,245.24 2 1
github.com/MikeAustin71/stringopsgo/strops/v3/stropsnanobot.go:267.2,267.32 1 1
github.com/MikeAustin71/stringopsgo/strops/v3/stropsnanobot.go:272.2,274.21 2 1
github.com/MikeAustin71/stringopsgo/strops/v3/stropsnanobot.go:306.2,306.26 1 1
github.com/MikeAustin71/stringopsgo/strops/v3/stropsnanobot.go:218.29,220.3 1 1
github.com/MikeAustin71/stringopsgo/strops/v3/stropsnanobot.go:226.22,228.3 1 1
github.com/MikeAustin71/stringopsgo/strops/v3/stropsnanobot.go:233.29,240.3 2 1
github.com/MikeAustin71/stringopsgo/strops/v3/stropsnanobot.go:245.24,252.3 2 1
github.com/MikeAustin71/stringopsgo/strops/v3/stropsnanobot.go:252.8,253.23 1 1
github.com/MikeAustin71/stringopsgo/strops/v3/stropsnanobot.go:253.23,259.3 2 0
github.com/MikeAustin71/stringopsgo/strops/v3/stropsnanobot.go:259.8,259.49 1 1
github.com/MikeAustin71/stringopsgo/strops/v3/stropsnanobot.go:259.49,265.3 2 0
github.com/MikeAustin71/stringopsgo/strops/v3/stropsnanobot.go:267.32,270.3 2 0
github.com/MikeAustin71/stringopsgo/strops/v3/stropsnanobot.go:275.35,281.12 1 1
github.com/MikeAustin71/stringopsgo/strops/v3/stropsnanobot.go:283.36,289.12 1 1
github.com/MikeAustin71/stringopsgo/strops/v3/stropsnanobot.go:291.37,297.12 1 1
github.com/MikeAustin71/stringopsgo/strops/v3/stropsnanobot.go:299.10,303.28 1 0
github.com/MikeAustin71/stringopsgo/strops/v3/stropssort.go:46.62,48.2 1 1
github.com/MikeAustin71/stringopsgo/strops/v3/stropssort.go:54.67,56.2 1 1
github.com/MikeAustin71/stringopsgo/strops/v3/stropssort.go:62.72,66.18 3 1
github.com/MikeAustin71/stringopsgo/strops/v3/stropssort.go:70.2,70.20 1 1
github.com/MikeAustin71/stringopsgo/strops/v3/stropssort.go:66.18,68.3 1 1
github.com/MikeAustin71/stringopsgo/strops/v3/stropssort.go:115.61,117.2 1 1
github.com/MikeAustin71/stringopsgo/strops/v3/stropssort.go:123.66,125.2 1 1
github.com/MikeAustin71/stringopsgo/strops/v3/stropssort.go:131.71,135.18 3 1
github.com/MikeAustin71/stringopsgo/strops/v3/stropssort.go:139.2,139.20 1 1
github.com/MikeAustin71/stringopsgo/strops/v3/stropssort.go:135.18,137.3 1 1
