mode: set
github.com/MikeAustin71/strmechops/strmech/textlinespeclinescollection.go:103.13,105.29 1 0
github.com/MikeAustin71/strmechops/strmech/textlinespeclinescollection.go:109.2,121.16 5 0
github.com/MikeAustin71/strmechops/strmech/textlinespeclinescollection.go:125.2,128.16 2 0
github.com/MikeAustin71/strmechops/strmech/textlinespeclinescollection.go:132.2,139.16 3 0
github.com/MikeAustin71/strmechops/strmech/textlinespeclinescollection.go:143.2,148.12 2 0
github.com/MikeAustin71/strmechops/strmech/textlinespeclinescollection.go:105.29,107.3 1 0
github.com/MikeAustin71/strmechops/strmech/textlinespeclinescollection.go:121.16,123.3 1 0
github.com/MikeAustin71/strmechops/strmech/textlinespeclinescollection.go:128.16,130.3 1 0
github.com/MikeAustin71/strmechops/strmech/textlinespeclinescollection.go:139.16,141.3 1 0
github.com/MikeAustin71/strmechops/strmech/textlinespeclinescollection.go:248.33,250.29 1 0
github.com/MikeAustin71/strmechops/strmech/textlinespeclinescollection.go:254.2,267.16 6 0
github.com/MikeAustin71/strmechops/strmech/textlinespeclinescollection.go:271.2,277.21 1 0
github.com/MikeAustin71/strmechops/strmech/textlinespeclinescollection.go:250.29,252.3 1 0
github.com/MikeAustin71/strmechops/strmech/textlinespeclinescollection.go:267.16,269.3 1 0
github.com/MikeAustin71/strmechops/strmech/textlinespeclinescollection.go:360.9,362.29 1 0
github.com/MikeAustin71/strmechops/strmech/textlinespeclinescollection.go:366.2,379.16 6 0
github.com/MikeAustin71/strmechops/strmech/textlinespeclinescollection.go:383.2,387.22 1 0
github.com/MikeAustin71/strmechops/strmech/textlinespeclinescollection.go:362.29,364.3 1 0
github.com/MikeAustin71/strmechops/strmech/textlinespeclinescollection.go:379.16,381.3 1 0
github.com/MikeAustin71/strmechops/strmech/textlinespeclinescollection.go:401.57,403.29 1 0
github.com/MikeAustin71/strmechops/strmech/textlinespeclinescollection.go:407.2,416.8 5 0
github.com/MikeAustin71/strmechops/strmech/textlinespeclinescollection.go:403.29,405.3 1 0
github.com/MikeAustin71/strmechops/strmech/textlinespeclinescollection.go:427.66,429.29 1 0
github.com/MikeAustin71/strmechops/strmech/textlinespeclinescollection.go:433.2,440.8 4 0
github.com/MikeAustin71/strmechops/strmech/textlinespeclinescollection.go:429.29,431.3 1 0
github.com/MikeAustin71/strmechops/strmech/textlinespeclinescollection.go:452.76,454.29 1 0
github.com/MikeAustin71/strmechops/strmech/textlinespeclinescollection.go:458.2,462.35 3 0
github.com/MikeAustin71/strmechops/strmech/textlinespeclinescollection.go:454.29,456.3 1 0
github.com/MikeAustin71/strmechops/strmech/textlinespeclinescollection.go:556.9,558.29 1 0
github.com/MikeAustin71/strmechops/strmech/textlinespeclinescollection.go:562.2,575.16 6 0
github.com/MikeAustin71/strmechops/strmech/textlinespeclinescollection.go:579.2,581.22 2 0
github.com/MikeAustin71/strmechops/strmech/textlinespeclinescollection.go:591.2,594.35 2 0
github.com/MikeAustin71/strmechops/strmech/textlinespeclinescollection.go:630.2,630.26 1 0
github.com/MikeAustin71/strmechops/strmech/textlinespeclinescollection.go:558.29,560.3 1 0
github.com/MikeAustin71/strmechops/strmech/textlinespeclinescollection.go:575.16,577.3 1 0
github.com/MikeAustin71/strmechops/strmech/textlinespeclinescollection.go:581.22,589.3 2 0
github.com/MikeAustin71/strmechops/strmech/textlinespeclinescollection.go:594.35,596.38 1 0
github.com/MikeAustin71/strmechops/strmech/textlinespeclinescollection.go:606.3,612.17 2 0
github.com/MikeAustin71/strmechops/strmech/textlinespeclinescollection.go:616.3,623.18 2 0
github.com/MikeAustin71/strmechops/strmech/textlinespeclinescollection.go:627.3,627.32 1 0
github.com/MikeAustin71/strmechops/strmech/textlinespeclinescollection.go:596.38,604.4 2 0
github.com/MikeAustin71/strmechops/strmech/textlinespeclinescollection.go:612.17,614.4 1 0
github.com/MikeAustin71/strmechops/strmech/textlinespeclinescollection.go:623.18,625.4 1 0
github.com/MikeAustin71/strmechops/strmech/textlinespeclinescollection.go:739.13,741.29 1 0
github.com/MikeAustin71/strmechops/strmech/textlinespeclinescollection.go:745.2,758.16 5 0
github.com/MikeAustin71/strmechops/strmech/textlinespeclinescollection.go:762.2,764.28 2 0
github.com/MikeAustin71/strmechops/strmech/textlinespeclinescollection.go:773.2,776.16 2 0
github.com/MikeAustin71/strmechops/strmech/textlinespeclinescollection.go:780.2,780.24 1 0
github.com/MikeAustin71/strmechops/strmech/textlinespeclinescollection.go:789.2,791.40 2 0
github.com/MikeAustin71/strmechops/strmech/textlinespeclinescollection.go:804.2,811.16 3 0
github.com/MikeAustin71/strmechops/strmech/textlinespeclinescollection.go:815.2,815.50 1 0
github.com/MikeAustin71/strmechops/strmech/textlinespeclinescollection.go:823.2,825.12 2 0
github.com/MikeAustin71/strmechops/strmech/textlinespeclinescollection.go:741.29,743.3 1 0
github.com/MikeAustin71/strmechops/strmech/textlinespeclinescollection.go:758.16,760.3 1 0
github.com/MikeAustin71/strmechops/strmech/textlinespeclinescollection.go:764.28,771.3 2 0
github.com/MikeAustin71/strmechops/strmech/textlinespeclinescollection.go:776.16,778.3 1 0
github.com/MikeAustin71/strmechops/strmech/textlinespeclinescollection.go:780.24,787.3 1 0
github.com/MikeAustin71/strmechops/strmech/textlinespeclinescollection.go:791.40,802.3 2 0
github.com/MikeAustin71/strmechops/strmech/textlinespeclinescollection.go:811.16,813.3 1 0
github.com/MikeAustin71/strmechops/strmech/textlinespeclinescollection.go:815.50,821.3 2 0
github.com/MikeAustin71/strmechops/strmech/numbersignsymbolcollection.go:112.13,114.31 1 1
github.com/MikeAustin71/strmechops/strmech/numbersignsymbolcollection.go:118.2,130.16 5 1
github.com/MikeAustin71/strmechops/strmech/numbersignsymbolcollection.go:134.2,139.16 3 1
github.com/MikeAustin71/strmechops/strmech/numbersignsymbolcollection.go:147.2,149.16 2 1
github.com/MikeAustin71/strmechops/strmech/numbersignsymbolcollection.go:157.2,160.12 2 1
github.com/MikeAustin71/strmechops/strmech/numbersignsymbolcollection.go:114.31,116.3 1 1
github.com/MikeAustin71/strmechops/strmech/numbersignsymbolcollection.go:130.16,132.3 1 0
github.com/MikeAustin71/strmechops/strmech/numbersignsymbolcollection.go:139.16,141.3 1 0
github.com/MikeAustin71/strmechops/strmech/numbersignsymbolcollection.go:149.16,150.31 1 1
github.com/MikeAustin71/strmechops/strmech/numbersignsymbolcollection.go:150.31,151.72 1 1
github.com/MikeAustin71/strmechops/strmech/numbersignsymbolcollection.go:151.72,153.5 1 1
github.com/MikeAustin71/strmechops/strmech/numbersignsymbolcollection.go:268.13,270.31 1 1
github.com/MikeAustin71/strmechops/strmech/numbersignsymbolcollection.go:274.2,286.16 5 1
github.com/MikeAustin71/strmechops/strmech/numbersignsymbolcollection.go:290.2,299.16 3 1
github.com/MikeAustin71/strmechops/strmech/numbersignsymbolcollection.go:307.2,309.16 2 1
github.com/MikeAustin71/strmechops/strmech/numbersignsymbolcollection.go:317.2,320.12 2 1
github.com/MikeAustin71/strmechops/strmech/numbersignsymbolcollection.go:270.31,272.3 1 1
github.com/MikeAustin71/strmechops/strmech/numbersignsymbolcollection.go:286.16,288.3 1 0
github.com/MikeAustin71/strmechops/strmech/numbersignsymbolcollection.go:299.16,301.3 1 0
github.com/MikeAustin71/strmechops/strmech/numbersignsymbolcollection.go:309.16,310.31 1 1
github.com/MikeAustin71/strmechops/strmech/numbersignsymbolcollection.go:310.31,311.72 1 1
github.com/MikeAustin71/strmechops/strmech/numbersignsymbolcollection.go:311.72,313.5 1 1
github.com/MikeAustin71/strmechops/strmech/numbersignsymbolcollection.go:328.68,330.31 1 1
github.com/MikeAustin71/strmechops/strmech/numbersignsymbolcollection.go:334.2,340.17 4 1
github.com/MikeAustin71/strmechops/strmech/numbersignsymbolcollection.go:344.2,344.30 1 1
github.com/MikeAustin71/strmechops/strmech/numbersignsymbolcollection.go:350.2,350.36 1 1
github.com/MikeAustin71/strmechops/strmech/numbersignsymbolcollection.go:330.31,332.3 1 0
github.com/MikeAustin71/strmechops/strmech/numbersignsymbolcollection.go:340.17,342.3 1 0
github.com/MikeAustin71/strmechops/strmech/numbersignsymbolcollection.go:344.30,348.3 1 1
github.com/MikeAustin71/strmechops/strmech/numbersignsymbolcollection.go:432.9,434.31 1 1
github.com/MikeAustin71/strmechops/strmech/numbersignsymbolcollection.go:438.2,452.16 6 1
github.com/MikeAustin71/strmechops/strmech/numbersignsymbolcollection.go:456.2,458.17 2 1
github.com/MikeAustin71/strmechops/strmech/numbersignsymbolcollection.go:462.2,464.30 2 1
github.com/MikeAustin71/strmechops/strmech/numbersignsymbolcollection.go:476.2,476.17 1 1
github.com/MikeAustin71/strmechops/strmech/numbersignsymbolcollection.go:434.31,436.3 1 0
github.com/MikeAustin71/strmechops/strmech/numbersignsymbolcollection.go:452.16,454.3 1 0
github.com/MikeAustin71/strmechops/strmech/numbersignsymbolcollection.go:458.17,460.3 1 0
github.com/MikeAustin71/strmechops/strmech/numbersignsymbolcollection.go:464.30,471.17 2 1
github.com/MikeAustin71/strmechops/strmech/numbersignsymbolcollection.go:471.17,473.4 1 0
github.com/MikeAustin71/strmechops/strmech/numbersignsymbolcollection.go:482.76,484.31 1 1
github.com/MikeAustin71/strmechops/strmech/numbersignsymbolcollection.go:488.2,492.42 3 1
github.com/MikeAustin71/strmechops/strmech/numbersignsymbolcollection.go:484.31,486.3 1 0
github.com/MikeAustin71/strmechops/strmech/numbersignsymbolcollection.go:540.23,542.31 1 1
github.com/MikeAustin71/strmechops/strmech/numbersignsymbolcollection.go:546.2,558.21 5 1
github.com/MikeAustin71/strmechops/strmech/numbersignsymbolcollection.go:567.2,573.21 2 1
github.com/MikeAustin71/strmechops/strmech/numbersignsymbolcollection.go:582.2,582.56 1 1
github.com/MikeAustin71/strmechops/strmech/numbersignsymbolcollection.go:542.31,544.3 1 0
github.com/MikeAustin71/strmechops/strmech/numbersignsymbolcollection.go:558.21,565.3 2 1
github.com/MikeAustin71/strmechops/strmech/numbersignsymbolcollection.go:573.21,580.3 2 1
github.com/MikeAustin71/strmechops/strmech/numbersignsymbolcollection.go:588.75,590.31 1 1
github.com/MikeAustin71/strmechops/strmech/numbersignsymbolcollection.go:594.2,598.44 3 1
github.com/MikeAustin71/strmechops/strmech/numbersignsymbolcollection.go:602.2,602.14 1 1
github.com/MikeAustin71/strmechops/strmech/numbersignsymbolcollection.go:590.31,592.3 1 0
github.com/MikeAustin71/strmechops/strmech/numbersignsymbolcollection.go:598.44,600.3 1 1
github.com/MikeAustin71/strmechops/strmech/numbersignsymbolcollection.go:659.28,661.31 1 1
github.com/MikeAustin71/strmechops/strmech/numbersignsymbolcollection.go:665.2,672.22 4 1
github.com/MikeAustin71/strmechops/strmech/numbersignsymbolcollection.go:677.2,679.17 2 1
github.com/MikeAustin71/strmechops/strmech/numbersignsymbolcollection.go:683.2,683.30 1 1
github.com/MikeAustin71/strmechops/strmech/numbersignsymbolcollection.go:696.2,696.28 1 1
github.com/MikeAustin71/strmechops/strmech/numbersignsymbolcollection.go:661.31,663.3 1 1
github.com/MikeAustin71/strmechops/strmech/numbersignsymbolcollection.go:672.22,675.3 1 0
github.com/MikeAustin71/strmechops/strmech/numbersignsymbolcollection.go:679.17,681.3 1 1
github.com/MikeAustin71/strmechops/strmech/numbersignsymbolcollection.go:683.30,691.26 2 1
github.com/MikeAustin71/strmechops/strmech/numbersignsymbolcollection.go:691.26,693.4 1 1
github.com/MikeAustin71/strmechops/strmech/numbersignsymbolcollection.go:755.29,757.31 1 1
github.com/MikeAustin71/strmechops/strmech/numbersignsymbolcollection.go:761.2,767.25 4 1
github.com/MikeAustin71/strmechops/strmech/numbersignsymbolcollection.go:772.2,774.17 2 1
github.com/MikeAustin71/strmechops/strmech/numbersignsymbolcollection.go:778.2,783.31 2 1
github.com/MikeAustin71/strmechops/strmech/numbersignsymbolcollection.go:789.2,789.30 1 1
github.com/MikeAustin71/strmechops/strmech/numbersignsymbolcollection.go:802.2,802.29 1 1
github.com/MikeAustin71/strmechops/strmech/numbersignsymbolcollection.go:757.31,759.3 1 1
github.com/MikeAustin71/strmechops/strmech/numbersignsymbolcollection.go:767.25,770.3 1 0
github.com/MikeAustin71/strmechops/strmech/numbersignsymbolcollection.go:774.17,776.3 1 1
github.com/MikeAustin71/strmechops/strmech/numbersignsymbolcollection.go:783.31,787.3 1 1
github.com/MikeAustin71/strmechops/strmech/numbersignsymbolcollection.go:789.30,797.27 2 1
github.com/MikeAustin71/strmechops/strmech/numbersignsymbolcollection.go:797.27,799.4 1 1
github.com/MikeAustin71/strmechops/strmech/numbersignsymbolcollectionatom.go:28.35,30.33 1 1
github.com/MikeAustin71/strmechops/strmech/numbersignsymbolcollectionatom.go:34.2,43.20 6 1
github.com/MikeAustin71/strmechops/strmech/numbersignsymbolcollectionatom.go:47.2,50.33 3 1
github.com/MikeAustin71/strmechops/strmech/numbersignsymbolcollectionatom.go:70.2,70.30 1 1
github.com/MikeAustin71/strmechops/strmech/numbersignsymbolcollectionatom.go:74.2,74.62 1 1
github.com/MikeAustin71/strmechops/strmech/numbersignsymbolcollectionatom.go:30.33,32.3 1 0
github.com/MikeAustin71/strmechops/strmech/numbersignsymbolcollectionatom.go:43.20,45.3 1 1
github.com/MikeAustin71/strmechops/strmech/numbersignsymbolcollectionatom.go:50.33,55.70 1 1
github.com/MikeAustin71/strmechops/strmech/numbersignsymbolcollectionatom.go:55.70,58.51 1 1
github.com/MikeAustin71/strmechops/strmech/numbersignsymbolcollectionatom.go:63.4,65.35 3 1
github.com/MikeAustin71/strmechops/strmech/numbersignsymbolcollectionatom.go:58.51,60.13 1 0
github.com/MikeAustin71/strmechops/strmech/numbersignsymbolcollectionatom.go:70.30,72.3 1 1
github.com/MikeAustin71/strmechops/strmech/numbersignsymbolcollectionatom.go:95.36,97.33 1 1
github.com/MikeAustin71/strmechops/strmech/numbersignsymbolcollectionatom.go:101.2,110.20 6 1
github.com/MikeAustin71/strmechops/strmech/numbersignsymbolcollectionatom.go:114.2,114.33 1 1
github.com/MikeAustin71/strmechops/strmech/numbersignsymbolcollectionatom.go:133.2,133.64 1 1
github.com/MikeAustin71/strmechops/strmech/numbersignsymbolcollectionatom.go:97.33,99.3 1 0
github.com/MikeAustin71/strmechops/strmech/numbersignsymbolcollectionatom.go:110.20,112.3 1 1
github.com/MikeAustin71/strmechops/strmech/numbersignsymbolcollectionatom.go:114.33,118.70 1 1
github.com/MikeAustin71/strmechops/strmech/numbersignsymbolcollectionatom.go:118.70,121.50 1 1
github.com/MikeAustin71/strmechops/strmech/numbersignsymbolcollectionatom.go:126.4,129.66 3 1
github.com/MikeAustin71/strmechops/strmech/numbersignsymbolcollectionatom.go:121.50,123.13 1 0
github.com/MikeAustin71/strmechops/strmech/numbersignsymbolcollectionatom.go:149.36,151.33 1 1
github.com/MikeAustin71/strmechops/strmech/numbersignsymbolcollectionatom.go:155.2,164.20 6 1
github.com/MikeAustin71/strmechops/strmech/numbersignsymbolcollectionatom.go:168.2,168.33 1 1
github.com/MikeAustin71/strmechops/strmech/numbersignsymbolcollectionatom.go:176.2,176.64 1 1
github.com/MikeAustin71/strmechops/strmech/numbersignsymbolcollectionatom.go:151.33,153.3 1 0
github.com/MikeAustin71/strmechops/strmech/numbersignsymbolcollectionatom.go:164.20,166.3 1 0
github.com/MikeAustin71/strmechops/strmech/numbersignsymbolcollectionatom.go:168.33,169.51 1 1
github.com/MikeAustin71/strmechops/strmech/numbersignsymbolcollectionatom.go:169.51,173.4 3 1
github.com/MikeAustin71/strmechops/strmech/numbersignsymbolcollectionatom.go:182.93,184.33 1 1
github.com/MikeAustin71/strmechops/strmech/numbersignsymbolcollectionatom.go:188.2,194.3 3 1
github.com/MikeAustin71/strmechops/strmech/numbersignsymbolcollectionatom.go:184.33,186.3 1 1
github.com/MikeAustin71/strmechops/strmech/textlinespecplaintextatom.go:16.88,18.38 1 1
github.com/MikeAustin71/strmechops/strmech/textlinespecplaintextatom.go:22.2,28.3 3 1
github.com/MikeAustin71/strmechops/strmech/textlinespecplaintextatom.go:18.38,20.3 1 1
github.com/MikeAustin71/strmechops/strmech/textlinespecplaintextatom.go:186.40,188.38 1 1
github.com/MikeAustin71/strmechops/strmech/textlinespecplaintextatom.go:192.2,206.16 6 1
github.com/MikeAustin71/strmechops/strmech/textlinespecplaintextatom.go:210.2,210.25 1 1
github.com/MikeAustin71/strmechops/strmech/textlinespecplaintextatom.go:218.2,220.21 2 1
github.com/MikeAustin71/strmechops/strmech/textlinespecplaintextatom.go:228.2,228.26 1 1
github.com/MikeAustin71/strmechops/strmech/textlinespecplaintextatom.go:240.2,242.29 2 1
github.com/MikeAustin71/strmechops/strmech/textlinespecplaintextatom.go:253.2,255.30 2 1
github.com/MikeAustin71/strmechops/strmech/textlinespecplaintextatom.go:266.2,268.31 2 1
github.com/MikeAustin71/strmechops/strmech/textlinespecplaintextatom.go:279.2,281.23 2 1
github.com/MikeAustin71/strmechops/strmech/textlinespecplaintextatom.go:310.2,310.24 1 1
github.com/MikeAustin71/strmechops/strmech/textlinespecplaintextatom.go:342.2,342.27 1 1
github.com/MikeAustin71/strmechops/strmech/textlinespecplaintextatom.go:369.2,377.12 4 1
github.com/MikeAustin71/strmechops/strmech/textlinespecplaintextatom.go:188.38,190.3 1 0
github.com/MikeAustin71/strmechops/strmech/textlinespecplaintextatom.go:206.16,208.3 1 0
github.com/MikeAustin71/strmechops/strmech/textlinespecplaintextatom.go:210.25,216.3 2 0
github.com/MikeAustin71/strmechops/strmech/textlinespecplaintextatom.go:220.21,226.3 2 0
github.com/MikeAustin71/strmechops/strmech/textlinespecplaintextatom.go:228.26,238.3 2 0
github.com/MikeAustin71/strmechops/strmech/textlinespecplaintextatom.go:242.29,251.3 2 0
github.com/MikeAustin71/strmechops/strmech/textlinespecplaintextatom.go:255.30,264.3 2 0
github.com/MikeAustin71/strmechops/strmech/textlinespecplaintextatom.go:268.31,277.3 2 0
github.com/MikeAustin71/strmechops/strmech/textlinespecplaintextatom.go:281.23,289.17 2 1
github.com/MikeAustin71/strmechops/strmech/textlinespecplaintextatom.go:293.3,301.17 2 1
github.com/MikeAustin71/strmechops/strmech/textlinespecplaintextatom.go:289.17,291.4 1 0
github.com/MikeAustin71/strmechops/strmech/textlinespecplaintextatom.go:301.17,303.4 1 0
github.com/MikeAustin71/strmechops/strmech/textlinespecplaintextatom.go:305.8,308.3 1 0
github.com/MikeAustin71/strmechops/strmech/textlinespecplaintextatom.go:310.24,319.17 2 1
github.com/MikeAustin71/strmechops/strmech/textlinespecplaintextatom.go:323.3,331.17 2 1
github.com/MikeAustin71/strmechops/strmech/textlinespecplaintextatom.go:319.17,321.4 1 0
github.com/MikeAustin71/strmechops/strmech/textlinespecplaintextatom.go:331.17,333.4 1 0
github.com/MikeAustin71/strmechops/strmech/textlinespecplaintextatom.go:335.8,340.3 1 0
github.com/MikeAustin71/strmechops/strmech/textlinespecplaintextatom.go:342.27,351.17 2 1
github.com/MikeAustin71/strmechops/strmech/textlinespecplaintextatom.go:355.3,361.35 1 1
github.com/MikeAustin71/strmechops/strmech/textlinespecplaintextatom.go:351.17,353.4 1 0
github.com/MikeAustin71/strmechops/strmech/textlinespecplaintextatom.go:363.8,367.3 1 0
github.com/MikeAustin71/strmechops/strmech/textlinespecplaintextatom.go:452.13,454.38 1 1
github.com/MikeAustin71/strmechops/strmech/textlinespecplaintextatom.go:458.2,473.16 6 1
github.com/MikeAustin71/strmechops/strmech/textlinespecplaintextatom.go:477.2,477.26 1 1
github.com/MikeAustin71/strmechops/strmech/textlinespecplaintextatom.go:485.2,487.21 2 1
github.com/MikeAustin71/strmechops/strmech/textlinespecplaintextatom.go:497.2,497.26 1 1
github.com/MikeAustin71/strmechops/strmech/textlinespecplaintextatom.go:508.2,510.26 2 1
github.com/MikeAustin71/strmechops/strmech/textlinespecplaintextatom.go:521.2,521.31 1 1
github.com/MikeAustin71/strmechops/strmech/textlinespecplaintextatom.go:532.2,536.34 3 1
github.com/MikeAustin71/strmechops/strmech/textlinespecplaintextatom.go:547.2,547.28 1 1
github.com/MikeAustin71/strmechops/strmech/textlinespecplaintextatom.go:561.2,563.35 2 1
github.com/MikeAustin71/strmechops/strmech/textlinespecplaintextatom.go:574.2,574.45 1 1
github.com/MikeAustin71/strmechops/strmech/textlinespecplaintextatom.go:588.2,590.21 2 1
github.com/MikeAustin71/strmechops/strmech/textlinespecplaintextatom.go:454.38,456.3 1 0
github.com/MikeAustin71/strmechops/strmech/textlinespecplaintextatom.go:473.16,475.3 1 0
github.com/MikeAustin71/strmechops/strmech/textlinespecplaintextatom.go:477.26,483.3 2 0
github.com/MikeAustin71/strmechops/strmech/textlinespecplaintextatom.go:487.21,495.3 2 1
github.com/MikeAustin71/strmechops/strmech/textlinespecplaintextatom.go:497.26,506.3 2 1
github.com/MikeAustin71/strmechops/strmech/textlinespecplaintextatom.go:510.26,519.3 2 1
github.com/MikeAustin71/strmechops/strmech/textlinespecplaintextatom.go:521.31,530.3 2 0
github.com/MikeAustin71/strmechops/strmech/textlinespecplaintextatom.go:536.34,545.3 2 1
github.com/MikeAustin71/strmechops/strmech/textlinespecplaintextatom.go:547.28,555.17 2 1
github.com/MikeAustin71/strmechops/strmech/textlinespecplaintextatom.go:555.17,557.4 1 0
github.com/MikeAustin71/strmechops/strmech/textlinespecplaintextatom.go:563.35,572.3 2 1
github.com/MikeAustin71/strmechops/strmech/textlinespecplaintextatom.go:574.45,582.17 2 1
github.com/MikeAustin71/strmechops/strmech/textlinespecplaintextatom.go:582.17,584.4 1 0
github.com/MikeAustin71/strmechops/strmech/textlinespectimerlinesmolecule.go:77.9,79.39 1 0
github.com/MikeAustin71/strmechops/strmech/textlinespectimerlinesmolecule.go:83.2,97.16 6 0
github.com/MikeAustin71/strmechops/strmech/textlinespectimerlinesmolecule.go:101.2,101.26 1 0
github.com/MikeAustin71/strmechops/strmech/textlinespectimerlinesmolecule.go:109.2,117.16 3 0
github.com/MikeAustin71/strmechops/strmech/textlinespectimerlinesmolecule.go:122.2,134.49 6 0
github.com/MikeAustin71/strmechops/strmech/textlinespectimerlinesmolecule.go:159.2,167.16 2 0
github.com/MikeAustin71/strmechops/strmech/textlinespectimerlinesmolecule.go:171.2,177.16 2 0
github.com/MikeAustin71/strmechops/strmech/textlinespectimerlinesmolecule.go:181.2,188.16 2 0
github.com/MikeAustin71/strmechops/strmech/textlinespectimerlinesmolecule.go:192.2,197.16 2 0
github.com/MikeAustin71/strmechops/strmech/textlinespectimerlinesmolecule.go:201.2,212.16 3 0
github.com/MikeAustin71/strmechops/strmech/textlinespectimerlinesmolecule.go:216.2,222.16 2 0
github.com/MikeAustin71/strmechops/strmech/textlinespectimerlinesmolecule.go:226.2,234.17 5 0
github.com/MikeAustin71/strmechops/strmech/textlinespectimerlinesmolecule.go:245.2,249.49 2 0
github.com/MikeAustin71/strmechops/strmech/textlinespectimerlinesmolecule.go:262.2,268.16 2 0
github.com/MikeAustin71/strmechops/strmech/textlinespectimerlinesmolecule.go:272.2,278.16 2 0
github.com/MikeAustin71/strmechops/strmech/textlinespectimerlinesmolecule.go:282.2,288.16 2 0
github.com/MikeAustin71/strmechops/strmech/textlinespectimerlinesmolecule.go:292.2,301.16 3 0
github.com/MikeAustin71/strmechops/strmech/textlinespectimerlinesmolecule.go:305.2,311.16 2 0
github.com/MikeAustin71/strmechops/strmech/textlinespectimerlinesmolecule.go:315.2,318.17 2 0
github.com/MikeAustin71/strmechops/strmech/textlinespectimerlinesmolecule.go:331.2,350.16 4 0
github.com/MikeAustin71/strmechops/strmech/textlinespectimerlinesmolecule.go:354.2,365.16 3 0
github.com/MikeAustin71/strmechops/strmech/textlinespectimerlinesmolecule.go:369.2,369.45 1 0
github.com/MikeAustin71/strmechops/strmech/textlinespectimerlinesmolecule.go:501.2,501.25 1 0
github.com/MikeAustin71/strmechops/strmech/textlinespectimerlinesmolecule.go:79.39,81.3 1 0
github.com/MikeAustin71/strmechops/strmech/textlinespectimerlinesmolecule.go:97.16,99.3 1 0
github.com/MikeAustin71/strmechops/strmech/textlinespectimerlinesmolecule.go:101.26,107.3 2 0
github.com/MikeAustin71/strmechops/strmech/textlinespectimerlinesmolecule.go:117.16,119.3 1 0
github.com/MikeAustin71/strmechops/strmech/textlinespectimerlinesmolecule.go:134.49,144.17 2 0
github.com/MikeAustin71/strmechops/strmech/textlinespectimerlinesmolecule.go:148.3,153.17 2 0
github.com/MikeAustin71/strmechops/strmech/textlinespectimerlinesmolecule.go:144.17,146.4 1 0
github.com/MikeAustin71/strmechops/strmech/textlinespectimerlinesmolecule.go:153.17,155.4 1 0
github.com/MikeAustin71/strmechops/strmech/textlinespectimerlinesmolecule.go:167.16,169.3 1 0
github.com/MikeAustin71/strmechops/strmech/textlinespectimerlinesmolecule.go:177.16,179.3 1 0
github.com/MikeAustin71/strmechops/strmech/textlinespectimerlinesmolecule.go:188.16,190.3 1 0
github.com/MikeAustin71/strmechops/strmech/textlinespectimerlinesmolecule.go:197.16,199.3 1 0
github.com/MikeAustin71/strmechops/strmech/textlinespectimerlinesmolecule.go:212.16,214.3 1 0
github.com/MikeAustin71/strmechops/strmech/textlinespectimerlinesmolecule.go:222.16,224.3 1 0
github.com/MikeAustin71/strmechops/strmech/textlinespectimerlinesmolecule.go:234.17,243.3 2 0
github.com/MikeAustin71/strmechops/strmech/textlinespectimerlinesmolecule.go:249.49,256.17 2 0
github.com/MikeAustin71/strmechops/strmech/textlinespectimerlinesmolecule.go:256.17,258.4 1 0
github.com/MikeAustin71/strmechops/strmech/textlinespectimerlinesmolecule.go:268.16,270.3 1 0
github.com/MikeAustin71/strmechops/strmech/textlinespectimerlinesmolecule.go:278.16,280.3 1 0
github.com/MikeAustin71/strmechops/strmech/textlinespectimerlinesmolecule.go:288.16,290.3 1 0
github.com/MikeAustin71/strmechops/strmech/textlinespectimerlinesmolecule.go:301.16,303.3 1 0
github.com/MikeAustin71/strmechops/strmech/textlinespectimerlinesmolecule.go:311.16,313.3 1 0
github.com/MikeAustin71/strmechops/strmech/textlinespectimerlinesmolecule.go:318.17,327.3 2 0
github.com/MikeAustin71/strmechops/strmech/textlinespectimerlinesmolecule.go:350.16,352.3 1 0
github.com/MikeAustin71/strmechops/strmech/textlinespectimerlinesmolecule.go:365.16,367.3 1 0
github.com/MikeAustin71/strmechops/strmech/textlinespectimerlinesmolecule.go:369.45,373.13 2 0
github.com/MikeAustin71/strmechops/strmech/textlinespectimerlinesmolecule.go:484.3,487.18 2 0
github.com/MikeAustin71/strmechops/strmech/textlinespectimerlinesmolecule.go:373.13,383.18 2 0
github.com/MikeAustin71/strmechops/strmech/textlinespectimerlinesmolecule.go:387.4,395.18 2 0
github.com/MikeAustin71/strmechops/strmech/textlinespectimerlinesmolecule.go:399.4,408.18 2 0
github.com/MikeAustin71/strmechops/strmech/textlinespectimerlinesmolecule.go:412.4,423.18 2 0
github.com/MikeAustin71/strmechops/strmech/textlinespectimerlinesmolecule.go:427.4,436.18 2 0
github.com/MikeAustin71/strmechops/strmech/textlinespectimerlinesmolecule.go:383.18,385.5 1 0
github.com/MikeAustin71/strmechops/strmech/textlinespectimerlinesmolecule.go:395.18,397.5 1 0
github.com/MikeAustin71/strmechops/strmech/textlinespectimerlinesmolecule.go:408.18,410.5 1 0
github.com/MikeAustin71/strmechops/strmech/textlinespectimerlinesmolecule.go:423.18,425.5 1 0
github.com/MikeAustin71/strmechops/strmech/textlinespectimerlinesmolecule.go:436.18,438.5 1 0
github.com/MikeAustin71/strmechops/strmech/textlinespectimerlinesmolecule.go:440.9,451.18 2 0
github.com/MikeAustin71/strmechops/strmech/textlinespectimerlinesmolecule.go:455.4,466.18 2 0
github.com/MikeAustin71/strmechops/strmech/textlinespectimerlinesmolecule.go:470.4,478.18 2 0
github.com/MikeAustin71/strmechops/strmech/textlinespectimerlinesmolecule.go:451.18,453.5 1 0
github.com/MikeAustin71/strmechops/strmech/textlinespectimerlinesmolecule.go:466.18,468.5 1 0
github.com/MikeAustin71/strmechops/strmech/textlinespectimerlinesmolecule.go:478.18,480.5 1 0
github.com/MikeAustin71/strmechops/strmech/textlinespectimerlinesmolecule.go:487.18,497.4 2 0
github.com/MikeAustin71/strmechops/strmech/textlinespectimerlinesmolecule.go:709.40,711.39 1 0
github.com/MikeAustin71/strmechops/strmech/textlinespectimerlinesmolecule.go:715.2,730.16 6 0
github.com/MikeAustin71/strmechops/strmech/textlinespectimerlinesmolecule.go:734.2,734.26 1 0
github.com/MikeAustin71/strmechops/strmech/textlinespectimerlinesmolecule.go:742.2,742.33 1 0
github.com/MikeAustin71/strmechops/strmech/textlinespectimerlinesmolecule.go:752.2,752.26 1 0
github.com/MikeAustin71/strmechops/strmech/textlinespectimerlinesmolecule.go:758.2,760.24 2 0
github.com/MikeAustin71/strmechops/strmech/textlinespectimerlinesmolecule.go:766.2,766.22 1 0
github.com/MikeAustin71/strmechops/strmech/textlinespectimerlinesmolecule.go:772.2,774.30 2 0
github.com/MikeAustin71/strmechops/strmech/textlinespectimerlinesmolecule.go:779.2,781.19 2 0
github.com/MikeAustin71/strmechops/strmech/textlinespectimerlinesmolecule.go:786.2,788.33 2 0
github.com/MikeAustin71/strmechops/strmech/textlinespectimerlinesmolecule.go:794.2,796.37 2 0
github.com/MikeAustin71/strmechops/strmech/textlinespectimerlinesmolecule.go:803.2,820.42 4 0
github.com/MikeAustin71/strmechops/strmech/textlinespectimerlinesmolecule.go:847.2,847.41 1 0
github.com/MikeAustin71/strmechops/strmech/textlinespectimerlinesmolecule.go:851.2,851.36 1 0
github.com/MikeAustin71/strmechops/strmech/textlinespectimerlinesmolecule.go:865.2,874.16 3 0
github.com/MikeAustin71/strmechops/strmech/textlinespectimerlinesmolecule.go:878.2,885.16 2 0
github.com/MikeAustin71/strmechops/strmech/textlinespectimerlinesmolecule.go:889.2,897.16 3 0
github.com/MikeAustin71/strmechops/strmech/textlinespectimerlinesmolecule.go:901.2,911.16 4 0
github.com/MikeAustin71/strmechops/strmech/textlinespectimerlinesmolecule.go:915.2,928.12 4 0
github.com/MikeAustin71/strmechops/strmech/textlinespectimerlinesmolecule.go:711.39,713.3 1 0
github.com/MikeAustin71/strmechops/strmech/textlinespectimerlinesmolecule.go:730.16,732.3 1 0
github.com/MikeAustin71/strmechops/strmech/textlinespectimerlinesmolecule.go:734.26,740.3 2 0
github.com/MikeAustin71/strmechops/strmech/textlinespectimerlinesmolecule.go:742.33,750.3 2 0
github.com/MikeAustin71/strmechops/strmech/textlinespectimerlinesmolecule.go:752.26,756.3 1 0
github.com/MikeAustin71/strmechops/strmech/textlinespectimerlinesmolecule.go:760.24,764.3 1 0
github.com/MikeAustin71/strmechops/strmech/textlinespectimerlinesmolecule.go:766.22,770.3 1 0
github.com/MikeAustin71/strmechops/strmech/textlinespectimerlinesmolecule.go:774.30,777.3 1 0
github.com/MikeAustin71/strmechops/strmech/textlinespectimerlinesmolecule.go:781.19,784.3 1 0
github.com/MikeAustin71/strmechops/strmech/textlinespectimerlinesmolecule.go:788.33,792.3 1 0
github.com/MikeAustin71/strmechops/strmech/textlinespectimerlinesmolecule.go:796.37,801.3 1 0
github.com/MikeAustin71/strmechops/strmech/textlinespectimerlinesmolecule.go:820.42,845.3 2 0
github.com/MikeAustin71/strmechops/strmech/textlinespectimerlinesmolecule.go:847.41,849.3 1 0
github.com/MikeAustin71/strmechops/strmech/textlinespectimerlinesmolecule.go:851.36,863.3 2 0
github.com/MikeAustin71/strmechops/strmech/textlinespectimerlinesmolecule.go:874.16,876.3 1 0
github.com/MikeAustin71/strmechops/strmech/textlinespectimerlinesmolecule.go:885.16,887.3 1 0
github.com/MikeAustin71/strmechops/strmech/textlinespectimerlinesmolecule.go:897.16,899.3 1 0
github.com/MikeAustin71/strmechops/strmech/textlinespectimerlinesmolecule.go:911.16,913.3 1 0
github.com/MikeAustin71/strmechops/strmech/textlinespectimerlinesmolecule.go:934.99,936.39 1 0
github.com/MikeAustin71/strmechops/strmech/textlinespectimerlinesmolecule.go:940.2,946.3 3 0
github.com/MikeAustin71/strmechops/strmech/textlinespectimerlinesmolecule.go:936.39,938.3 1 0
github.com/MikeAustin71/strmechops/strmech/enumnumsignsymbolposition.go:90.71,97.2 3 1
github.com/MikeAustin71/strmechops/strmech/enumnumsignsymbolposition.go:102.73,109.2 3 1
github.com/MikeAustin71/strmechops/strmech/enumnumsignsymbolposition.go:114.72,121.2 3 1
github.com/MikeAustin71/strmechops/strmech/enumnumsignsymbolposition.go:127.81,134.2 3 1
github.com/MikeAustin71/strmechops/strmech/enumnumsignsymbolposition.go:150.58,159.9 4 1
github.com/MikeAustin71/strmechops/strmech/enumnumsignsymbolposition.go:163.2,163.15 1 1
github.com/MikeAustin71/strmechops/strmech/enumnumsignsymbolposition.go:159.9,161.3 1 1
github.com/MikeAustin71/strmechops/strmech/enumnumsignsymbolposition.go:187.58,194.19 3 1
github.com/MikeAustin71/strmechops/strmech/enumnumsignsymbolposition.go:198.2,198.13 1 1
github.com/MikeAustin71/strmechops/strmech/enumnumsignsymbolposition.go:194.19,196.3 1 1
github.com/MikeAustin71/strmechops/strmech/enumnumsignsymbolposition.go:258.53,266.26 4 1
github.com/MikeAustin71/strmechops/strmech/enumnumsignsymbolposition.go:274.2,277.19 3 1
github.com/MikeAustin71/strmechops/strmech/enumnumsignsymbolposition.go:302.2,302.30 1 1
github.com/MikeAustin71/strmechops/strmech/enumnumsignsymbolposition.go:266.26,272.3 1 0
github.com/MikeAustin71/strmechops/strmech/enumnumsignsymbolposition.go:277.19,282.10 2 1
github.com/MikeAustin71/strmechops/strmech/enumnumsignsymbolposition.go:282.10,287.4 1 1
github.com/MikeAustin71/strmechops/strmech/enumnumsignsymbolposition.go:289.8,294.10 2 1
github.com/MikeAustin71/strmechops/strmech/enumnumsignsymbolposition.go:294.10,299.4 1 1
github.com/MikeAustin71/strmechops/strmech/enumnumsignsymbolposition.go:312.73,319.2 3 1
github.com/MikeAustin71/strmechops/strmech/enumnumsignsymbolposition.go:328.58,335.2 3 1
github.com/MikeAustin71/strmechops/strmech/textfieldspecspacer.go:131.33,133.32 1 1
github.com/MikeAustin71/strmechops/strmech/textfieldspecspacer.go:137.2,150.16 6 1
github.com/MikeAustin71/strmechops/strmech/textfieldspecspacer.go:154.2,160.12 2 1
github.com/MikeAustin71/strmechops/strmech/textfieldspecspacer.go:133.32,135.3 1 1
github.com/MikeAustin71/strmechops/strmech/textfieldspecspacer.go:150.16,152.3 1 1
github.com/MikeAustin71/strmechops/strmech/textfieldspecspacer.go:243.9,245.32 1 1
github.com/MikeAustin71/strmechops/strmech/textfieldspecspacer.go:249.2,262.16 6 1
github.com/MikeAustin71/strmechops/strmech/textfieldspecspacer.go:266.2,269.12 1 1
github.com/MikeAustin71/strmechops/strmech/textfieldspecspacer.go:245.32,247.3 1 1
github.com/MikeAustin71/strmechops/strmech/textfieldspecspacer.go:262.16,264.3 1 1
github.com/MikeAustin71/strmechops/strmech/textfieldspecspacer.go:357.9,359.32 1 1
github.com/MikeAustin71/strmechops/strmech/textfieldspecspacer.go:363.2,379.16 7 1
github.com/MikeAustin71/strmechops/strmech/textfieldspecspacer.go:383.2,391.16 3 1
github.com/MikeAustin71/strmechops/strmech/textfieldspecspacer.go:395.2,397.27 2 1
github.com/MikeAustin71/strmechops/strmech/textfieldspecspacer.go:359.32,361.3 1 1
github.com/MikeAustin71/strmechops/strmech/textfieldspecspacer.go:379.16,381.3 1 1
github.com/MikeAustin71/strmechops/strmech/textfieldspecspacer.go:391.16,393.3 1 1
github.com/MikeAustin71/strmechops/strmech/textfieldspecspacer.go:477.9,479.32 1 1
github.com/MikeAustin71/strmechops/strmech/textfieldspecspacer.go:483.2,496.16 6 1
github.com/MikeAustin71/strmechops/strmech/textfieldspecspacer.go:500.2,508.32 3 1
github.com/MikeAustin71/strmechops/strmech/textfieldspecspacer.go:479.32,481.3 1 1
github.com/MikeAustin71/strmechops/strmech/textfieldspecspacer.go:496.16,498.3 1 1
github.com/MikeAustin71/strmechops/strmech/textfieldspecspacer.go:514.52,516.32 1 1
github.com/MikeAustin71/strmechops/strmech/textfieldspecspacer.go:520.2,529.8 5 1
github.com/MikeAustin71/strmechops/strmech/textfieldspecspacer.go:516.32,518.3 1 1
github.com/MikeAustin71/strmechops/strmech/textfieldspecspacer.go:543.52,545.32 1 1
github.com/MikeAustin71/strmechops/strmech/textfieldspecspacer.go:549.2,556.27 3 1
github.com/MikeAustin71/strmechops/strmech/textfieldspecspacer.go:545.32,547.3 1 1
github.com/MikeAustin71/strmechops/strmech/textfieldspecspacer.go:571.43,573.32 1 1
github.com/MikeAustin71/strmechops/strmech/textfieldspecspacer.go:577.2,581.23 3 1
github.com/MikeAustin71/strmechops/strmech/textfieldspecspacer.go:585.2,587.9 2 1
github.com/MikeAustin71/strmechops/strmech/textfieldspecspacer.go:591.2,594.14 1 1
github.com/MikeAustin71/strmechops/strmech/textfieldspecspacer.go:573.32,575.3 1 1
github.com/MikeAustin71/strmechops/strmech/textfieldspecspacer.go:581.23,583.3 1 1
github.com/MikeAustin71/strmechops/strmech/textfieldspecspacer.go:587.9,589.3 1 1
github.com/MikeAustin71/strmechops/strmech/textfieldspecspacer.go:611.65,613.32 1 1
github.com/MikeAustin71/strmechops/strmech/textfieldspecspacer.go:617.2,621.32 3 1
github.com/MikeAustin71/strmechops/strmech/textfieldspecspacer.go:613.32,615.3 1 1
github.com/MikeAustin71/strmechops/strmech/textfieldspecspacer.go:634.72,636.32 1 1
github.com/MikeAustin71/strmechops/strmech/textfieldspecspacer.go:640.2,655.16 5 1
github.com/MikeAustin71/strmechops/strmech/textfieldspecspacer.go:659.2,659.30 1 1
github.com/MikeAustin71/strmechops/strmech/textfieldspecspacer.go:636.32,638.3 1 1
github.com/MikeAustin71/strmechops/strmech/textfieldspecspacer.go:655.16,657.3 1 1
github.com/MikeAustin71/strmechops/strmech/textfieldspecspacer.go:768.9,770.32 1 1
github.com/MikeAustin71/strmechops/strmech/textfieldspecspacer.go:774.2,787.16 6 1
github.com/MikeAustin71/strmechops/strmech/textfieldspecspacer.go:791.2,795.23 1 1
github.com/MikeAustin71/strmechops/strmech/textfieldspecspacer.go:770.32,772.3 1 1
github.com/MikeAustin71/strmechops/strmech/textfieldspecspacer.go:787.16,789.3 1 1
github.com/MikeAustin71/strmechops/strmech/textfieldspecspacer.go:825.16,827.32 1 1
github.com/MikeAustin71/strmechops/strmech/textfieldspecspacer.go:831.2,840.16 4 1
github.com/MikeAustin71/strmechops/strmech/textfieldspecspacer.go:827.32,829.3 1 1
github.com/MikeAustin71/strmechops/strmech/textfieldspecspacer.go:915.33,917.32 1 1
github.com/MikeAustin71/strmechops/strmech/textfieldspecspacer.go:921.2,934.16 6 1
github.com/MikeAustin71/strmechops/strmech/textfieldspecspacer.go:938.2,945.12 2 1
github.com/MikeAustin71/strmechops/strmech/textfieldspecspacer.go:917.32,919.3 1 1
github.com/MikeAustin71/strmechops/strmech/textfieldspecspacer.go:934.16,936.3 1 1
github.com/MikeAustin71/strmechops/strmech/textfieldspecspacer.go:977.69,979.32 1 1
github.com/MikeAustin71/strmechops/strmech/textfieldspecspacer.go:983.2,991.26 5 1
github.com/MikeAustin71/strmechops/strmech/textfieldspecspacer.go:979.32,981.3 1 1
github.com/MikeAustin71/strmechops/strmech/textfieldspecspacer.go:1022.73,1024.32 1 1
github.com/MikeAustin71/strmechops/strmech/textfieldspecspacer.go:1028.2,1036.27 5 1
github.com/MikeAustin71/strmechops/strmech/textfieldspecspacer.go:1024.32,1026.3 1 1
github.com/MikeAustin71/strmechops/strmech/textfieldspecspacer.go:1136.57,1138.32 1 1
github.com/MikeAustin71/strmechops/strmech/textfieldspecspacer.go:1142.2,1157.16 7 1
github.com/MikeAustin71/strmechops/strmech/textfieldspecspacer.go:1161.2,1167.16 2 1
github.com/MikeAustin71/strmechops/strmech/textfieldspecspacer.go:1172.2,1172.28 1 1
github.com/MikeAustin71/strmechops/strmech/textfieldspecspacer.go:1138.32,1140.3 1 1
github.com/MikeAustin71/strmechops/strmech/textfieldspecspacer.go:1157.16,1159.3 1 1
github.com/MikeAustin71/strmechops/strmech/textfieldspecspacer.go:1167.16,1170.3 1 1
github.com/MikeAustin71/strmechops/strmech/textfieldspecspacer.go:1273.30,1275.32 1 1
github.com/MikeAustin71/strmechops/strmech/textfieldspecspacer.go:1279.2,1294.16 7 1
github.com/MikeAustin71/strmechops/strmech/textfieldspecspacer.go:1298.2,1304.27 2 1
github.com/MikeAustin71/strmechops/strmech/textfieldspecspacer.go:1275.32,1277.3 1 1
github.com/MikeAustin71/strmechops/strmech/textfieldspecspacer.go:1294.16,1296.3 1 1
github.com/MikeAustin71/strmechops/strmech/textfieldspecspacer.go:1465.13,1467.32 1 1
github.com/MikeAustin71/strmechops/strmech/textfieldspecspacer.go:1471.2,1479.42 4 1
github.com/MikeAustin71/strmechops/strmech/textfieldspecspacer.go:1508.2,1516.19 2 1
github.com/MikeAustin71/strmechops/strmech/textfieldspecspacer.go:1522.2,1522.15 1 1
github.com/MikeAustin71/strmechops/strmech/textfieldspecspacer.go:1467.32,1469.3 1 1
github.com/MikeAustin71/strmechops/strmech/textfieldspecspacer.go:1479.42,1490.17 3 1
github.com/MikeAustin71/strmechops/strmech/textfieldspecspacer.go:1494.3,1497.43 2 1
github.com/MikeAustin71/strmechops/strmech/textfieldspecspacer.go:1490.17,1492.4 1 1
github.com/MikeAustin71/strmechops/strmech/textfieldspecspacer.go:1497.43,1505.4 2 0
github.com/MikeAustin71/strmechops/strmech/textfieldspecspacer.go:1516.19,1520.3 1 1
github.com/MikeAustin71/strmechops/strmech/textfieldspecspacer.go:1547.63,1549.32 1 1
github.com/MikeAustin71/strmechops/strmech/textfieldspecspacer.go:1553.2,1559.8 4 1
github.com/MikeAustin71/strmechops/strmech/textfieldspecspacer.go:1549.32,1551.3 1 1
github.com/MikeAustin71/strmechops/strmech/textfieldspecspacer.go:1654.13,1656.32 1 1
github.com/MikeAustin71/strmechops/strmech/textfieldspecspacer.go:1660.2,1672.16 5 1
github.com/MikeAustin71/strmechops/strmech/textfieldspecspacer.go:1676.2,1682.12 2 1
github.com/MikeAustin71/strmechops/strmech/textfieldspecspacer.go:1656.32,1658.3 1 1
github.com/MikeAustin71/strmechops/strmech/textfieldspecspacer.go:1672.16,1674.3 1 1
github.com/MikeAustin71/strmechops/strmech/textfieldspecspacer.go:1735.60,1737.32 1 1
github.com/MikeAustin71/strmechops/strmech/textfieldspecspacer.go:1741.2,1755.16 5 1
github.com/MikeAustin71/strmechops/strmech/textfieldspecspacer.go:1760.2,1760.22 1 1
github.com/MikeAustin71/strmechops/strmech/textfieldspecspacer.go:1737.32,1739.3 1 1
github.com/MikeAustin71/strmechops/strmech/textfieldspecspacer.go:1755.16,1758.3 1 1
github.com/MikeAustin71/strmechops/strmech/textfieldspecspacer.go:1847.33,1849.32 1 1
github.com/MikeAustin71/strmechops/strmech/textfieldspecspacer.go:1853.2,1866.16 6 1
github.com/MikeAustin71/strmechops/strmech/textfieldspecspacer.go:1870.2,1870.21 1 1
github.com/MikeAustin71/strmechops/strmech/textfieldspecspacer.go:1879.2,1888.16 3 1
github.com/MikeAustin71/strmechops/strmech/textfieldspecspacer.go:1892.2,1897.17 3 1
github.com/MikeAustin71/strmechops/strmech/textfieldspecspacer.go:1905.2,1905.12 1 1
github.com/MikeAustin71/strmechops/strmech/textfieldspecspacer.go:1849.32,1851.3 1 1
github.com/MikeAustin71/strmechops/strmech/textfieldspecspacer.go:1866.16,1868.3 1 1
github.com/MikeAustin71/strmechops/strmech/textfieldspecspacer.go:1870.21,1877.3 2 1
github.com/MikeAustin71/strmechops/strmech/textfieldspecspacer.go:1888.16,1890.3 1 1
github.com/MikeAustin71/strmechops/strmech/textfieldspecspacer.go:1897.17,1903.3 1 0
github.com/MikeAustin71/strmechops/strmech/textfieldspecspacer.go:1914.67,1916.32 1 1
github.com/MikeAustin71/strmechops/strmech/textfieldspecspacer.go:1920.2,1924.30 3 1
github.com/MikeAustin71/strmechops/strmech/textfieldspecspacer.go:1916.32,1918.3 1 1
github.com/MikeAustin71/strmechops/strmech/textfieldspecspacer.go:1933.66,1935.32 1 1
github.com/MikeAustin71/strmechops/strmech/textfieldspecspacer.go:1939.2,1943.30 3 1
github.com/MikeAustin71/strmechops/strmech/textfieldspecspacer.go:1935.32,1937.3 1 1
github.com/MikeAustin71/strmechops/strmech/strmechquark.go:102.13,104.28 1 1
github.com/MikeAustin71/strmechops/strmech/strmechquark.go:108.2,112.20 3 1
github.com/MikeAustin71/strmechops/strmech/strmechquark.go:118.2,124.31 3 1
github.com/MikeAustin71/strmechops/strmech/strmechquark.go:135.2,138.44 3 1
github.com/MikeAustin71/strmechops/strmech/strmechquark.go:191.2,191.24 1 1
github.com/MikeAustin71/strmechops/strmech/strmechquark.go:104.28,106.3 1 1
github.com/MikeAustin71/strmechops/strmech/strmechquark.go:112.20,114.3 1 0
github.com/MikeAustin71/strmechops/strmech/strmechquark.go:114.8,116.3 1 1
github.com/MikeAustin71/strmechops/strmech/strmechquark.go:124.31,133.3 2 1
github.com/MikeAustin71/strmechops/strmech/strmechquark.go:138.44,141.16 2 1
github.com/MikeAustin71/strmechops/strmech/strmechquark.go:142.10,143.27 1 1
github.com/MikeAustin71/strmechops/strmech/strmechquark.go:144.10,145.26 1 1
github.com/MikeAustin71/strmechops/strmech/strmechquark.go:146.10,147.26 1 1
github.com/MikeAustin71/strmechops/strmech/strmechquark.go:148.10,149.26 1 1
github.com/MikeAustin71/strmechops/strmech/strmechquark.go:150.10,151.26 1 1
github.com/MikeAustin71/strmechops/strmech/strmechquark.go:152.10,153.26 1 1
github.com/MikeAustin71/strmechops/strmech/strmechquark.go:154.10,155.26 1 1
github.com/MikeAustin71/strmechops/strmech/strmechquark.go:156.13,157.24 1 1
github.com/MikeAustin71/strmechops/strmech/strmechquark.go:158.13,159.24 1 1
github.com/MikeAustin71/strmechops/strmech/strmechquark.go:160.13,161.24 1 1
github.com/MikeAustin71/strmechops/strmech/strmechquark.go:162.13,163.24 1 1
github.com/MikeAustin71/strmechops/strmech/strmechquark.go:164.13,165.24 1 1
github.com/MikeAustin71/strmechops/strmech/strmechquark.go:166.13,167.24 1 1
github.com/MikeAustin71/strmechops/strmech/strmechquark.go:168.13,169.24 1 1
github.com/MikeAustin71/strmechops/strmech/strmechquark.go:170.11,171.25 1 1
github.com/MikeAustin71/strmechops/strmech/strmechquark.go:172.11,173.25 1 1
github.com/MikeAustin71/strmechops/strmech/strmechquark.go:174.13,175.23 1 1
github.com/MikeAustin71/strmechops/strmech/strmechquark.go:176.12,178.20 1 1
github.com/MikeAustin71/strmechops/strmech/strmechquark.go:184.11,185.22 1 1
github.com/MikeAustin71/strmechops/strmech/strmechquark.go:178.20,180.5 1 1
github.com/MikeAustin71/strmechops/strmech/strmechquark.go:180.10,182.5 1 1
github.com/MikeAustin71/strmechops/strmech/strmechquark.go:293.13,295.28 1 1
github.com/MikeAustin71/strmechops/strmech/strmechquark.go:299.2,303.20 3 1
github.com/MikeAustin71/strmechops/strmech/strmechquark.go:309.2,317.28 4 1
github.com/MikeAustin71/strmechops/strmech/strmechquark.go:326.2,382.31 20 1
github.com/MikeAustin71/strmechops/strmech/strmechquark.go:295.28,297.3 1 0
github.com/MikeAustin71/strmechops/strmech/strmechquark.go:303.20,305.3 1 0
github.com/MikeAustin71/strmechops/strmech/strmechquark.go:305.8,307.3 1 1
github.com/MikeAustin71/strmechops/strmech/strmechquark.go:317.28,324.3 2 0
github.com/MikeAustin71/strmechops/strmech/strmechquark.go:391.22,393.28 1 1
github.com/MikeAustin71/strmechops/strmech/strmechquark.go:397.2,402.21 4 1
github.com/MikeAustin71/strmechops/strmech/strmechquark.go:406.2,408.29 2 1
github.com/MikeAustin71/strmechops/strmech/strmechquark.go:412.2,412.14 1 1
github.com/MikeAustin71/strmechops/strmech/strmechquark.go:393.28,395.3 1 1
github.com/MikeAustin71/strmechops/strmech/strmechquark.go:402.21,404.3 1 1
github.com/MikeAustin71/strmechops/strmech/strmechquark.go:408.29,410.3 1 1
github.com/MikeAustin71/strmechops/strmech/strmechquark.go:428.17,430.28 1 1
github.com/MikeAustin71/strmechops/strmech/strmechquark.go:434.2,440.24 3 1
github.com/MikeAustin71/strmechops/strmech/strmechquark.go:445.2,447.24 1 1
github.com/MikeAustin71/strmechops/strmech/strmechquark.go:451.2,454.15 1 1
github.com/MikeAustin71/strmechops/strmech/strmechquark.go:430.28,432.3 1 0
github.com/MikeAustin71/strmechops/strmech/strmechquark.go:440.24,443.3 1 1
github.com/MikeAustin71/strmechops/strmech/strmechquark.go:447.24,449.3 1 0
github.com/MikeAustin71/strmechops/strmech/strmechquark.go:480.9,482.28 1 1
github.com/MikeAustin71/strmechops/strmech/strmechquark.go:486.2,499.16 6 1
github.com/MikeAustin71/strmechops/strmech/strmechquark.go:503.2,505.23 2 1
github.com/MikeAustin71/strmechops/strmech/strmechquark.go:512.2,512.18 1 1
github.com/MikeAustin71/strmechops/strmech/strmechquark.go:521.2,521.16 1 1
github.com/MikeAustin71/strmechops/strmech/strmechquark.go:530.2,530.28 1 1
github.com/MikeAustin71/strmechops/strmech/strmechquark.go:541.2,541.23 1 1
github.com/MikeAustin71/strmechops/strmech/strmechquark.go:550.2,552.21 2 1
github.com/MikeAustin71/strmechops/strmech/strmechquark.go:561.2,561.16 1 1
github.com/MikeAustin71/strmechops/strmech/strmechquark.go:482.28,484.3 1 0
github.com/MikeAustin71/strmechops/strmech/strmechquark.go:499.16,501.3 1 0
github.com/MikeAustin71/strmechops/strmech/strmechquark.go:505.23,510.3 1 1
github.com/MikeAustin71/strmechops/strmech/strmechquark.go:512.18,519.3 1 1
github.com/MikeAustin71/strmechops/strmech/strmechquark.go:521.16,528.3 1 1
github.com/MikeAustin71/strmechops/strmech/strmechquark.go:530.28,539.3 1 1
github.com/MikeAustin71/strmechops/strmech/strmechquark.go:541.23,548.3 1 1
github.com/MikeAustin71/strmechops/strmech/strmechquark.go:552.21,554.31 1 1
github.com/MikeAustin71/strmechops/strmech/strmechquark.go:558.3,558.11 1 1
github.com/MikeAustin71/strmechops/strmech/strmechquark.go:554.31,556.4 1 1
github.com/MikeAustin71/strmechops/strmech/strmechquark.go:647.9,649.28 1 1
github.com/MikeAustin71/strmechops/strmech/strmechquark.go:653.2,657.20 3 1
github.com/MikeAustin71/strmechops/strmech/strmechquark.go:663.2,669.23 3 1
github.com/MikeAustin71/strmechops/strmech/strmechquark.go:676.2,676.18 1 1
github.com/MikeAustin71/strmechops/strmech/strmechquark.go:685.2,685.16 1 1
github.com/MikeAustin71/strmechops/strmech/strmechquark.go:694.2,694.28 1 1
github.com/MikeAustin71/strmechops/strmech/strmechquark.go:706.2,706.23 1 1
github.com/MikeAustin71/strmechops/strmech/strmechquark.go:716.2,716.25 1 1
github.com/MikeAustin71/strmechops/strmech/strmechquark.go:725.2,725.16 1 1
github.com/MikeAustin71/strmechops/strmech/strmechquark.go:649.28,651.3 1 0
github.com/MikeAustin71/strmechops/strmech/strmechquark.go:657.20,659.3 1 0
github.com/MikeAustin71/strmechops/strmech/strmechquark.go:659.8,661.3 1 1
github.com/MikeAustin71/strmechops/strmech/strmechquark.go:669.23,674.3 1 1
github.com/MikeAustin71/strmechops/strmech/strmechquark.go:676.18,683.3 1 1
github.com/MikeAustin71/strmechops/strmech/strmechquark.go:685.16,692.3 1 1
github.com/MikeAustin71/strmechops/strmech/strmechquark.go:694.28,704.3 1 1
github.com/MikeAustin71/strmechops/strmech/strmechquark.go:706.23,714.3 1 1
github.com/MikeAustin71/strmechops/strmech/strmechquark.go:716.25,718.31 1 1
github.com/MikeAustin71/strmechops/strmech/strmechquark.go:722.3,722.11 1 1
github.com/MikeAustin71/strmechops/strmech/strmechquark.go:718.31,720.4 1 1
github.com/MikeAustin71/strmechops/strmech/strmechquark.go:854.13,856.28 1 1
github.com/MikeAustin71/strmechops/strmech/strmechquark.go:860.2,864.20 3 1
github.com/MikeAustin71/strmechops/strmech/strmechquark.go:870.2,881.23 7 1
github.com/MikeAustin71/strmechops/strmech/strmechquark.go:894.2,894.20 1 1
github.com/MikeAustin71/strmechops/strmech/strmechquark.go:910.2,910.18 1 1
github.com/MikeAustin71/strmechops/strmech/strmechquark.go:925.2,925.30 1 1
github.com/MikeAustin71/strmechops/strmech/strmechquark.go:943.2,943.27 1 1
github.com/MikeAustin71/strmechops/strmech/strmechquark.go:959.2,969.28 7 1
github.com/MikeAustin71/strmechops/strmech/strmechquark.go:991.2,991.24 1 1
github.com/MikeAustin71/strmechops/strmech/strmechquark.go:1018.2,1018.17 1 1
github.com/MikeAustin71/strmechops/strmech/strmechquark.go:1030.2,1030.18 1 1
github.com/MikeAustin71/strmechops/strmech/strmechquark.go:1042.2,1048.6 2 1
github.com/MikeAustin71/strmechops/strmech/strmechquark.go:856.28,858.3 1 0
github.com/MikeAustin71/strmechops/strmech/strmechquark.go:864.20,866.3 1 0
github.com/MikeAustin71/strmechops/strmech/strmechquark.go:866.8,868.3 1 1
github.com/MikeAustin71/strmechops/strmech/strmechquark.go:881.23,892.3 2 1
github.com/MikeAustin71/strmechops/strmech/strmechquark.go:894.20,908.3 2 1
github.com/MikeAustin71/strmechops/strmech/strmechquark.go:910.18,923.3 2 1
github.com/MikeAustin71/strmechops/strmech/strmechquark.go:925.30,941.3 2 1
github.com/MikeAustin71/strmechops/strmech/strmechquark.go:943.27,957.3 2 1
github.com/MikeAustin71/strmechops/strmech/strmechquark.go:969.28,974.35 3 1
github.com/MikeAustin71/strmechops/strmech/strmechquark.go:982.3,988.7 2 1
github.com/MikeAustin71/strmechops/strmech/strmechquark.go:974.35,977.4 2 1
github.com/MikeAustin71/strmechops/strmech/strmechquark.go:977.9,980.4 2 1
github.com/MikeAustin71/strmechops/strmech/strmechquark.go:991.24,993.28 1 1
github.com/MikeAustin71/strmechops/strmech/strmechquark.go:999.3,1000.26 1 1
github.com/MikeAustin71/strmechops/strmech/strmechquark.go:1008.3,1009.26 1 1
github.com/MikeAustin71/strmechops/strmech/strmechquark.go:1015.3,1015.8 1 1
github.com/MikeAustin71/strmechops/strmech/strmechquark.go:993.28,995.4 1 1
github.com/MikeAustin71/strmechops/strmech/strmechquark.go:995.9,997.4 1 1
github.com/MikeAustin71/strmechops/strmech/strmechquark.go:1000.26,1005.12 4 1
github.com/MikeAustin71/strmechops/strmech/strmechquark.go:1009.26,1012.9 2 1
github.com/MikeAustin71/strmechops/strmech/strmechquark.go:1018.17,1028.3 5 1
github.com/MikeAustin71/strmechops/strmech/strmechquark.go:1030.18,1040.3 5 1
github.com/MikeAustin71/strmechops/strmech/strmechquark.go:1065.22,1067.28 1 1
github.com/MikeAustin71/strmechops/strmech/strmechquark.go:1071.2,1077.38 4 1
github.com/MikeAustin71/strmechops/strmech/strmechquark.go:1067.28,1069.3 1 1
github.com/MikeAustin71/strmechops/strmech/strmechquark.go:1111.24,1113.28 1 1
github.com/MikeAustin71/strmechops/strmech/strmechquark.go:1117.2,1121.31 3 1
github.com/MikeAustin71/strmechops/strmech/strmechquark.go:1113.28,1115.3 1 0
github.com/MikeAustin71/strmechops/strmech/strmechquark.go:1153.24,1155.28 1 1
github.com/MikeAustin71/strmechops/strmech/strmechquark.go:1159.2,1163.42 3 1
github.com/MikeAustin71/strmechops/strmech/strmechquark.go:1155.28,1157.3 1 0
github.com/MikeAustin71/strmechops/strmech/strmechquark.go:1231.9,1233.28 1 1
github.com/MikeAustin71/strmechops/strmech/strmechquark.go:1237.2,1241.20 3 1
github.com/MikeAustin71/strmechops/strmech/strmechquark.go:1247.2,1255.25 4 1
github.com/MikeAustin71/strmechops/strmech/strmechquark.go:1263.2,1265.24 2 1
github.com/MikeAustin71/strmechops/strmech/strmechquark.go:1273.2,1273.38 1 1
github.com/MikeAustin71/strmechops/strmech/strmechquark.go:1284.2,1284.20 1 1
github.com/MikeAustin71/strmechops/strmech/strmechquark.go:1233.28,1235.3 1 0
github.com/MikeAustin71/strmechops/strmech/strmechquark.go:1241.20,1243.3 1 0
github.com/MikeAustin71/strmechops/strmech/strmechquark.go:1243.8,1245.3 1 1
github.com/MikeAustin71/strmechops/strmech/strmechquark.go:1255.25,1261.3 1 1
github.com/MikeAustin71/strmechops/strmech/strmechquark.go:1265.24,1271.3 1 1
github.com/MikeAustin71/strmechops/strmech/strmechquark.go:1273.38,1275.38 1 1
github.com/MikeAustin71/strmechops/strmech/strmechquark.go:1275.38,1276.39 1 1
github.com/MikeAustin71/strmechops/strmech/strmechquark.go:1276.39,1278.10 2 1
github.com/MikeAustin71/strmechops/strmech/strmechquark.go:1346.9,1348.28 1 1
github.com/MikeAustin71/strmechops/strmech/strmechquark.go:1352.2,1356.20 3 1
github.com/MikeAustin71/strmechops/strmech/strmechquark.go:1362.2,1370.25 4 1
github.com/MikeAustin71/strmechops/strmech/strmechquark.go:1378.2,1380.24 2 1
github.com/MikeAustin71/strmechops/strmech/strmechquark.go:1388.2,1388.38 1 1
github.com/MikeAustin71/strmechops/strmech/strmechquark.go:1398.2,1398.20 1 1
github.com/MikeAustin71/strmechops/strmech/strmechquark.go:1348.28,1350.3 1 1
github.com/MikeAustin71/strmechops/strmech/strmechquark.go:1356.20,1358.3 1 0
github.com/MikeAustin71/strmechops/strmech/strmechquark.go:1358.8,1360.3 1 1
github.com/MikeAustin71/strmechops/strmech/strmechquark.go:1370.25,1376.3 1 1
github.com/MikeAustin71/strmechops/strmech/strmechquark.go:1380.24,1386.3 1 1
github.com/MikeAustin71/strmechops/strmech/strmechquark.go:1388.38,1390.38 1 1
github.com/MikeAustin71/strmechops/strmech/strmechquark.go:1390.38,1391.39 1 1
github.com/MikeAustin71/strmechops/strmech/strmechquark.go:1391.39,1393.10 2 1
github.com/MikeAustin71/strmechops/strmech/strmechquark.go:1405.25,1407.28 1 1
github.com/MikeAustin71/strmechops/strmech/strmechquark.go:1411.2,1417.33 4 1
github.com/MikeAustin71/strmechops/strmech/strmechquark.go:1423.2,1423.13 1 1
github.com/MikeAustin71/strmechops/strmech/strmechquark.go:1407.28,1409.3 1 1
github.com/MikeAustin71/strmechops/strmech/strmechquark.go:1417.33,1418.26 1 1
github.com/MikeAustin71/strmechops/strmech/strmechquark.go:1418.26,1420.4 1 1
github.com/MikeAustin71/strmechops/strmech/strmechquark.go:1430.21,1432.28 1 1
github.com/MikeAustin71/strmechops/strmech/strmechquark.go:1436.2,1440.19 3 1
github.com/MikeAustin71/strmechops/strmech/strmechquark.go:1444.2,1446.36 2 1
github.com/MikeAustin71/strmechops/strmech/strmechquark.go:1469.2,1469.24 1 1
github.com/MikeAustin71/strmechops/strmech/strmechquark.go:1432.28,1434.3 1 0
github.com/MikeAustin71/strmechops/strmech/strmechquark.go:1440.19,1442.3 1 1
github.com/MikeAustin71/strmechops/strmech/strmechquark.go:1446.36,1448.24 1 1
github.com/MikeAustin71/strmechops/strmech/strmechquark.go:1452.3,1454.22 1 1
github.com/MikeAustin71/strmechops/strmech/strmechquark.go:1448.24,1449.12 1 1
github.com/MikeAustin71/strmechops/strmech/strmechquark.go:1454.22,1458.9 2 1
github.com/MikeAustin71/strmechops/strmech/strmechquark.go:1460.9,1462.22 1 1
github.com/MikeAustin71/strmechops/strmech/strmechquark.go:1462.22,1464.9 1 1
github.com/MikeAustin71/strmechops/strmech/strmechquark.go:1539.9,1541.28 1 1
github.com/MikeAustin71/strmechops/strmech/strmechquark.go:1545.2,1549.20 3 1
github.com/MikeAustin71/strmechops/strmech/strmechquark.go:1555.2,1559.16 2 1
github.com/MikeAustin71/strmechops/strmech/strmechquark.go:1569.2,1569.19 1 1
github.com/MikeAustin71/strmechops/strmech/strmechquark.go:1578.2,1581.30 3 1
github.com/MikeAustin71/strmechops/strmech/strmechquark.go:1597.2,1597.24 1 1
github.com/MikeAustin71/strmechops/strmech/strmechquark.go:1541.28,1543.3 1 0
github.com/MikeAustin71/strmechops/strmech/strmechquark.go:1549.20,1551.3 1 0
github.com/MikeAustin71/strmechops/strmech/strmechquark.go:1551.8,1553.3 1 1
github.com/MikeAustin71/strmechops/strmech/strmechquark.go:1559.16,1567.3 1 1
github.com/MikeAustin71/strmechops/strmech/strmechquark.go:1569.19,1576.3 1 1
github.com/MikeAustin71/strmechops/strmech/strmechquark.go:1581.30,1585.17 2 1
github.com/MikeAustin71/strmechops/strmech/strmechquark.go:1585.17,1594.4 1 0
github.com/MikeAustin71/strmechops/strmech/strmechquark.go:1603.52,1605.28 1 1
github.com/MikeAustin71/strmechops/strmech/strmechquark.go:1609.2,1615.3 3 1
github.com/MikeAustin71/strmechops/strmech/strmechquark.go:1605.28,1607.3 1 1
github.com/MikeAustin71/strmechops/strmech/strmechquark.go:1697.13,1699.28 1 1
github.com/MikeAustin71/strmechops/strmech/strmechquark.go:1703.2,1707.20 3 1
github.com/MikeAustin71/strmechops/strmech/strmechquark.go:1713.2,1717.25 2 1
github.com/MikeAustin71/strmechops/strmech/strmechquark.go:1726.2,1726.23 1 1
github.com/MikeAustin71/strmechops/strmech/strmechquark.go:1736.2,1736.32 1 1
github.com/MikeAustin71/strmechops/strmech/strmechquark.go:1745.2,1747.30 2 1
github.com/MikeAustin71/strmechops/strmech/strmechquark.go:1763.2,1765.36 2 1
github.com/MikeAustin71/strmechops/strmech/strmechquark.go:1699.28,1701.3 1 0
github.com/MikeAustin71/strmechops/strmech/strmechquark.go:1707.20,1709.3 1 0
github.com/MikeAustin71/strmechops/strmech/strmechquark.go:1709.8,1711.3 1 1
github.com/MikeAustin71/strmechops/strmech/strmechquark.go:1717.25,1724.3 2 1
github.com/MikeAustin71/strmechops/strmech/strmechquark.go:1726.23,1734.3 2 1
github.com/MikeAustin71/strmechops/strmech/strmechquark.go:1736.32,1743.3 2 1
github.com/MikeAustin71/strmechops/strmech/strmechquark.go:1747.30,1750.44 1 1
github.com/MikeAustin71/strmechops/strmech/strmechquark.go:1755.3,1755.24 1 1
github.com/MikeAustin71/strmechops/strmech/strmechquark.go:1760.3,1760.35 1 1
github.com/MikeAustin71/strmechops/strmech/strmechquark.go:1750.44,1752.12 2 1
github.com/MikeAustin71/strmechops/strmech/strmechquark.go:1755.24,1757.12 2 1
github.com/MikeAustin71/strmechops/strmech/strmechquark.go:1847.9,1849.28 1 1
github.com/MikeAustin71/strmechops/strmech/strmechquark.go:1853.2,1857.20 3 1
github.com/MikeAustin71/strmechops/strmech/strmechquark.go:1863.2,1869.27 3 1
github.com/MikeAustin71/strmechops/strmech/strmechquark.go:1878.2,1878.28 1 1
github.com/MikeAustin71/strmechops/strmech/strmechquark.go:1887.2,1887.25 1 1
github.com/MikeAustin71/strmechops/strmech/strmechquark.go:1891.2,1901.40 8 1
github.com/MikeAustin71/strmechops/strmech/strmechquark.go:1932.2,1932.42 1 1
github.com/MikeAustin71/strmechops/strmech/strmechquark.go:1849.28,1851.3 1 1
github.com/MikeAustin71/strmechops/strmech/strmechquark.go:1857.20,1859.3 1 1
github.com/MikeAustin71/strmechops/strmech/strmechquark.go:1859.8,1861.3 1 0
github.com/MikeAustin71/strmechops/strmech/strmechquark.go:1869.27,1876.3 2 0
github.com/MikeAustin71/strmechops/strmech/strmechquark.go:1878.28,1885.3 2 0
github.com/MikeAustin71/strmechops/strmech/strmechquark.go:1887.25,1889.3 1 1
github.com/MikeAustin71/strmechops/strmech/strmechquark.go:1901.40,1905.33 1 1
github.com/MikeAustin71/strmechops/strmech/strmechquark.go:1905.33,1909.40 2 1
github.com/MikeAustin71/strmechops/strmech/strmechquark.go:1918.4,1918.42 1 1
github.com/MikeAustin71/strmechops/strmech/strmechquark.go:1925.4,1925.12 1 1
github.com/MikeAustin71/strmechops/strmech/strmechquark.go:1909.40,1911.53 1 0
github.com/MikeAustin71/strmechops/strmech/strmechquark.go:1911.53,1913.6 1 0
github.com/MikeAustin71/strmechops/strmech/strmechquark.go:1913.11,1914.11 1 0
github.com/MikeAustin71/strmechops/strmech/strmechquark.go:1918.42,1921.5 2 1
github.com/MikeAustin71/strmechops/strmech/strmechquark.go:1921.10,1923.5 1 0
github.com/MikeAustin71/strmechops/strmech/strmechquark.go:1927.9,1929.4 1 1
github.com/MikeAustin71/strmechops/strmech/strmechquark.go:2002.9,2004.28 1 1
github.com/MikeAustin71/strmechops/strmech/strmechquark.go:2008.2,2012.20 3 1
github.com/MikeAustin71/strmechops/strmech/strmechquark.go:2018.2,2026.20 4 1
github.com/MikeAustin71/strmechops/strmech/strmechquark.go:2034.2,2036.25 2 1
github.com/MikeAustin71/strmechops/strmech/strmechquark.go:2044.2,2044.33 1 1
github.com/MikeAustin71/strmechops/strmech/strmechquark.go:2067.2,2067.20 1 1
github.com/MikeAustin71/strmechops/strmech/strmechquark.go:2004.28,2006.3 1 0
github.com/MikeAustin71/strmechops/strmech/strmechquark.go:2012.20,2014.3 1 0
github.com/MikeAustin71/strmechops/strmech/strmechquark.go:2014.8,2016.3 1 1
github.com/MikeAustin71/strmechops/strmech/strmechquark.go:2026.20,2032.3 1 1
github.com/MikeAustin71/strmechops/strmech/strmechquark.go:2036.25,2042.3 1 1
github.com/MikeAustin71/strmechops/strmech/strmechquark.go:2044.33,2048.39 2 1
github.com/MikeAustin71/strmechops/strmech/strmechquark.go:2061.3,2061.24 1 1
github.com/MikeAustin71/strmechops/strmech/strmechquark.go:2048.39,2050.48 1 1
github.com/MikeAustin71/strmechops/strmech/strmechquark.go:2050.48,2052.36 1 1
github.com/MikeAustin71/strmechops/strmech/strmechquark.go:2056.5,2057.10 2 1
github.com/MikeAustin71/strmechops/strmech/strmechquark.go:2052.36,2054.6 1 1
github.com/MikeAustin71/strmechops/strmech/strmechquark.go:2061.24,2063.4 1 1
github.com/MikeAustin71/strmechops/strmech/strmechquark.go:2156.9,2158.28 1 1
github.com/MikeAustin71/strmechops/strmech/strmechquark.go:2162.2,2166.20 3 1
github.com/MikeAustin71/strmechops/strmech/strmechquark.go:2172.2,2178.25 3 1
github.com/MikeAustin71/strmechops/strmech/strmechquark.go:2187.2,2187.24 1 1
github.com/MikeAustin71/strmechops/strmech/strmechquark.go:2197.2,2197.26 1 1
github.com/MikeAustin71/strmechops/strmech/strmechquark.go:2207.2,2207.31 1 1
github.com/MikeAustin71/strmechops/strmech/strmechquark.go:2216.2,2220.30 3 1
github.com/MikeAustin71/strmechops/strmech/strmechquark.go:2234.2,2234.50 1 1
github.com/MikeAustin71/strmechops/strmech/strmechquark.go:2158.28,2160.3 1 0
github.com/MikeAustin71/strmechops/strmech/strmechquark.go:2166.20,2168.3 1 0
github.com/MikeAustin71/strmechops/strmech/strmechquark.go:2168.8,2170.3 1 1
github.com/MikeAustin71/strmechops/strmech/strmechquark.go:2178.25,2185.3 2 1
github.com/MikeAustin71/strmechops/strmech/strmechquark.go:2187.24,2195.3 2 1
github.com/MikeAustin71/strmechops/strmech/strmechquark.go:2197.26,2205.3 2 1
github.com/MikeAustin71/strmechops/strmech/strmechquark.go:2207.31,2214.3 2 0
github.com/MikeAustin71/strmechops/strmech/strmechquark.go:2220.30,2223.46 1 1
github.com/MikeAustin71/strmechops/strmech/strmechquark.go:2227.3,2227.25 1 1
github.com/MikeAustin71/strmechops/strmech/strmechquark.go:2223.46,2224.9 1 1
github.com/MikeAustin71/strmechops/strmech/strmechquark.go:2227.25,2230.4 2 1
github.com/MikeAustin71/strmechops/strmech/strmechquark.go:2323.9,2325.28 1 1
github.com/MikeAustin71/strmechops/strmech/strmechquark.go:2329.2,2333.20 3 1
github.com/MikeAustin71/strmechops/strmech/strmechquark.go:2339.2,2347.27 4 1
github.com/MikeAustin71/strmechops/strmech/strmechquark.go:2356.2,2356.28 1 1
github.com/MikeAustin71/strmechops/strmech/strmechquark.go:2365.2,2365.30 1 1
github.com/MikeAustin71/strmechops/strmech/strmechquark.go:2374.2,2374.29 1 1
github.com/MikeAustin71/strmechops/strmech/strmechquark.go:2378.2,2389.40 9 1
github.com/MikeAustin71/strmechops/strmech/strmechquark.go:2423.2,2423.46 1 1
github.com/MikeAustin71/strmechops/strmech/strmechquark.go:2325.28,2327.3 1 1
github.com/MikeAustin71/strmechops/strmech/strmechquark.go:2333.20,2335.3 1 1
github.com/MikeAustin71/strmechops/strmech/strmechquark.go:2335.8,2337.3 1 0
github.com/MikeAustin71/strmechops/strmech/strmechquark.go:2347.27,2354.3 2 0
github.com/MikeAustin71/strmechops/strmech/strmechquark.go:2356.28,2363.3 2 0
github.com/MikeAustin71/strmechops/strmech/strmechquark.go:2365.30,2372.3 2 0
github.com/MikeAustin71/strmechops/strmech/strmechquark.go:2374.29,2376.3 1 1
github.com/MikeAustin71/strmechops/strmech/strmechquark.go:2389.40,2393.41 1 1
github.com/MikeAustin71/strmechops/strmech/strmechquark.go:2393.41,2397.40 2 1
github.com/MikeAustin71/strmechops/strmech/strmechquark.go:2406.4,2406.42 1 1
github.com/MikeAustin71/strmechops/strmech/strmechquark.go:2416.4,2416.12 1 1
github.com/MikeAustin71/strmechops/strmech/strmechquark.go:2397.40,2399.45 1 0
github.com/MikeAustin71/strmechops/strmech/strmechquark.go:2399.45,2401.6 1 0
github.com/MikeAustin71/strmechops/strmech/strmechquark.go:2401.11,2402.11 1 0
github.com/MikeAustin71/strmechops/strmech/strmechquark.go:2406.42,2412.5 3 1
github.com/MikeAustin71/strmechops/strmech/strmechquark.go:2412.10,2414.5 1 0
github.com/MikeAustin71/strmechops/strmech/strmechquark.go:2418.9,2420.4 1 1
github.com/MikeAustin71/strmechops/strmech/strmechquark.go:2490.14,2492.28 1 1
github.com/MikeAustin71/strmechops/strmech/strmechquark.go:2496.2,2503.17 5 1
github.com/MikeAustin71/strmechops/strmech/strmechquark.go:2507.2,2509.22 2 1
github.com/MikeAustin71/strmechops/strmech/strmechquark.go:2513.2,2518.6 4 1
github.com/MikeAustin71/strmechops/strmech/strmechquark.go:2561.2,2561.25 1 1
github.com/MikeAustin71/strmechops/strmech/strmechquark.go:2492.28,2494.3 1 0
github.com/MikeAustin71/strmechops/strmech/strmechquark.go:2503.17,2505.3 1 1
github.com/MikeAustin71/strmechops/strmech/strmechquark.go:2509.22,2511.3 1 1
github.com/MikeAustin71/strmechops/strmech/strmechquark.go:2518.6,2522.36 2 1
github.com/MikeAustin71/strmechops/strmech/strmechquark.go:2554.3,2554.51 1 1
github.com/MikeAustin71/strmechops/strmech/strmechquark.go:2522.36,2524.8 1 1
github.com/MikeAustin71/strmechops/strmech/strmechquark.go:2547.4,2549.19 2 1
github.com/MikeAustin71/strmechops/strmech/strmechquark.go:2524.8,2528.25 2 1
github.com/MikeAustin71/strmechops/strmech/strmechquark.go:2532.5,2536.34 4 1
github.com/MikeAustin71/strmechops/strmech/strmechquark.go:2544.5,2544.32 1 1
github.com/MikeAustin71/strmechops/strmech/strmechquark.go:2528.25,2529.11 1 1
github.com/MikeAustin71/strmechops/strmech/strmechquark.go:2536.34,2539.6 1 0
github.com/MikeAustin71/strmechops/strmech/strmechquark.go:2539.11,2542.6 1 1
github.com/MikeAustin71/strmechops/strmech/strmechquark.go:2549.19,2550.14 1 0
github.com/MikeAustin71/strmechops/strmech/strmechquark.go:2554.51,2555.13 1 1
github.com/MikeAustin71/strmechops/strmech/strmechquark.go:2643.14,2645.28 1 1
github.com/MikeAustin71/strmechops/strmech/strmechquark.go:2649.2,2658.22 6 1
github.com/MikeAustin71/strmechops/strmech/strmechquark.go:2662.2,2662.17 1 1
github.com/MikeAustin71/strmechops/strmech/strmechquark.go:2666.2,2671.6 4 1
github.com/MikeAustin71/strmechops/strmech/strmechquark.go:2702.2,2702.25 1 1
github.com/MikeAustin71/strmechops/strmech/strmechquark.go:2645.28,2647.3 1 0
github.com/MikeAustin71/strmechops/strmech/strmechquark.go:2658.22,2660.3 1 1
github.com/MikeAustin71/strmechops/strmech/strmechquark.go:2662.17,2664.3 1 1
github.com/MikeAustin71/strmechops/strmech/strmechquark.go:2671.6,2675.36 2 1
github.com/MikeAustin71/strmechops/strmech/strmechquark.go:2695.3,2695.51 1 1
github.com/MikeAustin71/strmechops/strmech/strmechquark.go:2675.36,2677.8 1 1
github.com/MikeAustin71/strmechops/strmech/strmechquark.go:2688.4,2690.19 2 1
github.com/MikeAustin71/strmechops/strmech/strmechquark.go:2677.8,2679.50 1 1
github.com/MikeAustin71/strmechops/strmech/strmechquark.go:2683.5,2685.32 2 1
github.com/MikeAustin71/strmechops/strmech/strmechquark.go:2679.50,2680.11 1 1
github.com/MikeAustin71/strmechops/strmech/strmechquark.go:2690.19,2691.14 1 0
github.com/MikeAustin71/strmechops/strmech/strmechquark.go:2695.51,2696.13 1 1
github.com/MikeAustin71/strmechops/strmech/strmechquark.go:2788.14,2790.28 1 1
github.com/MikeAustin71/strmechops/strmech/strmechquark.go:2794.2,2803.22 6 1
github.com/MikeAustin71/strmechops/strmech/strmechquark.go:2807.2,2807.17 1 1
github.com/MikeAustin71/strmechops/strmech/strmechquark.go:2811.2,2814.6 3 1
github.com/MikeAustin71/strmechops/strmech/strmechquark.go:2853.2,2853.25 1 1
github.com/MikeAustin71/strmechops/strmech/strmechquark.go:2790.28,2792.3 1 0
github.com/MikeAustin71/strmechops/strmech/strmechquark.go:2803.22,2805.3 1 1
github.com/MikeAustin71/strmechops/strmech/strmechquark.go:2807.17,2809.3 1 1
github.com/MikeAustin71/strmechops/strmech/strmechquark.go:2814.6,2818.36 2 1
github.com/MikeAustin71/strmechops/strmech/strmechquark.go:2839.3,2841.18 2 1
github.com/MikeAustin71/strmechops/strmech/strmechquark.go:2845.3,2845.51 1 1
github.com/MikeAustin71/strmechops/strmech/strmechquark.go:2818.36,2820.8 1 1
github.com/MikeAustin71/strmechops/strmech/strmechquark.go:2834.4,2834.26 1 1
github.com/MikeAustin71/strmechops/strmech/strmechquark.go:2820.8,2822.50 1 1
github.com/MikeAustin71/strmechops/strmech/strmechquark.go:2826.5,2830.32 3 1
github.com/MikeAustin71/strmechops/strmech/strmechquark.go:2822.50,2823.11 1 1
github.com/MikeAustin71/strmechops/strmech/strmechquark.go:2834.26,2835.14 1 0
github.com/MikeAustin71/strmechops/strmech/strmechquark.go:2841.18,2842.13 1 0
github.com/MikeAustin71/strmechops/strmech/strmechquark.go:2845.51,2846.13 1 1
github.com/MikeAustin71/strmechops/strmech/strmechquark.go:2967.9,2969.28 1 1
github.com/MikeAustin71/strmechops/strmech/strmechquark.go:2973.2,2977.20 3 1
github.com/MikeAustin71/strmechops/strmech/strmechquark.go:2983.2,2987.21 2 1
github.com/MikeAustin71/strmechops/strmech/strmechquark.go:2991.2,2991.23 1 1
github.com/MikeAustin71/strmechops/strmech/strmechquark.go:2995.2,3000.29 4 1
github.com/MikeAustin71/strmechops/strmech/strmechquark.go:3013.2,3013.41 1 1
github.com/MikeAustin71/strmechops/strmech/strmechquark.go:2969.28,2971.3 1 0
github.com/MikeAustin71/strmechops/strmech/strmechquark.go:2977.20,2979.3 1 0
github.com/MikeAustin71/strmechops/strmech/strmechquark.go:2979.8,2981.3 1 1
github.com/MikeAustin71/strmechops/strmech/strmechquark.go:2987.21,2989.3 1 1
github.com/MikeAustin71/strmechops/strmech/strmechquark.go:2991.23,2993.3 1 1
github.com/MikeAustin71/strmechops/strmech/strmechquark.go:3000.29,3002.37 1 1
github.com/MikeAustin71/strmechops/strmech/strmechquark.go:3006.3,3006.25 1 1
github.com/MikeAustin71/strmechops/strmech/strmechquark.go:3002.37,3003.9 1 0
github.com/MikeAustin71/strmechops/strmech/strmechquark.go:3006.25,3009.4 2 1
github.com/MikeAustin71/strmechops/strmech/strmechquark.go:3100.13,3102.28 1 1
github.com/MikeAustin71/strmechops/strmech/strmechquark.go:3106.2,3110.20 3 1
github.com/MikeAustin71/strmechops/strmech/strmechquark.go:3116.2,3123.21 4 1
github.com/MikeAustin71/strmechops/strmech/strmechquark.go:3132.2,3132.19 1 1
github.com/MikeAustin71/strmechops/strmech/strmechquark.go:3140.2,3147.37 7 1
github.com/MikeAustin71/strmechops/strmech/strmechquark.go:3166.2,3166.25 1 1
github.com/MikeAustin71/strmechops/strmech/strmechquark.go:3170.2,3170.32 1 1
github.com/MikeAustin71/strmechops/strmech/strmechquark.go:3174.2,3177.18 3 1
github.com/MikeAustin71/strmechops/strmech/strmechquark.go:3102.28,3104.3 1 0
github.com/MikeAustin71/strmechops/strmech/strmechquark.go:3110.20,3112.3 1 0
github.com/MikeAustin71/strmechops/strmech/strmechquark.go:3112.8,3114.3 1 1
github.com/MikeAustin71/strmechops/strmech/strmechquark.go:3123.21,3130.3 2 1
github.com/MikeAustin71/strmechops/strmech/strmechquark.go:3132.19,3138.3 2 1
github.com/MikeAustin71/strmechops/strmech/strmechquark.go:3147.37,3149.45 1 1
github.com/MikeAustin71/strmechops/strmech/strmechquark.go:3153.3,3153.60 1 1
github.com/MikeAustin71/strmechops/strmech/strmechquark.go:3157.3,3157.36 1 1
github.com/MikeAustin71/strmechops/strmech/strmechquark.go:3161.3,3163.8 3 1
github.com/MikeAustin71/strmechops/strmech/strmechquark.go:3149.45,3150.12 1 1
github.com/MikeAustin71/strmechops/strmech/strmechquark.go:3153.60,3154.12 1 1
github.com/MikeAustin71/strmechops/strmech/strmechquark.go:3157.36,3158.12 1 1
github.com/MikeAustin71/strmechops/strmech/strmechquark.go:3166.25,3168.3 1 1
github.com/MikeAustin71/strmechops/strmech/strmechquark.go:3170.32,3172.3 1 0
github.com/MikeAustin71/strmechops/strmech/strmechquark.go:3260.13,3262.28 1 1
github.com/MikeAustin71/strmechops/strmech/strmechquark.go:3266.2,3270.20 3 1
github.com/MikeAustin71/strmechops/strmech/strmechquark.go:3276.2,3285.23 5 1
github.com/MikeAustin71/strmechops/strmech/strmechquark.go:3294.2,3294.19 1 1
github.com/MikeAustin71/strmechops/strmech/strmechquark.go:3302.2,3305.21 3 1
github.com/MikeAustin71/strmechops/strmech/strmechquark.go:3319.2,3319.30 1 1
github.com/MikeAustin71/strmechops/strmech/strmechquark.go:3326.2,3329.21 3 1
github.com/MikeAustin71/strmechops/strmech/strmechquark.go:3338.2,3338.17 1 1
github.com/MikeAustin71/strmechops/strmech/strmechquark.go:3343.2,3346.18 3 1
github.com/MikeAustin71/strmechops/strmech/strmechquark.go:3262.28,3264.3 1 0
github.com/MikeAustin71/strmechops/strmech/strmechquark.go:3270.20,3272.3 1 0
github.com/MikeAustin71/strmechops/strmech/strmechquark.go:3272.8,3274.3 1 1
github.com/MikeAustin71/strmechops/strmech/strmechquark.go:3285.23,3292.3 2 1
github.com/MikeAustin71/strmechops/strmech/strmechquark.go:3294.19,3300.3 2 1
github.com/MikeAustin71/strmechops/strmech/strmechquark.go:3305.21,3307.44 1 1
github.com/MikeAustin71/strmechops/strmech/strmechquark.go:3313.3,3313.31 1 1
github.com/MikeAustin71/strmechops/strmech/strmechquark.go:3307.44,3309.4 1 1
github.com/MikeAustin71/strmechops/strmech/strmechquark.go:3309.9,3311.4 1 1
github.com/MikeAustin71/strmechops/strmech/strmechquark.go:3313.31,3316.4 2 1
github.com/MikeAustin71/strmechops/strmech/strmechquark.go:3319.30,3324.3 2 0
github.com/MikeAustin71/strmechops/strmech/strmechquark.go:3329.21,3331.43 1 1
github.com/MikeAustin71/strmechops/strmech/strmechquark.go:3331.43,3333.4 1 1
github.com/MikeAustin71/strmechops/strmech/strmechquark.go:3333.9,3335.4 1 1
github.com/MikeAustin71/strmechops/strmech/strmechquark.go:3338.17,3341.3 2 0
github.com/MikeAustin71/strmechops/strmech/strmechquark.go:3387.21,3389.28 1 1
github.com/MikeAustin71/strmechops/strmech/strmechquark.go:3393.2,3397.19 3 1
github.com/MikeAustin71/strmechops/strmech/strmechquark.go:3401.2,3403.37 2 1
github.com/MikeAustin71/strmechops/strmech/strmechquark.go:3423.2,3423.25 1 1
github.com/MikeAustin71/strmechops/strmech/strmechquark.go:3389.28,3391.3 1 1
github.com/MikeAustin71/strmechops/strmech/strmechquark.go:3397.19,3399.3 1 1
github.com/MikeAustin71/strmechops/strmech/strmechquark.go:3403.37,3406.25 1 1
github.com/MikeAustin71/strmechops/strmech/strmechquark.go:3412.3,3412.47 1 1
github.com/MikeAustin71/strmechops/strmech/strmechquark.go:3406.25,3407.12 1 1
github.com/MikeAustin71/strmechops/strmech/strmechquark.go:3412.47,3415.9 2 1
github.com/MikeAustin71/strmechops/strmech/strmechquark.go:3417.9,3417.54 1 1
github.com/MikeAustin71/strmechops/strmech/strmechquark.go:3417.54,3418.9 1 1
github.com/MikeAustin71/strmechops/strmech/textfieldspecdatetimenanobot.go:80.40,82.41 1 1
github.com/MikeAustin71/strmechops/strmech/textfieldspecdatetimenanobot.go:86.2,99.16 6 1
github.com/MikeAustin71/strmechops/strmech/textfieldspecdatetimenanobot.go:103.2,103.35 1 1
github.com/MikeAustin71/strmechops/strmech/textfieldspecdatetimenanobot.go:112.2,112.37 1 1
github.com/MikeAustin71/strmechops/strmech/textfieldspecdatetimenanobot.go:121.2,126.16 2 1
github.com/MikeAustin71/strmechops/strmech/textfieldspecdatetimenanobot.go:130.2,144.12 6 1
github.com/MikeAustin71/strmechops/strmech/textfieldspecdatetimenanobot.go:82.41,84.3 1 1
github.com/MikeAustin71/strmechops/strmech/textfieldspecdatetimenanobot.go:99.16,101.3 1 0
github.com/MikeAustin71/strmechops/strmech/textfieldspecdatetimenanobot.go:103.35,110.3 2 1
github.com/MikeAustin71/strmechops/strmech/textfieldspecdatetimenanobot.go:112.37,119.3 2 1
github.com/MikeAustin71/strmechops/strmech/textfieldspecdatetimenanobot.go:126.16,128.3 1 1
github.com/MikeAustin71/strmechops/strmech/textfieldspecdatetimenanobot.go:201.32,203.41 1 1
github.com/MikeAustin71/strmechops/strmech/textfieldspecdatetimenanobot.go:207.2,222.16 7 1
github.com/MikeAustin71/strmechops/strmech/textfieldspecdatetimenanobot.go:226.2,226.29 1 1
github.com/MikeAustin71/strmechops/strmech/textfieldspecdatetimenanobot.go:234.2,239.16 2 1
github.com/MikeAustin71/strmechops/strmech/textfieldspecdatetimenanobot.go:243.2,257.33 6 1
github.com/MikeAustin71/strmechops/strmech/textfieldspecdatetimenanobot.go:203.41,205.3 1 1
github.com/MikeAustin71/strmechops/strmech/textfieldspecdatetimenanobot.go:222.16,224.3 1 0
github.com/MikeAustin71/strmechops/strmech/textfieldspecdatetimenanobot.go:226.29,232.3 2 1
github.com/MikeAustin71/strmechops/strmech/textfieldspecdatetimenanobot.go:239.16,241.3 1 1
github.com/MikeAustin71/strmechops/strmech/textfieldspecdatetimenanobot.go:270.9,272.41 1 1
github.com/MikeAustin71/strmechops/strmech/textfieldspecdatetimenanobot.go:276.2,289.16 6 1
github.com/MikeAustin71/strmechops/strmech/textfieldspecdatetimenanobot.go:293.2,293.29 1 1
github.com/MikeAustin71/strmechops/strmech/textfieldspecdatetimenanobot.go:301.2,307.16 2 1
github.com/MikeAustin71/strmechops/strmech/textfieldspecdatetimenanobot.go:311.2,320.25 2 1
github.com/MikeAustin71/strmechops/strmech/textfieldspecdatetimenanobot.go:272.41,274.3 1 1
github.com/MikeAustin71/strmechops/strmech/textfieldspecdatetimenanobot.go:289.16,291.3 1 0
github.com/MikeAustin71/strmechops/strmech/textfieldspecdatetimenanobot.go:293.29,299.3 2 1
github.com/MikeAustin71/strmechops/strmech/textfieldspecdatetimenanobot.go:307.16,309.3 1 1
github.com/MikeAustin71/strmechops/strmech/textfieldspecdatetimenanobot.go:326.97,328.41 1 1
github.com/MikeAustin71/strmechops/strmech/textfieldspecdatetimenanobot.go:332.2,338.3 3 1
github.com/MikeAustin71/strmechops/strmech/textfieldspecdatetimenanobot.go:328.41,330.3 1 1
github.com/MikeAustin71/strmechops/strmech/textlinespectimerlinesatom.go:31.45,33.35 1 0
github.com/MikeAustin71/strmechops/strmech/textlinespectimerlinesatom.go:37.2,43.26 4 0
github.com/MikeAustin71/strmechops/strmech/textlinespectimerlinesatom.go:47.2,49.58 2 0
github.com/MikeAustin71/strmechops/strmech/textlinespectimerlinesatom.go:53.2,53.63 1 0
github.com/MikeAustin71/strmechops/strmech/textlinespectimerlinesatom.go:57.2,57.58 1 0
github.com/MikeAustin71/strmechops/strmech/textlinespectimerlinesatom.go:61.2,61.27 1 0
github.com/MikeAustin71/strmechops/strmech/textlinespectimerlinesatom.go:33.35,35.3 1 0
github.com/MikeAustin71/strmechops/strmech/textlinespectimerlinesatom.go:43.26,45.3 1 0
github.com/MikeAustin71/strmechops/strmech/textlinespectimerlinesatom.go:49.58,51.3 1 0
github.com/MikeAustin71/strmechops/strmech/textlinespectimerlinesatom.go:53.63,55.3 1 0
github.com/MikeAustin71/strmechops/strmech/textlinespectimerlinesatom.go:57.58,59.3 1 0
github.com/MikeAustin71/strmechops/strmech/textlinespectimerlinesatom.go:67.87,69.35 1 0
github.com/MikeAustin71/strmechops/strmech/textlinespectimerlinesatom.go:73.2,79.3 3 0
github.com/MikeAustin71/strmechops/strmech/textlinespectimerlinesatom.go:69.35,71.3 1 0
github.com/MikeAustin71/strmechops/strmech/textlinespectimerlinesatom.go:93.49,95.35 1 0
github.com/MikeAustin71/strmechops/strmech/textlinespectimerlinesatom.go:99.2,103.29 3 0
[...]
github.com/MikeAustin71/strmechops/strmech/strmech.go:143.9,145.34 1 1
github.com/MikeAustin71/strmechops/strmech/strmech.go:149.2,162.16 6 1
github.com/MikeAustin71/strmechops/strmech/strmech.go:166.2,170.11 1 1
github.com/MikeAustin71/strmechops/strmech/strmech.go:145.34,147.3 1 1
github.com/MikeAustin71/strmechops/strmech/strmech.go:162.16,164.3 1 0
github.com/MikeAustin71/strmechops/strmech/strmech.go:233.25,235.34 1 1
github.com/MikeAustin71/strmechops/strmech/strmech.go:239.2,255.23 6 1
github.com/MikeAustin71/strmechops/strmech/strmech.go:235.34,237.3 1 1
github.com/MikeAustin71/strmechops/strmech/strmech.go:388.13,390.34 1 1
github.com/MikeAustin71/strmechops/strmech/strmech.go:394.2,407.16 6 1
github.com/MikeAustin71/strmechops/strmech/strmech.go:411.2,416.31 2 1
github.com/MikeAustin71/strmechops/strmech/strmech.go:390.34,392.3 1 1
github.com/MikeAustin71/strmechops/strmech/strmech.go:407.16,409.3 1 0
github.com/MikeAustin71/strmechops/strmech/strmech.go:422.48,424.34 1 1
github.com/MikeAustin71/strmechops/strmech/strmech.go:428.2,432.20 3 1
github.com/MikeAustin71/strmechops/strmech/strmech.go:436.2,440.8 1 1
github.com/MikeAustin71/strmechops/strmech/strmech.go:424.34,426.3 1 1
github.com/MikeAustin71/strmechops/strmech/strmech.go:432.20,434.3 1 0
github.com/MikeAustin71/strmechops/strmech/strmech.go:551.13,553.34 1 1
github.com/MikeAustin71/strmechops/strmech/strmech.go:557.2,569.16 5 1
github.com/MikeAustin71/strmechops/strmech/strmech.go:573.2,578.12 1 1
github.com/MikeAustin71/strmechops/strmech/strmech.go:553.34,555.3 1 1
github.com/MikeAustin71/strmechops/strmech/strmech.go:569.16,571.3 1 0
github.com/MikeAustin71/strmechops/strmech/strmech.go:585.42,587.34 1 1
github.com/MikeAustin71/strmechops/strmech/strmech.go:591.2,602.18 5 1
github.com/MikeAustin71/strmechops/strmech/strmech.go:587.34,589.3 1 0
github.com/MikeAustin71/strmechops/strmech/strmech.go:610.22,612.34 1 1
github.com/MikeAustin71/strmechops/strmech/strmech.go:616.2,624.12 4 1
github.com/MikeAustin71/strmechops/strmech/strmech.go:612.34,614.3 1 1
github.com/MikeAustin71/strmechops/strmech/strmech.go:639.26,641.34 1 1
github.com/MikeAustin71/strmechops/strmech/strmech.go:645.2,652.15 3 1
github.com/MikeAustin71/strmechops/strmech/strmech.go:641.34,643.3 1 1
github.com/MikeAustin71/strmechops/strmech/strmech.go:668.26,670.34 1 1
github.com/MikeAustin71/strmechops/strmech/strmech.go:674.2,681.15 3 1
github.com/MikeAustin71/strmechops/strmech/strmech.go:670.34,672.3 1 1
github.com/MikeAustin71/strmechops/strmech/strmech.go:900.9,902.34 1 1
github.com/MikeAustin71/strmechops/strmech/strmech.go:906.2,919.16 6 1
github.com/MikeAustin71/strmechops/strmech/strmech.go:923.2,932.12 1 1
github.com/MikeAustin71/strmechops/strmech/strmech.go:902.34,904.3 1 1
github.com/MikeAustin71/strmechops/strmech/strmech.go:919.16,921.3 1 0
github.com/MikeAustin71/strmechops/strmech/strmech.go:1202.9,1204.34 1 1
github.com/MikeAustin71/strmechops/strmech/strmech.go:1208.2,1221.16 6 1
github.com/MikeAustin71/strmechops/strmech/strmech.go:1225.2,1232.12 1 1
github.com/MikeAustin71/strmechops/strmech/strmech.go:1204.34,1206.3 1 1
github.com/MikeAustin71/strmechops/strmech/strmech.go:1221.16,1223.3 1 0
github.com/MikeAustin71/strmechops/strmech/strmech.go:1249.13,1251.34 1 0
github.com/MikeAustin71/strmechops/strmech/strmech.go:1255.2,1267.16 5 0
github.com/MikeAustin71/strmechops/strmech/strmech.go:1275.2,1290.6 2 0
github.com/MikeAustin71/strmechops/strmech/strmech.go:1251.34,1253.3 1 0
github.com/MikeAustin71/strmechops/strmech/strmech.go:1267.16,1273.3 1 0
github.com/MikeAustin71/strmechops/strmech/strmech.go:1395.9,1397.34 1 1
github.com/MikeAustin71/strmechops/strmech/strmech.go:1401.2,1414.16 6 1
github.com/MikeAustin71/strmechops/strmech/strmech.go:1418.2,1424.11 2 1
github.com/MikeAustin71/strmechops/strmech/strmech.go:1397.34,1399.3 1 0
github.com/MikeAustin71/strmechops/strmech/strmech.go:1414.16,1416.3 1 0
github.com/MikeAustin71/strmechops/strmech/strmech.go:1536.9,1538.34 1 1
github.com/MikeAustin71/strmechops/strmech/strmech.go:1542.2,1555.16 6 1
github.com/MikeAustin71/strmechops/strmech/strmech.go:1559.2,1564.12 1 1
github.com/MikeAustin71/strmechops/strmech/strmech.go:1538.34,1540.3 1 1
github.com/MikeAustin71/strmechops/strmech/strmech.go:1555.16,1557.3 1 0
github.com/MikeAustin71/strmechops/strmech/strmech.go:1702.9,1704.34 1 1
github.com/MikeAustin71/strmechops/strmech/strmech.go:1708.2,1721.16 6 1
github.com/MikeAustin71/strmechops/strmech/strmech.go:1725.2,1730.12 1 1
github.com/MikeAustin71/strmechops/strmech/strmech.go:1704.34,1706.3 1 1
github.com/MikeAustin71/strmechops/strmech/strmech.go:1721.16,1723.3 1 0
github.com/MikeAustin71/strmechops/strmech/strmech.go:1893.13,1895.34 1 1
github.com/MikeAustin71/strmechops/strmech/strmech.go:1899.2,1911.16 5 1
github.com/MikeAustin71/strmechops/strmech/strmech.go:1919.2,1924.12 1 1
github.com/MikeAustin71/strmechops/strmech/strmech.go:1895.34,1897.3 1 1
github.com/MikeAustin71/strmechops/strmech/strmech.go:1911.16,1917.3 1 0
github.com/MikeAustin71/strmechops/strmech/strmech.go:1941.22,1943.34 1 1
github.com/MikeAustin71/strmechops/strmech/strmech.go:1947.2,1955.9 4 1
github.com/MikeAustin71/strmechops/strmech/strmech.go:1943.34,1945.3 1 1
github.com/MikeAustin71/strmechops/strmech/strmech.go:2077.13,2079.34 1 1
github.com/MikeAustin71/strmechops/strmech/strmech.go:2083.2,2097.16 6 1
github.com/MikeAustin71/strmechops/strmech/strmech.go:2101.2,2108.24 2 1
github.com/MikeAustin71/strmechops/strmech/strmech.go:2079.34,2081.3 1 1
github.com/MikeAustin71/strmechops/strmech/strmech.go:2097.16,2099.3 1 0
github.com/MikeAustin71/strmechops/strmech/strmech.go:2113.45,2116.34 2 1
github.com/MikeAustin71/strmechops/strmech/strmech.go:2120.2,2126.38 4 1
github.com/MikeAustin71/strmechops/strmech/strmech.go:2116.34,2118.3 1 0
github.com/MikeAustin71/strmechops/strmech/strmech.go:2131.46,2133.34 1 1
github.com/MikeAustin71/strmechops/strmech/strmech.go:2137.2,2147.15 7 1
github.com/MikeAustin71/strmechops/strmech/strmech.go:2133.34,2135.3 1 0
github.com/MikeAustin71/strmechops/strmech/strmech.go:2260.43,2262.34 1 1
github.com/MikeAustin71/strmechops/strmech/strmech.go:2266.2,2279.16 6 1
github.com/MikeAustin71/strmechops/strmech/strmech.go:2283.2,2287.12 1 1
github.com/MikeAustin71/strmechops/strmech/strmech.go:2262.34,2264.3 1 1
github.com/MikeAustin71/strmechops/strmech/strmech.go:2279.16,2281.3 1 0
github.com/MikeAustin71/strmechops/strmech/strmech.go:2407.9,2409.34 1 1
github.com/MikeAustin71/strmechops/strmech/strmech.go:2413.2,2426.16 6 1
github.com/MikeAustin71/strmechops/strmech/strmech.go:2430.2,2435.11 2 1
github.com/MikeAustin71/strmechops/strmech/strmech.go:2409.34,2411.3 1 1
github.com/MikeAustin71/strmechops/strmech/strmech.go:2426.16,2428.3 1 0
github.com/MikeAustin71/strmechops/strmech/strmech.go:2550.9,2552.34 1 1
github.com/MikeAustin71/strmechops/strmech/strmech.go:2556.2,2569.16 6 1
github.com/MikeAustin71/strmechops/strmech/strmech.go:2573.2,2577.12 1 1
github.com/MikeAustin71/strmechops/strmech/strmech.go:2552.34,2554.3 1 1
github.com/MikeAustin71/strmechops/strmech/strmech.go:2569.16,2571.3 1 0
github.com/MikeAustin71/strmechops/strmech/strmech.go:2717.13,2719.34 1 0
github.com/MikeAustin71/strmechops/strmech/strmech.go:2723.2,2734.16 5 0
github.com/MikeAustin71/strmechops/strmech/strmech.go:2738.2,2745.31 2 0
github.com/MikeAustin71/strmechops/strmech/strmech.go:2719.34,2721.3 1 0
github.com/MikeAustin71/strmechops/strmech/strmech.go:2734.16,2736.3 1 0
github.com/MikeAustin71/strmechops/strmech/strmech.go:2753.66,2755.34 1 1
github.com/MikeAustin71/strmechops/strmech/strmech.go:2759.2,2763.60 3 1
github.com/MikeAustin71/strmechops/strmech/strmech.go:2755.34,2757.3 1 1
github.com/MikeAustin71/strmechops/strmech/strmech.go:2829.27,2831.34 1 1
github.com/MikeAustin71/strmechops/strmech/strmech.go:2835.2,2845.27 4 1
github.com/MikeAustin71/strmechops/strmech/strmech.go:2831.34,2833.3 1 1
github.com/MikeAustin71/strmechops/strmech/strmech.go:2955.13,2957.34 1 1
github.com/MikeAustin71/strmechops/strmech/strmech.go:2961.2,2974.16 6 1
github.com/MikeAustin71/strmechops/strmech/strmech.go:2978.2,2984.21 2 1
github.com/MikeAustin71/strmechops/strmech/strmech.go:2957.34,2959.3 1 1
github.com/MikeAustin71/strmechops/strmech/strmech.go:2974.16,2976.3 1 0
github.com/MikeAustin71/strmechops/strmech/strmech.go:3104.13,3106.34 1 1
github.com/MikeAustin71/strmechops/strmech/strmech.go:3110.2,3124.16 6 1
github.com/MikeAustin71/strmechops/strmech/strmech.go:3128.2,3134.21 2 1
github.com/MikeAustin71/strmechops/strmech/strmech.go:3106.34,3108.3 1 1
github.com/MikeAustin71/strmechops/strmech/strmech.go:3124.16,3126.3 1 0
github.com/MikeAustin71/strmechops/strmech/strmech.go:3299.9,3301.34 1 1
github.com/MikeAustin71/strmechops/strmech/strmech.go:3305.2,3318.16 6 1
github.com/MikeAustin71/strmechops/strmech/strmech.go:3322.2,3327.12 1 1
github.com/MikeAustin71/strmechops/strmech/strmech.go:3301.34,3303.3 1 1
github.com/MikeAustin71/strmechops/strmech/strmech.go:3318.16,3320.3 1 0
github.com/MikeAustin71/strmechops/strmech/strmech.go:3333.63,3335.34 1 1
github.com/MikeAustin71/strmechops/strmech/strmech.go:3339.2,3344.28 3 1
github.com/MikeAustin71/strmechops/strmech/strmech.go:3335.34,3337.3 1 1
github.com/MikeAustin71/strmechops/strmech/strmech.go:3446.9,3448.34 1 1
github.com/MikeAustin71/strmechops/strmech/strmech.go:3452.2,3465.16 6 1
github.com/MikeAustin71/strmechops/strmech/strmech.go:3469.2,3472.11 1 1
github.com/MikeAustin71/strmechops/strmech/strmech.go:3448.34,3450.3 1 1
github.com/MikeAustin71/strmechops/strmech/strmech.go:3465.16,3467.3 1 0
github.com/MikeAustin71/strmechops/strmech/strmech.go:3478.40,3480.34 1 1
github.com/MikeAustin71/strmechops/strmech/strmech.go:3484.2,3492.17 5 1
github.com/MikeAustin71/strmechops/strmech/strmech.go:3480.34,3482.3 1 1
github.com/MikeAustin71/strmechops/strmech/strmech.go:3503.50,3505.34 1 0
github.com/MikeAustin71/strmechops/strmech/strmech.go:3509.2,3525.16 7 0
github.com/MikeAustin71/strmechops/strmech/strmech.go:3529.2,3533.27 3 0
github.com/MikeAustin71/strmechops/strmech/strmech.go:3505.34,3507.3 1 0
github.com/MikeAustin71/strmechops/strmech/strmech.go:3525.16,3527.3 1 0
github.com/MikeAustin71/strmechops/strmech/strmech.go:3547.37,3549.34 1 1
github.com/MikeAustin71/strmechops/strmech/strmech.go:3553.2,3561.17 5 1
github.com/MikeAustin71/strmechops/strmech/strmech.go:3549.34,3551.3 1 1
github.com/MikeAustin71/strmechops/strmech/strmech.go:3574.57,3576.34 1 1
github.com/MikeAustin71/strmechops/strmech/strmech.go:3580.2,3592.13 4 1
github.com/MikeAustin71/strmechops/strmech/strmech.go:3576.34,3578.3 1 0
github.com/MikeAustin71/strmechops/strmech/strmech.go:3637.20,3639.34 1 1
github.com/MikeAustin71/strmechops/strmech/strmech.go:3643.2,3651.12 4 1
github.com/MikeAustin71/strmechops/strmech/strmech.go:3639.34,3641.3 1 1
github.com/MikeAustin71/strmechops/strmech/strmech.go:3766.13,3768.34 1 1
github.com/MikeAustin71/strmechops/strmech/strmech.go:3772.2,3784.16 5 1
github.com/MikeAustin71/strmechops/strmech/strmech.go:3788.2,3793.12 1 1
github.com/MikeAustin71/strmechops/strmech/strmech.go:3768.34,3770.3 1 1
github.com/MikeAustin71/strmechops/strmech/strmech.go:3784.16,3786.3 1 0
github.com/MikeAustin71/strmechops/strmech/strmech.go:3926.9,3928.34 1 1
github.com/MikeAustin71/strmechops/strmech/strmech.go:3932.2,3945.16 6 1
github.com/MikeAustin71/strmechops/strmech/strmech.go:3949.2,3952.11 1 1
github.com/MikeAustin71/strmechops/strmech/strmech.go:3928.34,3930.3 1 1
github.com/MikeAustin71/strmechops/strmech/strmech.go:3945.16,3947.3 1 0
github.com/MikeAustin71/strmechops/strmech/strmech.go:4078.9,4080.34 1 1
github.com/MikeAustin71/strmechops/strmech/strmech.go:4084.2,4097.16 6 1
github.com/MikeAustin71/strmechops/strmech/strmech.go:4101.2,4105.12 1 1
github.com/MikeAustin71/strmechops/strmech/strmech.go:4080.34,4082.3 1 1
github.com/MikeAustin71/strmechops/strmech/strmech.go:4097.16,4099.3 1 0
github.com/MikeAustin71/strmechops/strmech/strmech.go:4139.32,4141.34 1 1
github.com/MikeAustin71/strmechops/strmech/strmech.go:4145.2,4149.25 3 1
github.com/MikeAustin71/strmechops/strmech/strmech.go:4153.2,4156.30 3 1
github.com/MikeAustin71/strmechops/strmech/strmech.go:4169.2,4178.15 2 1
github.com/MikeAustin71/strmechops/strmech/strmech.go:4141.34,4143.3 1 1
github.com/MikeAustin71/strmechops/strmech/strmech.go:4149.25,4151.3 1 1
github.com/MikeAustin71/strmechops/strmech/strmech.go:4156.30,4167.3 2 1
github.com/MikeAustin71/strmechops/strmech/strmech.go:4321.9,4323.34 1 1
github.com/MikeAustin71/strmechops/strmech/strmech.go:4327.2,4340.16 6 1
github.com/MikeAustin71/strmechops/strmech/strmech.go:4344.2,4348.12 1 1
github.com/MikeAustin71/strmechops/strmech/strmech.go:4323.34,4325.3 1 1
github.com/MikeAustin71/strmechops/strmech/strmech.go:4340.16,4342.3 1 0
github.com/MikeAustin71/strmechops/strmech/strmech.go:4470.9,4472.34 1 1
github.com/MikeAustin71/strmechops/strmech/strmech.go:4476.2,4489.16 6 1
github.com/MikeAustin71/strmechops/strmech/strmech.go:4493.2,4499.12 1 1
github.com/MikeAustin71/strmechops/strmech/strmech.go:4472.34,4474.3 1 1
github.com/MikeAustin71/strmechops/strmech/strmech.go:4489.16,4491.3 1 0
github.com/MikeAustin71/strmechops/strmech/strmech.go:4636.9,4638.34 1 1
github.com/MikeAustin71/strmechops/strmech/strmech.go:4642.2,4655.16 6 1
github.com/MikeAustin71/strmechops/strmech/strmech.go:4659.2,4664.11 2 1
github.com/MikeAustin71/strmechops/strmech/strmech.go:4638.34,4640.3 1 1
github.com/MikeAustin71/strmechops/strmech/strmech.go:4655.16,4657.3 1 0
github.com/MikeAustin71/strmechops/strmech/strmech.go:4671.49,4673.34 1 1
github.com/MikeAustin71/strmechops/strmech/strmech.go:4677.2,4685.24 5 1
github.com/MikeAustin71/strmechops/strmech/strmech.go:4673.34,4675.3 1 1
github.com/MikeAustin71/strmechops/strmech/strmech.go:4803.9,4805.34 1 1
github.com/MikeAustin71/strmechops/strmech/strmech.go:4809.2,4822.16 6 1
github.com/MikeAustin71/strmechops/strmech/strmech.go:4826.2,4830.12 1 1
github.com/MikeAustin71/strmechops/strmech/strmech.go:4805.34,4807.3 1 1
github.com/MikeAustin71/strmechops/strmech/strmech.go:4822.16,4824.3 1 0
github.com/MikeAustin71/strmechops/strmech/strmech.go:4953.43,4955.34 1 1
github.com/MikeAustin71/strmechops/strmech/strmech.go:4959.2,4972.16 6 1
github.com/MikeAustin71/strmechops/strmech/strmech.go:4976.2,4980.12 1 1
github.com/MikeAustin71/strmechops/strmech/strmech.go:4955.34,4957.3 1 1
github.com/MikeAustin71/strmechops/strmech/strmech.go:4972.16,4974.3 1 0
github.com/MikeAustin71/strmechops/strmech/strmech.go:4987.24,4989.34 1 1
github.com/MikeAustin71/strmechops/strmech/strmech.go:4993.2,4998.31 3 1
github.com/MikeAustin71/strmechops/strmech/strmech.go:4989.34,4991.3 1 1
github.com/MikeAustin71/strmechops/strmech/strmech.go:5005.24,5007.34 1 1
github.com/MikeAustin71/strmechops/strmech/strmech.go:5011.2,5016.31 3 1
github.com/MikeAustin71/strmechops/strmech/strmech.go:5007.34,5009.3 1 1
github.com/MikeAustin71/strmechops/strmech/strmech.go:5084.14,5086.34 1 1
github.com/MikeAustin71/strmechops/strmech/strmech.go:5090.2,5097.13 3 1
github.com/MikeAustin71/strmechops/strmech/strmech.go:5086.34,5088.3 1 1
github.com/MikeAustin71/strmechops/strmech/strmech.go:5179.14,5181.34 1 1
github.com/MikeAustin71/strmechops/strmech/strmech.go:5185.2,5192.13 3 1
github.com/MikeAustin71/strmechops/strmech/strmech.go:5181.34,5183.3 1 1
github.com/MikeAustin71/strmechops/strmech/strmech.go:5276.51,5278.34 1 1
github.com/MikeAustin71/strmechops/strmech/strmech.go:5282.2,5288.12 3 1
github.com/MikeAustin71/strmechops/strmech/strmech.go:5278.34,5280.3 1 1
github.com/MikeAustin71/strmechops/strmech/strmech.go:5409.9,5411.34 1 1
github.com/MikeAustin71/strmechops/strmech/strmech.go:5415.2,5428.16 6 1
github.com/MikeAustin71/strmechops/strmech/strmech.go:5432.2,5436.12 1 1
github.com/MikeAustin71/strmechops/strmech/strmech.go:5411.34,5413.3 1 1
github.com/MikeAustin71/strmechops/strmech/strmech.go:5428.16,5430.3 1 0
github.com/MikeAustin71/strmechops/strmech/strmech.go:5567.43,5569.34 1 1
github.com/MikeAustin71/strmechops/strmech/strmech.go:5573.2,5586.16 6 1
github.com/MikeAustin71/strmechops/strmech/strmech.go:5590.2,5594.12 1 1
github.com/MikeAustin71/strmechops/strmech/strmech.go:5569.34,5571.3 1 1
github.com/MikeAustin71/strmechops/strmech/strmech.go:5586.16,5588.3 1 0
github.com/MikeAustin71/strmechops/strmech/strmech.go:5723.9,5725.34 1 1
github.com/MikeAustin71/strmechops/strmech/strmech.go:5729.2,5742.16 6 1
github.com/MikeAustin71/strmechops/strmech/strmech.go:5746.2,5750.12 1 1
github.com/MikeAustin71/strmechops/strmech/strmech.go:5725.34,5727.3 1 1
github.com/MikeAustin71/strmechops/strmech/strmech.go:5742.16,5744.3 1 0
github.com/MikeAustin71/strmechops/strmech/strmech.go:5898.9,5900.34 1 1
github.com/MikeAustin71/strmechops/strmech/strmech.go:5904.2,5917.16 6 1
github.com/MikeAustin71/strmechops/strmech/strmech.go:5923.2,5928.11 1 1
github.com/MikeAustin71/strmechops/strmech/strmech.go:5900.34,5902.3 1 1
github.com/MikeAustin71/strmechops/strmech/strmech.go:5917.16,5921.3 1 0
github.com/MikeAustin71/strmechops/strmech/strmech.go:6048.13,6050.34 1 1
github.com/MikeAustin71/strmechops/strmech/strmech.go:6054.2,6065.16 5 1
github.com/MikeAustin71/strmechops/strmech/strmech.go:6069.2,6073.12 1 1
github.com/MikeAustin71/strmechops/strmech/strmech.go:6050.34,6052.3 1 1
github.com/MikeAustin71/strmechops/strmech/strmech.go:6065.16,6067.3 1 0
github.com/MikeAustin71/strmechops/strmech/strmech.go:6188.13,6190.34 1 1
github.com/MikeAustin71/strmechops/strmech/strmech.go:6194.2,6206.16 5 1
github.com/MikeAustin71/strmechops/strmech/strmech.go:6210.2,6214.12 1 1
github.com/MikeAustin71/strmechops/strmech/strmech.go:6190.34,6192.3 1 1
github.com/MikeAustin71/strmechops/strmech/strmech.go:6206.16,6208.3 1 0
github.com/MikeAustin71/strmechops/strmech/strmech.go:6255.21,6257.34 1 1
github.com/MikeAustin71/strmechops/strmech/strmech.go:6261.2,6267.44 4 1
github.com/MikeAustin71/strmechops/strmech/strmech.go:6257.34,6259.3 1 1
github.com/MikeAustin71/strmechops/strmech/strmech.go:6320.58,6322.34 1 1
github.com/MikeAustin71/strmechops/strmech/strmech.go:6326.2,6338.13 4 1
github.com/MikeAustin71/strmechops/strmech/strmech.go:6322.34,6324.3 1 1
github.com/MikeAustin71/strmechops/strmech/textlinespecstandardlineelectron.go:16.100,18.36 1 0
github.com/MikeAustin71/strmechops/strmech/textlinespecstandardlineelectron.go:22.2,28.3 3 0
github.com/MikeAustin71/strmechops/strmech/textlinespecstandardlineelectron.go:18.36,20.3 1 0
github.com/MikeAustin71/strmechops/strmech/textlinespecstandardlineelectron.go:111.13,113.36 1 0
github.com/MikeAustin71/strmechops/strmech/textlinespecstandardlineelectron.go:117.2,132.16 6 0
github.com/MikeAustin71/strmechops/strmech/textlinespecstandardlineelectron.go:136.2,136.23 1 0
github.com/MikeAustin71/strmechops/strmech/textlinespecstandardlineelectron.go:145.2,147.23 2 0
github.com/MikeAustin71/strmechops/strmech/textlinespecstandardlineelectron.go:156.2,158.36 2 0
github.com/MikeAustin71/strmechops/strmech/textlinespecstandardlineelectron.go:187.2,189.21 2 0
github.com/MikeAustin71/strmechops/strmech/textlinespecstandardlineelectron.go:113.36,115.3 1 0
github.com/MikeAustin71/strmechops/strmech/textlinespecstandardlineelectron.go:132.16,134.3 1 0
github.com/MikeAustin71/strmechops/strmech/textlinespecstandardlineelectron.go:136.23,143.3 2 0
github.com/MikeAustin71/strmechops/strmech/textlinespecstandardlineelectron.go:147.23,154.3 2 0
github.com/MikeAustin71/strmechops/strmech/textlinespecstandardlineelectron.go:158.36,160.27 1 0
github.com/MikeAustin71/strmechops/strmech/textlinespecstandardlineelectron.go:170.3,174.18 2 0
github.com/MikeAustin71/strmechops/strmech/textlinespecstandardlineelectron.go:160.27,168.4 2 0
github.com/MikeAustin71/strmechops/strmech/textlinespecstandardlineelectron.go:174.18,184.4 2 0
