mode: set
github.com/MikeAustin71/strmechops/strmech/strmechmolecule.go:17.61,19.31 1 1
github.com/MikeAustin71/strmechops/strmech/strmechmolecule.go:23.2,29.3 3 1
github.com/MikeAustin71/strmechops/strmech/strmechmolecule.go:19.31,21.3 1 1
github.com/MikeAustin71/strmechops/strmech/strmechmolecule.go:114.9,116.31 1 1
github.com/MikeAustin71/strmechops/strmech/strmechmolecule.go:120.2,124.20 3 1
github.com/MikeAustin71/strmechops/strmech/strmechmolecule.go:130.2,135.48 3 1
github.com/MikeAustin71/strmechops/strmech/strmechmolecule.go:143.2,145.21 2 1
github.com/MikeAustin71/strmechops/strmech/strmechmolecule.go:155.2,155.22 1 1
github.com/MikeAustin71/strmechops/strmech/strmechmolecule.go:159.2,167.21 5 1
github.com/MikeAustin71/strmechops/strmech/strmechmolecule.go:171.2,171.52 1 1
github.com/MikeAustin71/strmechops/strmech/strmechmolecule.go:116.31,118.3 1 1
github.com/MikeAustin71/strmechops/strmech/strmechmolecule.go:124.20,126.3 1 0
github.com/MikeAustin71/strmechops/strmech/strmechmolecule.go:126.8,128.3 1 1
github.com/MikeAustin71/strmechops/strmech/strmechmolecule.go:135.48,141.3 1 1
github.com/MikeAustin71/strmechops/strmech/strmechmolecule.go:145.21,153.3 1 1
github.com/MikeAustin71/strmechops/strmech/strmechmolecule.go:155.22,157.3 1 1
github.com/MikeAustin71/strmechops/strmech/strmechmolecule.go:167.21,169.3 1 1
github.com/MikeAustin71/strmechops/strmech/strmechmolecule.go:259.9,261.31 1 1
github.com/MikeAustin71/strmechops/strmech/strmechmolecule.go:265.2,269.20 3 1
github.com/MikeAustin71/strmechops/strmech/strmechmolecule.go:275.2,281.49 3 1
github.com/MikeAustin71/strmechops/strmech/strmechmolecule.go:289.2,291.24 2 1
github.com/MikeAustin71/strmechops/strmech/strmechmolecule.go:295.2,295.23 1 1
github.com/MikeAustin71/strmechops/strmech/strmechmolecule.go:305.2,309.40 3 1
github.com/MikeAustin71/strmechops/strmech/strmechmolecule.go:261.31,263.3 1 1
github.com/MikeAustin71/strmechops/strmech/strmechmolecule.go:269.20,271.3 1 0
github.com/MikeAustin71/strmechops/strmech/strmechmolecule.go:271.8,273.3 1 1
github.com/MikeAustin71/strmechops/strmech/strmechmolecule.go:281.49,287.3 1 1
github.com/MikeAustin71/strmechops/strmech/strmechmolecule.go:291.24,293.3 1 1
github.com/MikeAustin71/strmechops/strmech/strmechmolecule.go:295.23,303.3 1 1
github.com/MikeAustin71/strmechops/strmech/strmechmolecule.go:409.9,411.31 1 1
github.com/MikeAustin71/strmechops/strmech/strmechmolecule.go:415.2,419.20 3 1
github.com/MikeAustin71/strmechops/strmech/strmechmolecule.go:425.2,431.48 3 1
github.com/MikeAustin71/strmechops/strmech/strmechmolecule.go:439.2,441.21 2 1
github.com/MikeAustin71/strmechops/strmech/strmechmolecule.go:450.2,450.22 1 1
github.com/MikeAustin71/strmechops/strmech/strmechmolecule.go:454.2,456.41 2 1
github.com/MikeAustin71/strmechops/strmech/strmechmolecule.go:411.31,413.3 1 0
github.com/MikeAustin71/strmechops/strmech/strmechmolecule.go:419.20,421.3 1 0
github.com/MikeAustin71/strmechops/strmech/strmechmolecule.go:421.8,423.3 1 1
github.com/MikeAustin71/strmechops/strmech/strmechmolecule.go:431.48,437.3 1 1
github.com/MikeAustin71/strmechops/strmech/strmechmolecule.go:441.21,448.3 1 1
github.com/MikeAustin71/strmechops/strmech/strmechmolecule.go:450.22,452.3 1 1
github.com/MikeAustin71/strmechops/strmech/strmechmolecule.go:553.9,555.31 1 1
github.com/MikeAustin71/strmechops/strmech/strmechmolecule.go:559.2,563.20 3 1
github.com/MikeAustin71/strmechops/strmech/strmechmolecule.go:569.2,575.49 3 1
github.com/MikeAustin71/strmechops/strmech/strmechmolecule.go:583.2,585.24 2 1
github.com/MikeAustin71/strmechops/strmech/strmechmolecule.go:589.2,589.23 1 1
github.com/MikeAustin71/strmechops/strmech/strmechmolecule.go:600.2,604.39 3 1
github.com/MikeAustin71/strmechops/strmech/strmechmolecule.go:555.31,557.3 1 1
github.com/MikeAustin71/strmechops/strmech/strmechmolecule.go:563.20,565.3 1 0
github.com/MikeAustin71/strmechops/strmech/strmechmolecule.go:565.8,567.3 1 1
github.com/MikeAustin71/strmechops/strmech/strmechmolecule.go:575.49,581.3 1 1
github.com/MikeAustin71/strmechops/strmech/strmechmolecule.go:585.24,587.3 1 1
github.com/MikeAustin71/strmechops/strmech/strmechmolecule.go:589.23,597.3 1 1
github.com/MikeAustin71/strmechops/strmech/strmechnumstrprofiledto.go:20.57,32.2 10 1
github.com/MikeAustin71/strmechops/strmech/strmech.go:143.9,145.34 1 1
github.com/MikeAustin71/strmechops/strmech/strmech.go:149.2,162.16 6 1
github.com/MikeAustin71/strmechops/strmech/strmech.go:166.2,170.11 1 1
github.com/MikeAustin71/strmechops/strmech/strmech.go:145.34,147.3 1 1
github.com/MikeAustin71/strmechops/strmech/strmech.go:162.16,164.3 1 0
github.com/MikeAustin71/strmechops/strmech/strmech.go:232.25,234.34 1 1
github.com/MikeAustin71/strmechops/strmech/strmech.go:238.2,254.23 6 1
github.com/MikeAustin71/strmechops/strmech/strmech.go:234.34,236.3 1 1
github.com/MikeAustin71/strmechops/strmech/strmech.go:387.13,389.34 1 1
github.com/MikeAustin71/strmechops/strmech/strmech.go:393.2,406.16 6 1
github.com/MikeAustin71/strmechops/strmech/strmech.go:410.2,415.31 2 1
github.com/MikeAustin71/strmechops/strmech/strmech.go:389.34,391.3 1 1
github.com/MikeAustin71/strmechops/strmech/strmech.go:406.16,408.3 1 0
github.com/MikeAustin71/strmechops/strmech/strmech.go:421.48,423.34 1 1
github.com/MikeAustin71/strmechops/strmech/strmech.go:427.2,431.20 3 1
github.com/MikeAustin71/strmechops/strmech/strmech.go:435.2,439.8 1 1
github.com/MikeAustin71/strmechops/strmech/strmech.go:423.34,425.3 1 1
github.com/MikeAustin71/strmechops/strmech/strmech.go:431.20,433.3 1 0
github.com/MikeAustin71/strmechops/strmech/strmech.go:446.42,448.34 1 1
github.com/MikeAustin71/strmechops/strmech/strmech.go:452.2,463.18 5 1
github.com/MikeAustin71/strmechops/strmech/strmech.go:448.34,450.3 1 0
github.com/MikeAustin71/strmechops/strmech/strmech.go:471.22,473.34 1 1
github.com/MikeAustin71/strmechops/strmech/strmech.go:477.2,485.12 4 1
github.com/MikeAustin71/strmechops/strmech/strmech.go:473.34,475.3 1 1
github.com/MikeAustin71/strmechops/strmech/strmech.go:702.9,704.34 1 1
github.com/MikeAustin71/strmechops/strmech/strmech.go:708.2,721.16 6 1
github.com/MikeAustin71/strmechops/strmech/strmech.go:725.2,734.12 1 1
github.com/MikeAustin71/strmechops/strmech/strmech.go:704.34,706.3 1 1
github.com/MikeAustin71/strmechops/strmech/strmech.go:721.16,723.3 1 0
github.com/MikeAustin71/strmechops/strmech/strmech.go:996.9,998.34 1 1
github.com/MikeAustin71/strmechops/strmech/strmech.go:1002.2,1015.16 6 1
github.com/MikeAustin71/strmechops/strmech/strmech.go:1019.2,1026.12 1 1
github.com/MikeAustin71/strmechops/strmech/strmech.go:998.34,1000.3 1 1
github.com/MikeAustin71/strmechops/strmech/strmech.go:1015.16,1017.3 1 0
github.com/MikeAustin71/strmechops/strmech/strmech.go:1131.9,1133.34 1 1
github.com/MikeAustin71/strmechops/strmech/strmech.go:1137.2,1150.16 6 1
github.com/MikeAustin71/strmechops/strmech/strmech.go:1154.2,1160.11 2 1
github.com/MikeAustin71/strmechops/strmech/strmech.go:1133.34,1135.3 1 0
github.com/MikeAustin71/strmechops/strmech/strmech.go:1150.16,1152.3 1 0
github.com/MikeAustin71/strmechops/strmech/strmech.go:1272.9,1274.34 1 1
github.com/MikeAustin71/strmechops/strmech/strmech.go:1278.2,1291.16 6 1
github.com/MikeAustin71/strmechops/strmech/strmech.go:1295.2,1300.12 1 1
github.com/MikeAustin71/strmechops/strmech/strmech.go:1274.34,1276.3 1 1
github.com/MikeAustin71/strmechops/strmech/strmech.go:1291.16,1293.3 1 0
github.com/MikeAustin71/strmechops/strmech/strmech.go:1438.9,1440.34 1 1
github.com/MikeAustin71/strmechops/strmech/strmech.go:1444.2,1457.16 6 1
github.com/MikeAustin71/strmechops/strmech/strmech.go:1461.2,1466.12 1 1
github.com/MikeAustin71/strmechops/strmech/strmech.go:1440.34,1442.3 1 1
github.com/MikeAustin71/strmechops/strmech/strmech.go:1457.16,1459.3 1 0
github.com/MikeAustin71/strmechops/strmech/strmech.go:1629.13,1631.34 1 1
github.com/MikeAustin71/strmechops/strmech/strmech.go:1635.2,1647.16 5 1
github.com/MikeAustin71/strmechops/strmech/strmech.go:1655.2,1660.12 1 1
github.com/MikeAustin71/strmechops/strmech/strmech.go:1631.34,1633.3 1 1
github.com/MikeAustin71/strmechops/strmech/strmech.go:1647.16,1653.3 1 0
github.com/MikeAustin71/strmechops/strmech/strmech.go:1677.22,1679.34 1 1
github.com/MikeAustin71/strmechops/strmech/strmech.go:1683.2,1691.9 4 1
github.com/MikeAustin71/strmechops/strmech/strmech.go:1679.34,1681.3 1 1
github.com/MikeAustin71/strmechops/strmech/strmech.go:1696.45,1699.34 2 1
github.com/MikeAustin71/strmechops/strmech/strmech.go:1703.2,1709.38 4 1
github.com/MikeAustin71/strmechops/strmech/strmech.go:1699.34,1701.3 1 0
github.com/MikeAustin71/strmechops/strmech/strmech.go:1714.46,1716.34 1 1
github.com/MikeAustin71/strmechops/strmech/strmech.go:1720.2,1730.15 7 1
github.com/MikeAustin71/strmechops/strmech/strmech.go:1716.34,1718.3 1 0
github.com/MikeAustin71/strmechops/strmech/strmech.go:1843.43,1845.34 1 1
github.com/MikeAustin71/strmechops/strmech/strmech.go:1849.2,1862.16 6 1
github.com/MikeAustin71/strmechops/strmech/strmech.go:1866.2,1870.12 1 1
github.com/MikeAustin71/strmechops/strmech/strmech.go:1845.34,1847.3 1 1
github.com/MikeAustin71/strmechops/strmech/strmech.go:1862.16,1864.3 1 0
github.com/MikeAustin71/strmechops/strmech/strmech.go:1990.9,1992.34 1 1
github.com/MikeAustin71/strmechops/strmech/strmech.go:1996.2,2009.16 6 1
github.com/MikeAustin71/strmechops/strmech/strmech.go:2013.2,2018.11 2 1
github.com/MikeAustin71/strmechops/strmech/strmech.go:1992.34,1994.3 1 1
github.com/MikeAustin71/strmechops/strmech/strmech.go:2009.16,2011.3 1 0
github.com/MikeAustin71/strmechops/strmech/strmech.go:2133.9,2135.34 1 1
github.com/MikeAustin71/strmechops/strmech/strmech.go:2139.2,2152.16 6 1
github.com/MikeAustin71/strmechops/strmech/strmech.go:2156.2,2160.12 1 1
github.com/MikeAustin71/strmechops/strmech/strmech.go:2135.34,2137.3 1 1
github.com/MikeAustin71/strmechops/strmech/strmech.go:2152.16,2154.3 1 0
github.com/MikeAustin71/strmechops/strmech/strmech.go:2168.66,2170.34 1 1
github.com/MikeAustin71/strmechops/strmech/strmech.go:2174.2,2178.60 3 1
github.com/MikeAustin71/strmechops/strmech/strmech.go:2170.34,2172.3 1 1
github.com/MikeAustin71/strmechops/strmech/strmech.go:2342.9,2344.34 1 1
github.com/MikeAustin71/strmechops/strmech/strmech.go:2348.2,2361.16 6 1
github.com/MikeAustin71/strmechops/strmech/strmech.go:2365.2,2370.12 1 1
github.com/MikeAustin71/strmechops/strmech/strmech.go:2344.34,2346.3 1 1
github.com/MikeAustin71/strmechops/strmech/strmech.go:2361.16,2363.3 1 0
github.com/MikeAustin71/strmechops/strmech/strmech.go:2376.63,2378.34 1 1
github.com/MikeAustin71/strmechops/strmech/strmech.go:2382.2,2387.28 3 1
github.com/MikeAustin71/strmechops/strmech/strmech.go:2378.34,2380.3 1 1
github.com/MikeAustin71/strmechops/strmech/strmech.go:2489.9,2491.34 1 1
github.com/MikeAustin71/strmechops/strmech/strmech.go:2495.2,2508.16 6 1
github.com/MikeAustin71/strmechops/strmech/strmech.go:2512.2,2515.11 1 1
github.com/MikeAustin71/strmechops/strmech/strmech.go:2491.34,2493.3 1 1
github.com/MikeAustin71/strmechops/strmech/strmech.go:2508.16,2510.3 1 0
github.com/MikeAustin71/strmechops/strmech/strmech.go:2521.40,2523.34 1 1
github.com/MikeAustin71/strmechops/strmech/strmech.go:2527.2,2535.17 5 1
github.com/MikeAustin71/strmechops/strmech/strmech.go:2523.34,2525.3 1 1
github.com/MikeAustin71/strmechops/strmech/strmech.go:2549.37,2551.34 1 1
github.com/MikeAustin71/strmechops/strmech/strmech.go:2555.2,2563.17 5 1
github.com/MikeAustin71/strmechops/strmech/strmech.go:2551.34,2553.3 1 1
github.com/MikeAustin71/strmechops/strmech/strmech.go:2576.57,2578.34 1 1
github.com/MikeAustin71/strmechops/strmech/strmech.go:2582.2,2594.13 4 1
github.com/MikeAustin71/strmechops/strmech/strmech.go:2578.34,2580.3 1 0
github.com/MikeAustin71/strmechops/strmech/strmech.go:2638.20,2640.34 1 1
github.com/MikeAustin71/strmechops/strmech/strmech.go:2644.2,2652.12 4 1
github.com/MikeAustin71/strmechops/strmech/strmech.go:2640.34,2642.3 1 1
github.com/MikeAustin71/strmechops/strmech/strmech.go:2767.13,2769.34 1 1
github.com/MikeAustin71/strmechops/strmech/strmech.go:2773.2,2785.16 5 1
github.com/MikeAustin71/strmechops/strmech/strmech.go:2789.2,2794.12 1 1
github.com/MikeAustin71/strmechops/strmech/strmech.go:2769.34,2771.3 1 1
github.com/MikeAustin71/strmechops/strmech/strmech.go:2785.16,2787.3 1 0
github.com/MikeAustin71/strmechops/strmech/strmech.go:2927.9,2929.34 1 1
github.com/MikeAustin71/strmechops/strmech/strmech.go:2933.2,2946.16 6 1
github.com/MikeAustin71/strmechops/strmech/strmech.go:2950.2,2953.11 1 1
github.com/MikeAustin71/strmechops/strmech/strmech.go:2929.34,2931.3 1 1
github.com/MikeAustin71/strmechops/strmech/strmech.go:2946.16,2948.3 1 0
github.com/MikeAustin71/strmechops/strmech/strmech.go:3079.9,3081.34 1 1
github.com/MikeAustin71/strmechops/strmech/strmech.go:3085.2,3098.16 6 1
github.com/MikeAustin71/strmechops/strmech/strmech.go:3102.2,3106.12 1 1
github.com/MikeAustin71/strmechops/strmech/strmech.go:3081.34,3083.3 1 1
github.com/MikeAustin71/strmechops/strmech/strmech.go:3098.16,3100.3 1 0
github.com/MikeAustin71/strmechops/strmech/strmech.go:3140.32,3142.34 1 1
github.com/MikeAustin71/strmechops/strmech/strmech.go:3146.2,3150.25 3 1
github.com/MikeAustin71/strmechops/strmech/strmech.go:3154.2,3157.30 3 1
github.com/MikeAustin71/strmechops/strmech/strmech.go:3170.2,3179.15 2 1
github.com/MikeAustin71/strmechops/strmech/strmech.go:3142.34,3144.3 1 1
github.com/MikeAustin71/strmechops/strmech/strmech.go:3150.25,3152.3 1 1
github.com/MikeAustin71/strmechops/strmech/strmech.go:3157.30,3168.3 2 1
github.com/MikeAustin71/strmechops/strmech/strmech.go:3322.9,3324.34 1 1
github.com/MikeAustin71/strmechops/strmech/strmech.go:3328.2,3341.16 6 1
github.com/MikeAustin71/strmechops/strmech/strmech.go:3345.2,3349.12 1 1
github.com/MikeAustin71/strmechops/strmech/strmech.go:3324.34,3326.3 1 1
github.com/MikeAustin71/strmechops/strmech/strmech.go:3341.16,3343.3 1 0
github.com/MikeAustin71/strmechops/strmech/strmech.go:3471.9,3473.34 1 1
github.com/MikeAustin71/strmechops/strmech/strmech.go:3477.2,3490.16 6 1
github.com/MikeAustin71/strmechops/strmech/strmech.go:3494.2,3500.12 1 1
github.com/MikeAustin71/strmechops/strmech/strmech.go:3473.34,3475.3 1 1
github.com/MikeAustin71/strmechops/strmech/strmech.go:3490.16,3492.3 1 0
github.com/MikeAustin71/strmechops/strmech/strmech.go:3637.9,3639.34 1 1
github.com/MikeAustin71/strmechops/strmech/strmech.go:3643.2,3656.16 6 1
github.com/MikeAustin71/strmechops/strmech/strmech.go:3660.2,3665.11 2 1
github.com/MikeAustin71/strmechops/strmech/strmech.go:3639.34,3641.3 1 1
github.com/MikeAustin71/strmechops/strmech/strmech.go:3656.16,3658.3 1 0
github.com/MikeAustin71/strmechops/strmech/strmech.go:3672.49,3674.34 1 1
github.com/MikeAustin71/strmechops/strmech/strmech.go:3678.2,3686.24 5 1
github.com/MikeAustin71/strmechops/strmech/strmech.go:3674.34,3676.3 1 1
github.com/MikeAustin71/strmechops/strmech/strmech.go:3804.9,3806.34 1 1
github.com/MikeAustin71/strmechops/strmech/strmech.go:3810.2,3823.16 6 1
github.com/MikeAustin71/strmechops/strmech/strmech.go:3827.2,3831.12 1 1
github.com/MikeAustin71/strmechops/strmech/strmech.go:3806.34,3808.3 1 1
github.com/MikeAustin71/strmechops/strmech/strmech.go:3823.16,3825.3 1 0
github.com/MikeAustin71/strmechops/strmech/strmech.go:3954.43,3956.34 1 1
github.com/MikeAustin71/strmechops/strmech/strmech.go:3960.2,3973.16 6 1
github.com/MikeAustin71/strmechops/strmech/strmech.go:3977.2,3981.12 1 1
github.com/MikeAustin71/strmechops/strmech/strmech.go:3956.34,3958.3 1 1
github.com/MikeAustin71/strmechops/strmech/strmech.go:3973.16,3975.3 1 0
github.com/MikeAustin71/strmechops/strmech/strmech.go:3988.24,3990.34 1 1
github.com/MikeAustin71/strmechops/strmech/strmech.go:3994.2,3999.31 3 1
github.com/MikeAustin71/strmechops/strmech/strmech.go:3990.34,3992.3 1 1
github.com/MikeAustin71/strmechops/strmech/strmech.go:4006.24,4008.34 1 1
github.com/MikeAustin71/strmechops/strmech/strmech.go:4012.2,4017.31 3 1
github.com/MikeAustin71/strmechops/strmech/strmech.go:4008.34,4010.3 1 1
github.com/MikeAustin71/strmechops/strmech/strmech.go:4085.14,4087.34 1 1
github.com/MikeAustin71/strmechops/strmech/strmech.go:4091.2,4098.13 3 1
github.com/MikeAustin71/strmechops/strmech/strmech.go:4087.34,4089.3 1 1
github.com/MikeAustin71/strmechops/strmech/strmech.go:4180.14,4182.34 1 1
github.com/MikeAustin71/strmechops/strmech/strmech.go:4186.2,4193.13 3 1
github.com/MikeAustin71/strmechops/strmech/strmech.go:4182.34,4184.3 1 1
github.com/MikeAustin71/strmechops/strmech/strmech.go:4277.51,4279.34 1 1
github.com/MikeAustin71/strmechops/strmech/strmech.go:4283.2,4289.12 3 1
github.com/MikeAustin71/strmechops/strmech/strmech.go:4279.34,4281.3 1 1
github.com/MikeAustin71/strmechops/strmech/strmech.go:4410.9,4412.34 1 1
github.com/MikeAustin71/strmechops/strmech/strmech.go:4416.2,4429.16 6 1
github.com/MikeAustin71/strmechops/strmech/strmech.go:4433.2,4437.12 1 1
github.com/MikeAustin71/strmechops/strmech/strmech.go:4412.34,4414.3 1 1
github.com/MikeAustin71/strmechops/strmech/strmech.go:4429.16,4431.3 1 0
github.com/MikeAustin71/strmechops/strmech/strmech.go:4568.43,4570.34 1 1
github.com/MikeAustin71/strmechops/strmech/strmech.go:4574.2,4587.16 6 1
github.com/MikeAustin71/strmechops/strmech/strmech.go:4591.2,4595.12 1 1
github.com/MikeAustin71/strmechops/strmech/strmech.go:4570.34,4572.3 1 1
github.com/MikeAustin71/strmechops/strmech/strmech.go:4587.16,4589.3 1 0
github.com/MikeAustin71/strmechops/strmech/strmech.go:4724.9,4726.34 1 1
github.com/MikeAustin71/strmechops/strmech/strmech.go:4730.2,4743.16 6 1
github.com/MikeAustin71/strmechops/strmech/strmech.go:4747.2,4751.12 1 1
github.com/MikeAustin71/strmechops/strmech/strmech.go:4726.34,4728.3 1 1
github.com/MikeAustin71/strmechops/strmech/strmech.go:4743.16,4745.3 1 0
github.com/MikeAustin71/strmechops/strmech/strmech.go:4899.9,4901.34 1 1
github.com/MikeAustin71/strmechops/strmech/strmech.go:4905.2,4918.16 6 1
github.com/MikeAustin71/strmechops/strmech/strmech.go:4924.2,4929.11 1 1
github.com/MikeAustin71/strmechops/strmech/strmech.go:4901.34,4903.3 1 1
github.com/MikeAustin71/strmechops/strmech/strmech.go:4918.16,4922.3 1 0
github.com/MikeAustin71/strmechops/strmech/strmech.go:5049.13,5051.34 1 1
github.com/MikeAustin71/strmechops/strmech/strmech.go:5055.2,5066.16 5 1
github.com/MikeAustin71/strmechops/strmech/strmech.go:5070.2,5074.12 1 1
github.com/MikeAustin71/strmechops/strmech/strmech.go:5051.34,5053.3 1 1
github.com/MikeAustin71/strmechops/strmech/strmech.go:5066.16,5068.3 1 0
github.com/MikeAustin71/strmechops/strmech/strmech.go:5189.13,5191.34 1 1
github.com/MikeAustin71/strmechops/strmech/strmech.go:5195.2,5207.16 5 1
github.com/MikeAustin71/strmechops/strmech/strmech.go:5211.2,5215.12 1 1
github.com/MikeAustin71/strmechops/strmech/strmech.go:5191.34,5193.3 1 1
github.com/MikeAustin71/strmechops/strmech/strmech.go:5207.16,5209.3 1 0
github.com/MikeAustin71/strmechops/strmech/strmech.go:5256.21,5258.34 1 1
github.com/MikeAustin71/strmechops/strmech/strmech.go:5262.2,5268.44 4 1
github.com/MikeAustin71/strmechops/strmech/strmech.go:5258.34,5260.3 1 1
github.com/MikeAustin71/strmechops/strmech/strmech.go:5282.58,5284.34 1 1
github.com/MikeAustin71/strmechops/strmech/strmech.go:5288.2,5300.13 4 1
github.com/MikeAustin71/strmechops/strmech/strmech.go:5284.34,5286.3 1 1
github.com/MikeAustin71/strmechops/strmech/strmechatom.go:66.9,68.27 1 1
github.com/MikeAustin71/strmechops/strmech/strmechatom.go:72.2,76.20 3 1
github.com/MikeAustin71/strmechops/strmech/strmechatom.go:82.2,88.20 3 1
github.com/MikeAustin71/strmechops/strmech/strmechatom.go:96.2,96.20 1 1
github.com/MikeAustin71/strmechops/strmech/strmechatom.go:106.2,106.24 1 1
github.com/MikeAustin71/strmechops/strmech/strmechatom.go:114.2,116.46 2 1
github.com/MikeAustin71/strmechops/strmech/strmechatom.go:120.2,129.40 7 1
github.com/MikeAustin71/strmechops/strmech/strmechatom.go:299.2,299.24 1 1
github.com/MikeAustin71/strmechops/strmech/strmechatom.go:68.27,70.3 1 0
github.com/MikeAustin71/strmechops/strmech/strmechatom.go:76.20,78.3 1 0
github.com/MikeAustin71/strmechops/strmech/strmechatom.go:78.8,80.3 1 1
github.com/MikeAustin71/strmechops/strmech/strmechatom.go:88.20,94.3 1 1
github.com/MikeAustin71/strmechops/strmech/strmechatom.go:96.20,104.3 1 1
github.com/MikeAustin71/strmechops/strmech/strmechatom.go:106.24,112.3 1 1
github.com/MikeAustin71/strmechops/strmech/strmechatom.go:116.46,118.3 1 1
github.com/MikeAustin71/strmechops/strmech/strmechatom.go:129.40,145.17 2 1
github.com/MikeAustin71/strmechops/strmech/strmechatom.go:149.3,151.19 2 1
github.com/MikeAustin71/strmechops/strmech/strmechatom.go:160.3,160.28 1 1
github.com/MikeAustin71/strmechops/strmech/strmechatom.go:166.3,168.33 2 1
github.com/MikeAustin71/strmechops/strmech/strmechatom.go:173.3,187.17 2 1
github.com/MikeAustin71/strmechops/strmech/strmechatom.go:191.3,193.18 2 1
github.com/MikeAustin71/strmechops/strmech/strmechatom.go:295.3,295.29 1 1
github.com/MikeAustin71/strmechops/strmech/strmechatom.go:145.17,147.4 1 0
github.com/MikeAustin71/strmechops/strmech/strmechatom.go:151.19,153.20 1 1
github.com/MikeAustin71/strmechops/strmech/strmechatom.go:157.4,157.9 1 1
github.com/MikeAustin71/strmechops/strmech/strmechatom.go:153.20,155.5 1 0
github.com/MikeAustin71/strmechops/strmech/strmechatom.go:160.28,163.9 3 0
github.com/MikeAustin71/strmechops/strmech/strmechatom.go:168.33,170.4 1 1
github.com/MikeAustin71/strmechops/strmech/strmechatom.go:187.17,189.4 1 0
github.com/MikeAustin71/strmechops/strmech/strmechatom.go:193.18,198.4 1 0
github.com/MikeAustin71/strmechops/strmech/strmechatom.go:198.9,198.26 1 1
github.com/MikeAustin71/strmechops/strmech/strmechatom.go:198.26,202.36 1 1
github.com/MikeAustin71/strmechops/strmech/strmechatom.go:202.36,209.10 3 1
github.com/MikeAustin71/strmechops/strmech/strmechatom.go:211.10,211.51 1 0
github.com/MikeAustin71/strmechops/strmech/strmechatom.go:211.51,217.37 1 0
github.com/MikeAustin71/strmechops/strmech/strmechatom.go:217.37,222.11 3 0
github.com/MikeAustin71/strmechops/strmech/strmechatom.go:224.11,228.6 2 0
github.com/MikeAustin71/strmechops/strmech/strmechatom.go:230.10,237.5 3 0
github.com/MikeAustin71/strmechops/strmech/strmechatom.go:239.9,242.32 1 1
github.com/MikeAustin71/strmechops/strmech/strmechatom.go:242.32,246.10 3 1
github.com/MikeAustin71/strmechops/strmech/strmechatom.go:248.10,248.44 1 1
github.com/MikeAustin71/strmechops/strmech/strmechatom.go:248.44,266.19 2 1
github.com/MikeAustin71/strmechops/strmech/strmechatom.go:270.5,272.18 2 1
github.com/MikeAustin71/strmechops/strmech/strmechatom.go:266.19,268.6 1 0
github.com/MikeAustin71/strmechops/strmech/strmechatom.go:272.18,277.14 2 0
github.com/MikeAustin71/strmechops/strmech/strmechatom.go:279.11,283.6 2 1
github.com/MikeAustin71/strmechops/strmech/strmechatom.go:285.10,292.5 2 1
github.com/MikeAustin71/strmechops/strmech/strmechatom.go:312.13,314.27 1 1
github.com/MikeAustin71/strmechops/strmech/strmechatom.go:318.2,322.20 3 1
github.com/MikeAustin71/strmechops/strmech/strmechatom.go:328.2,332.26 2 1
github.com/MikeAustin71/strmechops/strmech/strmechatom.go:339.2,339.28 1 1
github.com/MikeAustin71/strmechops/strmech/strmechatom.go:346.2,346.42 1 1
github.com/MikeAustin71/strmechops/strmech/strmechatom.go:350.2,350.44 1 1
github.com/MikeAustin71/strmechops/strmech/strmechatom.go:354.2,361.12 6 1
github.com/MikeAustin71/strmechops/strmech/strmechatom.go:314.27,316.3 1 0
github.com/MikeAustin71/strmechops/strmech/strmechatom.go:322.20,324.3 1 1
github.com/MikeAustin71/strmechops/strmech/strmechatom.go:324.8,326.3 1 0
github.com/MikeAustin71/strmechops/strmech/strmechatom.go:332.26,337.3 2 0
github.com/MikeAustin71/strmechops/strmech/strmechatom.go:339.28,344.3 2 0
github.com/MikeAustin71/strmechops/strmech/strmechatom.go:346.42,348.3 1 0
github.com/MikeAustin71/strmechops/strmech/strmechatom.go:350.44,352.3 1 0
github.com/MikeAustin71/strmechops/strmech/strmechatom.go:371.9,373.27 1 1
github.com/MikeAustin71/strmechops/strmech/strmechatom.go:377.2,381.20 3 1
github.com/MikeAustin71/strmechops/strmech/strmechatom.go:387.2,395.20 4 1
github.com/MikeAustin71/strmechops/strmech/strmechatom.go:403.2,409.24 5 1
github.com/MikeAustin71/strmechops/strmech/strmechatom.go:373.27,375.3 1 1
github.com/MikeAustin71/strmechops/strmech/strmechatom.go:381.20,383.3 1 1
github.com/MikeAustin71/strmechops/strmech/strmechatom.go:383.8,385.3 1 0
github.com/MikeAustin71/strmechops/strmech/strmechatom.go:395.20,401.3 2 0
github.com/MikeAustin71/strmechops/strmech/strmechatom.go:587.9,589.27 1 1
github.com/MikeAustin71/strmechops/strmech/strmechatom.go:593.2,597.20 3 1
github.com/MikeAustin71/strmechops/strmech/strmechatom.go:603.2,615.23 8 1
github.com/MikeAustin71/strmechops/strmech/strmechatom.go:622.2,622.18 1 1
github.com/MikeAustin71/strmechops/strmech/strmechatom.go:631.2,631.30 1 1
github.com/MikeAustin71/strmechops/strmech/strmechatom.go:642.2,644.36 2 1
github.com/MikeAustin71/strmechops/strmech/strmechatom.go:653.2,655.49 2 1
github.com/MikeAustin71/strmechops/strmech/strmechatom.go:665.2,665.31 1 1
github.com/MikeAustin71/strmechops/strmech/strmechatom.go:674.2,676.37 2 1
github.com/MikeAustin71/strmechops/strmech/strmechatom.go:685.2,687.50 2 1
github.com/MikeAustin71/strmechops/strmech/strmechatom.go:696.2,696.31 1 1
github.com/MikeAustin71/strmechops/strmech/strmechatom.go:704.2,714.34 8 1
github.com/MikeAustin71/strmechops/strmech/strmechatom.go:763.2,764.28 1 1
github.com/MikeAustin71/strmechops/strmech/strmechatom.go:771.2,774.30 2 1
github.com/MikeAustin71/strmechops/strmech/strmechatom.go:827.2,830.28 2 1
github.com/MikeAustin71/strmechops/strmech/strmechatom.go:837.2,840.37 2 1
github.com/MikeAustin71/strmechops/strmech/strmechatom.go:906.2,911.32 4 1
github.com/MikeAustin71/strmechops/strmech/strmechatom.go:961.2,961.30 1 1
github.com/MikeAustin71/strmechops/strmech/strmechatom.go:965.2,965.77 1 1
github.com/MikeAustin71/strmechops/strmech/strmechatom.go:969.2,975.36 6 1
github.com/MikeAustin71/strmechops/strmech/strmechatom.go:981.2,981.24 1 1
github.com/MikeAustin71/strmechops/strmech/strmechatom.go:589.27,591.3 1 0
github.com/MikeAustin71/strmechops/strmech/strmechatom.go:597.20,599.3 1 0
github.com/MikeAustin71/strmechops/strmech/strmechatom.go:599.8,601.3 1 1
github.com/MikeAustin71/strmechops/strmech/strmechatom.go:615.23,620.3 1 1
github.com/MikeAustin71/strmechops/strmech/strmechatom.go:622.18,629.3 1 1
github.com/MikeAustin71/strmechops/strmech/strmechatom.go:631.30,640.3 1 1
github.com/MikeAustin71/strmechops/strmech/strmechatom.go:644.36,651.3 1 1
github.com/MikeAustin71/strmechops/strmech/strmechatom.go:655.49,657.42 1 1
github.com/MikeAustin71/strmechops/strmech/strmechatom.go:661.3,661.34 1 1
github.com/MikeAustin71/strmechops/strmech/strmechatom.go:657.42,658.12 1 1
github.com/MikeAustin71/strmechops/strmech/strmechatom.go:665.31,672.3 2 1
github.com/MikeAustin71/strmechops/strmech/strmechatom.go:676.37,683.3 1 1
github.com/MikeAustin71/strmechops/strmech/strmechatom.go:687.50,689.43 1 1
github.com/MikeAustin71/strmechops/strmech/strmechatom.go:693.3,693.34 1 1
github.com/MikeAustin71/strmechops/strmech/strmechatom.go:689.43,690.12 1 1
github.com/MikeAustin71/strmechops/strmech/strmechatom.go:696.31,702.3 2 1
github.com/MikeAustin71/strmechops/strmech/strmechatom.go:714.34,716.49 1 1
github.com/MikeAustin71/strmechops/strmech/strmechatom.go:737.3,737.32 1 1
github.com/MikeAustin71/strmechops/strmech/strmechatom.go:746.3,746.24 1 1
github.com/MikeAustin71/strmechops/strmech/strmechatom.go:716.49,718.40 1 1
github.com/MikeAustin71/strmechops/strmech/strmechatom.go:722.4,726.29 3 1
github.com/MikeAustin71/strmechops/strmech/strmechatom.go:730.4,731.36 1 1
github.com/MikeAustin71/strmechops/strmech/strmechatom.go:718.40,719.13 1 1
github.com/MikeAustin71/strmechops/strmech/strmechatom.go:726.29,727.13 1 1
github.com/MikeAustin71/strmechops/strmech/strmechatom.go:731.36,734.5 2 1
github.com/MikeAustin71/strmechops/strmech/strmechatom.go:737.32,744.4 2 1
github.com/MikeAustin71/strmechops/strmech/strmechatom.go:746.24,754.43 5 1
github.com/MikeAustin71/strmechops/strmech/strmechatom.go:754.43,759.5 3 1
github.com/MikeAustin71/strmechops/strmech/strmechatom.go:764.28,769.3 2 1
github.com/MikeAustin71/strmechops/strmech/strmechatom.go:774.30,780.45 4 1
github.com/MikeAustin71/strmechops/strmech/strmechatom.go:801.3,801.32 1 1
github.com/MikeAustin71/strmechops/strmech/strmechatom.go:810.3,810.24 1 1
github.com/MikeAustin71/strmechops/strmech/strmechatom.go:780.45,782.38 1 1
github.com/MikeAustin71/strmechops/strmech/strmechatom.go:786.4,790.24 3 1
github.com/MikeAustin71/strmechops/strmech/strmechatom.go:794.4,795.31 1 1
github.com/MikeAustin71/strmechops/strmech/strmechatom.go:782.38,783.13 1 1
github.com/MikeAustin71/strmechops/strmech/strmechatom.go:790.24,791.13 1 1
github.com/MikeAustin71/strmechops/strmech/strmechatom.go:795.31,798.5 2 1
github.com/MikeAustin71/strmechops/strmech/strmechatom.go:801.32,808.4 2 1
github.com/MikeAustin71/strmechops/strmech/strmechatom.go:810.24,817.43 5 1
github.com/MikeAustin71/strmechops/strmech/strmechatom.go:817.43,823.5 3 1
github.com/MikeAustin71/strmechops/strmech/strmechatom.go:830.28,835.3 2 1
github.com/MikeAustin71/strmechops/strmech/strmechatom.go:840.37,845.52 4 1
github.com/MikeAustin71/strmechops/strmech/strmechatom.go:868.3,868.32 1 1
github.com/MikeAustin71/strmechops/strmech/strmechatom.go:877.3,877.25 1 1
github.com/MikeAustin71/strmechops/strmech/strmechatom.go:883.3,883.24 1 1
github.com/MikeAustin71/strmechops/strmech/strmechatom.go:845.52,847.45 1 1
github.com/MikeAustin71/strmechops/strmech/strmechatom.go:852.4,856.28 3 1
github.com/MikeAustin71/strmechops/strmech/strmechatom.go:860.4,861.35 1 1
github.com/MikeAustin71/strmechops/strmech/strmechatom.go:847.45,849.13 1 1
github.com/MikeAustin71/strmechops/strmech/strmechatom.go:856.28,857.13 1 1
github.com/MikeAustin71/strmechops/strmech/strmechatom.go:861.35,865.5 2 1
github.com/MikeAustin71/strmechops/strmech/strmechatom.go:868.32,875.4 2 1
github.com/MikeAustin71/strmechops/strmech/strmechatom.go:877.25,881.4 1 1
github.com/MikeAustin71/strmechops/strmech/strmechatom.go:883.24,889.44 2 1
github.com/MikeAustin71/strmechops/strmech/strmechatom.go:896.4,899.49 3 1
github.com/MikeAustin71/strmechops/strmech/strmechatom.go:889.44,894.5 1 1
github.com/MikeAustin71/strmechops/strmech/strmechatom.go:911.32,913.30 1 1
github.com/MikeAustin71/strmechops/strmech/strmechatom.go:948.3,948.30 1 1
github.com/MikeAustin71/strmechops/strmech/strmechatom.go:952.3,956.2 3 1
github.com/MikeAustin71/strmechops/strmech/strmechatom.go:913.30,915.51 1 1
github.com/MikeAustin71/strmechops/strmech/strmechatom.go:915.51,919.32 2 1
github.com/MikeAustin71/strmechops/strmech/strmechatom.go:924.5,926.29 2 1
github.com/MikeAustin71/strmechops/strmech/strmechatom.go:919.32,920.14 1 1
github.com/MikeAustin71/strmechops/strmech/strmechatom.go:929.9,931.52 1 1
github.com/MikeAustin71/strmechops/strmech/strmechatom.go:931.52,935.33 2 1
github.com/MikeAustin71/strmechops/strmech/strmechatom.go:939.5,943.28 3 1
github.com/MikeAustin71/strmechops/strmech/strmechatom.go:935.33,936.14 1 1
github.com/MikeAustin71/strmechops/strmech/strmechatom.go:948.30,950.4 1 1
github.com/MikeAustin71/strmechops/strmech/strmechatom.go:961.30,963.3 1 1
github.com/MikeAustin71/strmechops/strmech/strmechatom.go:965.77,967.3 1 1
github.com/MikeAustin71/strmechops/strmech/strmechatom.go:975.36,977.3 1 1
github.com/MikeAustin71/strmechops/strmech/strmechatom.go:977.8,979.3 1 1
github.com/MikeAustin71/strmechops/strmech/strmechatom.go:1197.9,1199.27 1 1
github.com/MikeAustin71/strmechops/strmech/strmechatom.go:1203.2,1207.20 3 1
github.com/MikeAustin71/strmechops/strmech/strmechatom.go:1213.2,1223.23 6 1
github.com/MikeAustin71/strmechops/strmech/strmechatom.go:1231.2,1231.20 1 1
github.com/MikeAustin71/strmechops/strmech/strmechatom.go:1239.2,1239.32 1 1
github.com/MikeAustin71/strmechops/strmech/strmechatom.go:1250.2,1262.31 9 1
github.com/MikeAustin71/strmechops/strmech/strmechatom.go:1279.2,1279.32 1 1
github.com/MikeAustin71/strmechops/strmech/strmechatom.go:1296.2,1296.32 1 1
github.com/MikeAustin71/strmechops/strmech/strmechatom.go:1313.2,1321.45 6 1
github.com/MikeAustin71/strmechops/strmech/strmechatom.go:1333.2,1333.32 1 1
github.com/MikeAustin71/strmechops/strmech/strmechatom.go:1340.2,1347.37 3 1
github.com/MikeAustin71/strmechops/strmech/strmechatom.go:1416.2,1418.37 2 1
github.com/MikeAustin71/strmechops/strmech/strmechatom.go:1437.2,1439.55 2 1
github.com/MikeAustin71/strmechops/strmech/strmechatom.go:1490.2,1490.34 1 1
github.com/MikeAustin71/strmechops/strmech/strmechatom.go:1510.2,1510.21 1 1
github.com/MikeAustin71/strmechops/strmech/strmechatom.go:1199.27,1201.3 1 0
github.com/MikeAustin71/strmechops/strmech/strmechatom.go:1207.20,1209.3 1 0
github.com/MikeAustin71/strmechops/strmech/strmechatom.go:1209.8,1211.3 1 1
github.com/MikeAustin71/strmechops/strmech/strmechatom.go:1223.23,1229.3 1 1
github.com/MikeAustin71/strmechops/strmech/strmechatom.go:1231.20,1237.3 1 1
github.com/MikeAustin71/strmechops/strmech/strmechatom.go:1239.32,1248.3 1 1
github.com/MikeAustin71/strmechops/strmech/strmechatom.go:1262.31,1265.46 1 1
github.com/MikeAustin71/strmechops/strmech/strmechatom.go:1276.3,1276.46 1 1
github.com/MikeAustin71/strmechops/strmech/strmechatom.go:1265.46,1268.32 1 1
github.com/MikeAustin71/strmechops/strmech/strmechatom.go:1272.4,1272.74 1 1
github.com/MikeAustin71/strmechops/strmech/strmechatom.go:1268.32,1269.13 1 0
github.com/MikeAustin71/strmechops/strmech/strmechatom.go:1279.32,1282.47 1 1
github.com/MikeAustin71/strmechops/strmech/strmechatom.go:1293.3,1293.48 1 1
github.com/MikeAustin71/strmechops/strmech/strmechatom.go:1282.47,1285.33 1 1
github.com/MikeAustin71/strmechops/strmech/strmechatom.go:1289.4,1289.77 1 1
github.com/MikeAustin71/strmechops/strmech/strmechatom.go:1285.33,1286.13 1 0
github.com/MikeAustin71/strmechops/strmech/strmechatom.go:1296.32,1299.47 1 1
github.com/MikeAustin71/strmechops/strmech/strmechatom.go:1310.3,1310.48 1 1
github.com/MikeAustin71/strmechops/strmech/strmechatom.go:1299.47,1302.33 1 1
github.com/MikeAustin71/strmechops/strmech/strmechatom.go:1306.4,1306.77 1 1
github.com/MikeAustin71/strmechops/strmech/strmechatom.go:1302.33,1303.13 1 0
github.com/MikeAustin71/strmechops/strmech/strmechatom.go:1321.45,1325.31 1 1
github.com/MikeAustin71/strmechops/strmech/strmechatom.go:1325.31,1329.9 2 1
github.com/MikeAustin71/strmechops/strmech/strmechatom.go:1333.32,1338.3 1 1
github.com/MikeAustin71/strmechops/strmech/strmechatom.go:1347.37,1349.59 1 1
github.com/MikeAustin71/strmechops/strmech/strmechatom.go:1349.59,1351.45 1 1
github.com/MikeAustin71/strmechops/strmech/strmechatom.go:1405.4,1407.39 2 1
github.com/MikeAustin71/strmechops/strmech/strmechatom.go:1412.4,1412.9 1 1
github.com/MikeAustin71/strmechops/strmech/strmechatom.go:1351.45,1353.46 1 1
github.com/MikeAustin71/strmechops/strmech/strmechatom.go:1353.46,1356.34 1 1
github.com/MikeAustin71/strmechops/strmech/strmechatom.go:1356.34,1374.33 7 1
github.com/MikeAustin71/strmechops/strmech/strmechatom.go:1380.7,1380.48 1 1
github.com/MikeAustin71/strmechops/strmech/strmechatom.go:1387.7,1387.12 1 1
github.com/MikeAustin71/strmechops/strmech/strmechatom.go:1374.33,1376.8 1 1
github.com/MikeAustin71/strmechops/strmech/strmechatom.go:1380.48,1381.47 1 1
github.com/MikeAustin71/strmechops/strmech/strmechatom.go:1381.47,1384.9 2 1
github.com/MikeAustin71/strmechops/strmech/strmechatom.go:1389.12,1400.12 5 1
github.com/MikeAustin71/strmechops/strmech/strmechatom.go:1407.39,1409.13 2 1
github.com/MikeAustin71/strmechops/strmech/strmechatom.go:1418.37,1420.57 1 1
github.com/MikeAustin71/strmechops/strmech/strmechatom.go:1420.57,1423.40 1 1
github.com/MikeAustin71/strmechops/strmech/strmechatom.go:1423.40,1429.5 3 1
github.com/MikeAustin71/strmechops/strmech/strmechatom.go:1429.10,1432.5 2 1
github.com/MikeAustin71/strmechops/strmech/strmechatom.go:1439.55,1441.21 1 1
github.com/MikeAustin71/strmechops/strmech/strmechatom.go:1469.3,1471.45 2 1
github.com/MikeAustin71/strmechops/strmech/strmechatom.go:1485.3,1485.8 1 1
github.com/MikeAustin71/strmechops/strmech/strmechatom.go:1441.21,1443.54 1 1
github.com/MikeAustin71/strmechops/strmech/strmechatom.go:1449.4,1449.46 1 1
github.com/MikeAustin71/strmechops/strmech/strmechatom.go:1443.54,1446.13 2 1
github.com/MikeAustin71/strmechops/strmech/strmechatom.go:1449.46,1451.47 1 1
github.com/MikeAustin71/strmechops/strmech/strmechatom.go:1451.47,1454.58 1 1
github.com/MikeAustin71/strmechops/strmech/strmechatom.go:1460.6,1462.23 2 1
github.com/MikeAustin71/strmechops/strmech/strmechatom.go:1454.58,1457.21 1 1
github.com/MikeAustin71/strmechops/strmech/strmechatom.go:1471.45,1473.46 1 1
github.com/MikeAustin71/strmechops/strmech/strmechatom.go:1473.46,1479.22 4 1
github.com/MikeAustin71/strmechops/strmech/strmechatom.go:1490.34,1493.30 2 1
github.com/MikeAustin71/strmechops/strmech/strmechatom.go:1499.3,1505.51 5 1
github.com/MikeAustin71/strmechops/strmech/strmechatom.go:1493.30,1495.4 1 1
github.com/MikeAustin71/strmechops/strmech/strmechatom.go:1495.9,1497.4 1 1
github.com/MikeAustin71/strmechops/strmech/strmechatom.go:1505.51,1507.4 1 1
github.com/MikeAustin71/strmechops/strmech/strmechatom.go:1516.49,1518.27 1 1
github.com/MikeAustin71/strmechops/strmech/strmechatom.go:1522.2,1528.3 3 1
github.com/MikeAustin71/strmechops/strmech/strmechatom.go:1518.27,1520.3 1 1
github.com/MikeAustin71/strmechops/strmech/strmechdatafieldprofiledto.go:29.61,37.2 6 1
github.com/MikeAustin71/strmechops/strmech/strmechdatafieldprofiledto.go:41.64,58.2 16 1
github.com/MikeAustin71/strmechops/strmech/strmechelectron.go:83.9,85.31 1 1
github.com/MikeAustin71/strmechops/strmech/strmechelectron.go:89.2,93.20 3 1
github.com/MikeAustin71/strmechops/strmech/strmechelectron.go:99.2,105.47 3 1
github.com/MikeAustin71/strmechops/strmech/strmechelectron.go:109.2,111.20 2 1
github.com/MikeAustin71/strmechops/strmech/strmechelectron.go:119.2,119.18 1 1
github.com/MikeAustin71/strmechops/strmech/strmechelectron.go:127.2,127.30 1 1
github.com/MikeAustin71/strmechops/strmech/strmechelectron.go:136.2,136.27 1 1
github.com/MikeAustin71/strmechops/strmech/strmechelectron.go:145.2,147.22 2 1
github.com/MikeAustin71/strmechops/strmech/strmechelectron.go:156.2,156.16 1 1
github.com/MikeAustin71/strmechops/strmech/strmechelectron.go:85.31,87.3 1 1
github.com/MikeAustin71/strmechops/strmech/strmechelectron.go:93.20,95.3 1 0
github.com/MikeAustin71/strmechops/strmech/strmechelectron.go:95.8,97.3 1 1
github.com/MikeAustin71/strmechops/strmech/strmechelectron.go:105.47,107.3 1 1
github.com/MikeAustin71/strmechops/strmech/strmechelectron.go:111.20,117.3 1 1
github.com/MikeAustin71/strmechops/strmech/strmechelectron.go:119.18,125.3 1 1
github.com/MikeAustin71/strmechops/strmech/strmechelectron.go:127.30,134.3 1 1
github.com/MikeAustin71/strmechops/strmech/strmechelectron.go:136.27,143.3 1 1
github.com/MikeAustin71/strmechops/strmech/strmechelectron.go:147.22,149.28 1 1
github.com/MikeAustin71/strmechops/strmech/strmechelectron.go:153.3,153.8 1 1
github.com/MikeAustin71/strmechops/strmech/strmechelectron.go:149.28,151.4 1 1
github.com/MikeAustin71/strmechops/strmech/strmechelectron.go:219.9,221.31 1 1
github.com/MikeAustin71/strmechops/strmech/strmechelectron.go:225.2,229.20 3 1
github.com/MikeAustin71/strmechops/strmech/strmechelectron.go:235.2,239.25 2 1
github.com/MikeAustin71/strmechops/strmech/strmechelectron.go:247.2,247.26 1 1
github.com/MikeAustin71/strmechops/strmech/strmechelectron.go:255.2,262.16 2 1
github.com/MikeAustin71/strmechops/strmech/strmechelectron.go:266.2,266.38 1 1
github.com/MikeAustin71/strmechops/strmech/strmechelectron.go:221.31,223.3 1 0
github.com/MikeAustin71/strmechops/strmech/strmechelectron.go:229.20,231.3 1 0
github.com/MikeAustin71/strmechops/strmech/strmechelectron.go:231.8,233.3 1 1
github.com/MikeAustin71/strmechops/strmech/strmechelectron.go:239.25,245.3 1 1
github.com/MikeAustin71/strmechops/strmech/strmechelectron.go:247.26,253.3 1 1
github.com/MikeAustin71/strmechops/strmech/strmechelectron.go:262.16,264.3 1 0
github.com/MikeAustin71/strmechops/strmech/strmechelectron.go:272.61,274.31 1 1
github.com/MikeAustin71/strmechops/strmech/strmechelectron.go:278.2,284.3 3 1
github.com/MikeAustin71/strmechops/strmech/strmechelectron.go:274.31,276.3 1 1
github.com/MikeAustin71/strmechops/strmech/strmechelectron.go:303.13,305.31 1 1
github.com/MikeAustin71/strmechops/strmech/strmechelectron.go:309.2,313.20 3 1
github.com/MikeAustin71/strmechops/strmech/strmechelectron.go:319.2,326.27 4 1
github.com/MikeAustin71/strmechops/strmech/strmechelectron.go:334.2,337.12 3 1
github.com/MikeAustin71/strmechops/strmech/strmechelectron.go:346.2,355.24 5 1
github.com/MikeAustin71/strmechops/strmech/strmechelectron.go:361.2,365.38 3 1
github.com/MikeAustin71/strmechops/strmech/strmechelectron.go:373.2,375.55 2 1
github.com/MikeAustin71/strmechops/strmech/strmechelectron.go:380.2,382.26 2 1
github.com/MikeAustin71/strmechops/strmech/strmechelectron.go:388.2,388.15 1 1
github.com/MikeAustin71/strmechops/strmech/strmechelectron.go:305.31,307.3 1 0
github.com/MikeAustin71/strmechops/strmech/strmechelectron.go:313.20,315.3 1 0
github.com/MikeAustin71/strmechops/strmech/strmechelectron.go:315.8,317.3 1 1
github.com/MikeAustin71/strmechops/strmech/strmechelectron.go:326.27,332.3 2 0
github.com/MikeAustin71/strmechops/strmech/strmechelectron.go:337.12,344.3 3 1
github.com/MikeAustin71/strmechops/strmech/strmechelectron.go:355.24,359.3 3 0
github.com/MikeAustin71/strmechops/strmech/strmechelectron.go:365.38,368.3 2 1
github.com/MikeAustin71/strmechops/strmech/strmechelectron.go:368.8,371.3 2 1
github.com/MikeAustin71/strmechops/strmech/strmechelectron.go:375.55,378.3 2 1
github.com/MikeAustin71/strmechops/strmech/strmechelectron.go:382.26,384.3 1 1
github.com/MikeAustin71/strmechops/strmech/strmechelectron.go:384.8,386.3 1 1
github.com/MikeAustin71/strmechops/strmech/strmechelectron.go:427.20,429.31 1 1
github.com/MikeAustin71/strmechops/strmech/strmechelectron.go:433.2,442.15 6 1
github.com/MikeAustin71/strmechops/strmech/strmechelectron.go:446.2,446.38 1 1
github.com/MikeAustin71/strmechops/strmech/strmechelectron.go:450.2,454.35 3 1
github.com/MikeAustin71/strmechops/strmech/strmechelectron.go:492.2,494.35 2 1
github.com/MikeAustin71/strmechops/strmech/strmechelectron.go:429.31,431.3 1 1
github.com/MikeAustin71/strmechops/strmech/strmechelectron.go:442.15,444.3 1 1
github.com/MikeAustin71/strmechops/strmech/strmechelectron.go:446.38,448.3 1 1
github.com/MikeAustin71/strmechops/strmech/strmechelectron.go:454.35,458.21 1 1
github.com/MikeAustin71/strmechops/strmech/strmechelectron.go:489.3,489.44 1 1
github.com/MikeAustin71/strmechops/strmech/strmechelectron.go:458.21,460.18 1 1
github.com/MikeAustin71/strmechops/strmech/strmechelectron.go:486.4,486.9 1 1
github.com/MikeAustin71/strmechops/strmech/strmechelectron.go:460.18,464.34 2 1
github.com/MikeAustin71/strmechops/strmech/strmechelectron.go:474.5,474.18 1 1
github.com/MikeAustin71/strmechops/strmech/strmechelectron.go:480.5,480.10 1 1
github.com/MikeAustin71/strmechops/strmech/strmechelectron.go:464.34,467.24 1 1
github.com/MikeAustin71/strmechops/strmech/strmechelectron.go:467.24,468.15 1 1
github.com/MikeAustin71/strmechops/strmech/strmechelectron.go:469.12,470.12 1 1
github.com/MikeAustin71/strmechops/strmech/strmechelectron.go:474.18,476.6 1 1
github.com/MikeAustin71/strmechops/strmech/strmechelectron.go:476.11,478.6 1 1
github.com/MikeAustin71/strmechops/strmech/strmechelectron.go:482.10,484.5 1 1
github.com/MikeAustin71/strmechops/strmech/strmechelectron.go:556.9,558.31 1 1
github.com/MikeAustin71/strmechops/strmech/strmechelectron.go:562.2,566.20 3 1
github.com/MikeAustin71/strmechops/strmech/strmechelectron.go:572.2,580.20 4 1
github.com/MikeAustin71/strmechops/strmech/strmechelectron.go:588.2,590.25 2 1
github.com/MikeAustin71/strmechops/strmech/strmechelectron.go:598.2,598.38 1 1
github.com/MikeAustin71/strmechops/strmech/strmechelectron.go:612.2,612.33 1 1
github.com/MikeAustin71/strmechops/strmech/strmechelectron.go:635.2,635.20 1 1
github.com/MikeAustin71/strmechops/strmech/strmechelectron.go:558.31,560.3 1 0
github.com/MikeAustin71/strmechops/strmech/strmechelectron.go:566.20,568.3 1 0
github.com/MikeAustin71/strmechops/strmech/strmechelectron.go:568.8,570.3 1 1
github.com/MikeAustin71/strmechops/strmech/strmechelectron.go:580.20,586.3 1 1
github.com/MikeAustin71/strmechops/strmech/strmechelectron.go:590.25,596.3 1 1
github.com/MikeAustin71/strmechops/strmech/strmechelectron.go:598.38,600.35 1 1
github.com/MikeAustin71/strmechops/strmech/strmechelectron.go:600.35,608.4 1 1
github.com/MikeAustin71/strmechops/strmech/strmechelectron.go:612.33,616.39 2 1
github.com/MikeAustin71/strmechops/strmech/strmechelectron.go:629.3,629.24 1 1
github.com/MikeAustin71/strmechops/strmech/strmechelectron.go:616.39,618.48 1 1
github.com/MikeAustin71/strmechops/strmech/strmechelectron.go:618.48,620.36 1 1
github.com/MikeAustin71/strmechops/strmech/strmechelectron.go:624.5,625.10 2 1
github.com/MikeAustin71/strmechops/strmech/strmechelectron.go:620.36,622.6 1 1
github.com/MikeAustin71/strmechops/strmech/strmechelectron.go:629.24,631.4 1 1
github.com/MikeAustin71/strmechops/strmech/strmechelectron.go:652.9,654.31 1 1
github.com/MikeAustin71/strmechops/strmech/strmechelectron.go:658.2,662.20 3 1
github.com/MikeAustin71/strmechops/strmech/strmechelectron.go:668.2,672.21 2 1
github.com/MikeAustin71/strmechops/strmech/strmechelectron.go:680.2,680.28 1 1
github.com/MikeAustin71/strmechops/strmech/strmechelectron.go:689.2,691.39 2 1
github.com/MikeAustin71/strmechops/strmech/strmechelectron.go:711.2,711.23 1 1
github.com/MikeAustin71/strmechops/strmech/strmechelectron.go:654.31,656.3 1 0
github.com/MikeAustin71/strmechops/strmech/strmechelectron.go:662.20,664.3 1 0
github.com/MikeAustin71/strmechops/strmech/strmechelectron.go:664.8,666.3 1 1
github.com/MikeAustin71/strmechops/strmech/strmechelectron.go:672.21,678.3 1 1
github.com/MikeAustin71/strmechops/strmech/strmechelectron.go:680.28,687.3 1 1
github.com/MikeAustin71/strmechops/strmech/strmechelectron.go:691.39,693.20 1 1
github.com/MikeAustin71/strmechops/strmech/strmechelectron.go:703.3,707.7 1 1
github.com/MikeAustin71/strmechops/strmech/strmechelectron.go:693.20,701.4 1 1
github.com/MikeAustin71/strmechops/strmech/strmechelectron.go:774.9,776.31 1 1
github.com/MikeAustin71/strmechops/strmech/strmechelectron.go:780.2,784.20 3 1
github.com/MikeAustin71/strmechops/strmech/strmechelectron.go:790.2,794.25 2 1
github.com/MikeAustin71/strmechops/strmech/strmechelectron.go:802.2,802.32 1 1
github.com/MikeAustin71/strmechops/strmech/strmechelectron.go:809.2,817.16 2 1
github.com/MikeAustin71/strmechops/strmech/strmechelectron.go:828.2,828.31 1 1
github.com/MikeAustin71/strmechops/strmech/strmechelectron.go:776.31,778.3 1 1
github.com/MikeAustin71/strmechops/strmech/strmechelectron.go:784.20,786.3 1 0
github.com/MikeAustin71/strmechops/strmech/strmechelectron.go:786.8,788.3 1 1
github.com/MikeAustin71/strmechops/strmech/strmechelectron.go:794.25,800.3 1 1
github.com/MikeAustin71/strmechops/strmech/strmechelectron.go:802.32,807.3 1 1
github.com/MikeAustin71/strmechops/strmech/strmechelectron.go:817.16,826.3 1 0
github.com/MikeAustin71/strmechops/strmech/strmechelectron.go:848.13,850.31 1 1
github.com/MikeAustin71/strmechops/strmech/strmechelectron.go:854.2,858.20 3 1
github.com/MikeAustin71/strmechops/strmech/strmechelectron.go:864.2,871.41 4 1
github.com/MikeAustin71/strmechops/strmech/strmechelectron.go:875.2,877.12 2 1
github.com/MikeAustin71/strmechops/strmech/strmechelectron.go:888.2,894.25 5 1
github.com/MikeAustin71/strmechops/strmech/strmechelectron.go:905.2,909.17 3 1
github.com/MikeAustin71/strmechops/strmech/strmechelectron.go:915.2,915.15 1 1
github.com/MikeAustin71/strmechops/strmech/strmechelectron.go:850.31,852.3 1 0
github.com/MikeAustin71/strmechops/strmech/strmechelectron.go:858.20,860.3 1 0
github.com/MikeAustin71/strmechops/strmech/strmechelectron.go:860.8,862.3 1 1
github.com/MikeAustin71/strmechops/strmech/strmechelectron.go:871.41,873.3 1 1
github.com/MikeAustin71/strmechops/strmech/strmechelectron.go:877.12,886.3 3 1
github.com/MikeAustin71/strmechops/strmech/strmechelectron.go:894.25,896.16 1 1
github.com/MikeAustin71/strmechops/strmech/strmechelectron.go:901.3,902.8 2 1
github.com/MikeAustin71/strmechops/strmech/strmechelectron.go:896.16,898.9 2 1
github.com/MikeAustin71/strmechops/strmech/strmechelectron.go:909.17,911.3 1 1
github.com/MikeAustin71/strmechops/strmech/strmechelectron.go:911.8,913.3 1 1
github.com/MikeAustin71/strmechops/strmech/strmechtextjustifyenum.go:91.54,98.2 3 1
github.com/MikeAustin71/strmechops/strmech/strmechtextjustifyenum.go:111.54,118.2 3 1
github.com/MikeAustin71/strmechops/strmech/strmechtextjustifyenum.go:131.55,138.2 3 1
github.com/MikeAustin71/strmechops/strmech/strmechtextjustifyenum.go:152.56,159.2 3 1
github.com/MikeAustin71/strmechops/strmech/strmechtextjustifyenum.go:175.51,184.9 4 1
github.com/MikeAustin71/strmechops/strmech/strmechtextjustifyenum.go:188.2,188.15 1 1
github.com/MikeAustin71/strmechops/strmech/strmechtextjustifyenum.go:184.9,186.3 1 0
github.com/MikeAustin71/strmechops/strmech/strmechtextjustifyenum.go:205.51,212.22 3 1
github.com/MikeAustin71/strmechops/strmech/strmechtextjustifyenum.go:216.2,216.13 1 1
github.com/MikeAustin71/strmechops/strmech/strmechtextjustifyenum.go:212.22,214.3 1 1
github.com/MikeAustin71/strmechops/strmech/strmechtextjustifyenum.go:272.43,280.26 4 1
github.com/MikeAustin71/strmechops/strmech/strmechtextjustifyenum.go:288.2,291.19 3 1
github.com/MikeAustin71/strmechops/strmech/strmechtextjustifyenum.go:314.2,314.36 1 1
github.com/MikeAustin71/strmechops/strmech/strmechtextjustifyenum.go:280.26,286.3 1 0
github.com/MikeAustin71/strmechops/strmech/strmechtextjustifyenum.go:291.19,295.10 2 1
github.com/MikeAustin71/strmechops/strmech/strmechtextjustifyenum.go:295.10,300.4 1 1
github.com/MikeAustin71/strmechops/strmech/strmechtextjustifyenum.go:302.8,306.10 2 1
github.com/MikeAustin71/strmechops/strmech/strmechtextjustifyenum.go:306.10,311.4 1 1
github.com/MikeAustin71/strmechops/strmech/strmechtextjustifyenum.go:324.56,331.2 3 1
github.com/MikeAustin71/strmechops/strmech/strmechtextjustifyenum.go:340.51,347.2 3 1
github.com/MikeAustin71/strmechops/strmech/strmechdatafieldtrailingdelimitertypeenum.go:72.97,79.2 3 1
github.com/MikeAustin71/strmechops/strmech/strmechdatafieldtrailingdelimitertypeenum.go:83.100,90.2 3 1
github.com/MikeAustin71/strmechops/strmech/strmechdatafieldtrailingdelimitertypeenum.go:94.97,101.2 3 1
github.com/MikeAustin71/strmechops/strmech/strmechdatafieldtrailingdelimitertypeenum.go:106.99,113.2 3 1
github.com/MikeAustin71/strmechops/strmech/strmechdatafieldtrailingdelimitertypeenum.go:118.101,125.2 3 1
github.com/MikeAustin71/strmechops/strmech/strmechdatafieldtrailingdelimitertypeenum.go:140.78,148.9 4 1
github.com/MikeAustin71/strmechops/strmech/strmechdatafieldtrailingdelimitertypeenum.go:155.2,155.12 1 1
github.com/MikeAustin71/strmechops/strmech/strmechdatafieldtrailingdelimitertypeenum.go:148.9,153.3 2 1
github.com/MikeAustin71/strmechops/strmech/strmechdatafieldtrailingdelimitertypeenum.go:180.72,188.9 4 1
github.com/MikeAustin71/strmechops/strmech/strmechdatafieldtrailingdelimitertypeenum.go:192.2,192.14 1 1
github.com/MikeAustin71/strmechops/strmech/strmechdatafieldtrailingdelimitertypeenum.go:188.9,190.3 1 1
github.com/MikeAustin71/strmechops/strmech/strmechdatafieldtrailingdelimitertypeenum.go:209.72,216.24 3 1
github.com/MikeAustin71/strmechops/strmech/strmechdatafieldtrailingdelimitertypeenum.go:220.2,220.13 1 1
github.com/MikeAustin71/strmechops/strmech/strmechdatafieldtrailingdelimitertypeenum.go:216.24,218.3 1 1
github.com/MikeAustin71/strmechops/strmech/strmechdatafieldtrailingdelimitertypeenum.go:279.62,289.42 5 1
github.com/MikeAustin71/strmechops/strmech/strmechdatafieldtrailingdelimitertypeenum.go:294.2,294.21 1 1
github.com/MikeAustin71/strmechops/strmech/strmechdatafieldtrailingdelimitertypeenum.go:301.2,305.19 3 1
github.com/MikeAustin71/strmechops/strmech/strmechdatafieldtrailingdelimitertypeenum.go:331.2,331.25 1 1
github.com/MikeAustin71/strmechops/strmech/strmechdatafieldtrailingdelimitertypeenum.go:289.42,292.3 2 1
github.com/MikeAustin71/strmechops/strmech/strmechdatafieldtrailingdelimitertypeenum.go:294.21,299.3 1 1
github.com/MikeAustin71/strmechops/strmech/strmechdatafieldtrailingdelimitertypeenum.go:305.19,309.10 2 1
github.com/MikeAustin71/strmechops/strmech/strmechdatafieldtrailingdelimitertypeenum.go:309.10,314.4 1 1
github.com/MikeAustin71/strmechops/strmech/strmechdatafieldtrailingdelimitertypeenum.go:316.8,322.10 3 1
github.com/MikeAustin71/strmechops/strmech/strmechdatafieldtrailingdelimitertypeenum.go:322.10,327.4 1 1
github.com/MikeAustin71/strmechops/strmech/strmechdatafieldtrailingdelimitertypeenum.go:337.72,344.2 3 1
github.com/MikeAustin71/strmechops/strmech/strmechnanobot.go:41.9,43.30 1 1
github.com/MikeAustin71/strmechops/strmech/strmechnanobot.go:47.2,57.48 5 1
github.com/MikeAustin71/strmechops/strmech/strmechnanobot.go:64.2,64.33 1 1
github.com/MikeAustin71/strmechops/strmech/strmechnanobot.go:77.2,88.16 2 1
github.com/MikeAustin71/strmechops/strmech/strmechnanobot.go:92.2,92.31 1 1
github.com/MikeAustin71/strmechops/strmech/strmechnanobot.go:43.30,45.3 1 0
github.com/MikeAustin71/strmechops/strmech/strmechnanobot.go:57.48,62.3 1 1
github.com/MikeAustin71/strmechops/strmech/strmechnanobot.go:64.33,75.3 1 1
github.com/MikeAustin71/strmechops/strmech/strmechnanobot.go:88.16,90.3 1 0
github.com/MikeAustin71/strmechops/strmech/strmechnanobot.go:223.13,225.30 1 1
github.com/MikeAustin71/strmechops/strmech/strmechnanobot.go:229.2,233.20 3 1
github.com/MikeAustin71/strmechops/strmech/strmechnanobot.go:239.2,248.24 4 1
github.com/MikeAustin71/strmechops/strmech/strmechnanobot.go:272.2,272.32 1 1
github.com/MikeAustin71/strmechops/strmech/strmechnanobot.go:277.2,286.21 3 1
github.com/MikeAustin71/strmechops/strmech/strmechnanobot.go:319.2,319.26 1 1
github.com/MikeAustin71/strmechops/strmech/strmechnanobot.go:225.30,227.3 1 0
github.com/MikeAustin71/strmechops/strmech/strmechnanobot.go:233.20,235.3 1 0
github.com/MikeAustin71/strmechops/strmech/strmechnanobot.go:235.8,237.3 1 1
github.com/MikeAustin71/strmechops/strmech/strmechnanobot.go:248.24,257.3 2 1
github.com/MikeAustin71/strmechops/strmech/strmechnanobot.go:257.8,258.23 1 1
github.com/MikeAustin71/strmechops/strmech/strmechnanobot.go:258.23,264.3 2 0
github.com/MikeAustin71/strmechops/strmech/strmechnanobot.go:264.8,264.49 1 1
github.com/MikeAustin71/strmechops/strmech/strmechnanobot.go:264.49,270.3 2 0
github.com/MikeAustin71/strmechops/strmech/strmechnanobot.go:272.32,275.3 2 0
github.com/MikeAustin71/strmechops/strmech/strmechnanobot.go:287.29,293.12 1 1
github.com/MikeAustin71/strmechops/strmech/strmechnanobot.go:295.30,301.12 1 1
github.com/MikeAustin71/strmechops/strmech/strmechnanobot.go:303.31,309.12 1 1
github.com/MikeAustin71/strmechops/strmech/strmechnanobot.go:311.10,316.28 1 1
github.com/MikeAustin71/strmechops/strmech/strmechnanobot.go:325.58,327.30 1 1
github.com/MikeAustin71/strmechops/strmech/strmechnanobot.go:331.2,337.3 3 1
github.com/MikeAustin71/strmechops/strmech/strmechnanobot.go:327.30,329.3 1 1
github.com/MikeAustin71/strmechops/strmech/strmechquark.go:102.13,104.28 1 1
github.com/MikeAustin71/strmechops/strmech/strmechquark.go:108.2,112.20 3 1
github.com/MikeAustin71/strmechops/strmech/strmechquark.go:118.2,124.31 3 1
github.com/MikeAustin71/strmechops/strmech/strmechquark.go:135.2,138.44 3 1
github.com/MikeAustin71/strmechops/strmech/strmechquark.go:191.2,191.24 1 1
github.com/MikeAustin71/strmechops/strmech/strmechquark.go:104.28,106.3 1 1
github.com/MikeAustin71/strmechops/strmech/strmechquark.go:112.20,114.3 1 0
github.com/MikeAustin71/strmechops/strmech/strmechquark.go:114.8,116.3 1 1
github.com/MikeAustin71/strmechops/strmech/strmechquark.go:124.31,133.3 2 1
github.com/MikeAustin71/strmechops/strmech/strmechquark.go:138.44,141.16 2 1
github.com/MikeAustin71/strmechops/strmech/strmechquark.go:142.10,143.27 1 1
github.com/MikeAustin71/strmechops/strmech/strmechquark.go:144.10,145.26 1 1
github.com/MikeAustin71/strmechops/strmech/strmechquark.go:146.10,147.26 1 1
github.com/MikeAustin71/strmechops/strmech/strmechquark.go:148.10,149.26 1 1
github.com/MikeAustin71/strmechops/strmech/strmechquark.go:150.10,151.26 1 1
github.com/MikeAustin71/strmechops/strmech/strmechquark.go:152.10,153.26 1 1
github.com/MikeAustin71/strmechops/strmech/strmechquark.go:154.10,155.26 1 1
github.com/MikeAustin71/strmechops/strmech/strmechquark.go:156.13,157.24 1 1
github.com/MikeAustin71/strmechops/strmech/strmechquark.go:158.13,159.24 1 1
github.com/MikeAustin71/strmechops/strmech/strmechquark.go:160.13,161.24 1 1
github.com/MikeAustin71/strmechops/strmech/strmechquark.go:162.13,163.24 1 1
github.com/MikeAustin71/strmechops/strmech/strmechquark.go:164.13,165.24 1 1
github.com/MikeAustin71/strmechops/strmech/strmechquark.go:166.13,167.24 1 1
github.com/MikeAustin71/strmechops/strmech/strmechquark.go:168.13,169.24 1 1
github.com/MikeAustin71/strmechops/strmech/strmechquark.go:170.11,171.25 1 1
github.com/MikeAustin71/strmechops/strmech/strmechquark.go:172.11,173.25 1 1
github.com/MikeAustin71/strmechops/strmech/strmechquark.go:174.13,175.23 1 1
github.com/MikeAustin71/strmechops/strmech/strmechquark.go:176.12,178.20 1 1
github.com/MikeAustin71/strmechops/strmech/strmechquark.go:184.11,185.22 1 1
github.com/MikeAustin71/strmechops/strmech/strmechquark.go:178.20,180.5 1 1
github.com/MikeAustin71/strmechops/strmech/strmechquark.go:180.10,182.5 1 1
github.com/MikeAustin71/strmechops/strmech/strmechquark.go:292.13,294.28 1 1
github.com/MikeAustin71/strmechops/strmech/strmechquark.go:298.2,302.20 3 1
github.com/MikeAustin71/strmechops/strmech/strmechquark.go:308.2,316.28 4 1
github.com/MikeAustin71/strmechops/strmech/strmechquark.go:325.2,381.31 20 1
github.com/MikeAustin71/strmechops/strmech/strmechquark.go:294.28,296.3 1 0
github.com/MikeAustin71/strmechops/strmech/strmechquark.go:302.20,304.3 1 0
github.com/MikeAustin71/strmechops/strmech/strmechquark.go:304.8,306.3 1 1
github.com/MikeAustin71/strmechops/strmech/strmechquark.go:316.28,323.3 2 0
github.com/MikeAustin71/strmechops/strmech/strmechquark.go:390.22,392.28 1 1
github.com/MikeAustin71/strmechops/strmech/strmechquark.go:396.2,401.21 4 1
github.com/MikeAustin71/strmechops/strmech/strmechquark.go:405.2,407.29 2 1
github.com/MikeAustin71/strmechops/strmech/strmechquark.go:411.2,411.14 1 1
github.com/MikeAustin71/strmechops/strmech/strmechquark.go:392.28,394.3 1 1
github.com/MikeAustin71/strmechops/strmech/strmechquark.go:401.21,403.3 1 1
github.com/MikeAustin71/strmechops/strmech/strmechquark.go:407.29,409.3 1 1
github.com/MikeAustin71/strmechops/strmech/strmechquark.go:438.9,440.28 1 1
github.com/MikeAustin71/strmechops/strmech/strmechquark.go:444.2,448.20 3 1
github.com/MikeAustin71/strmechops/strmech/strmechquark.go:454.2,460.23 3 1
github.com/MikeAustin71/strmechops/strmech/strmechquark.go:467.2,467.18 1 1
github.com/MikeAustin71/strmechops/strmech/strmechquark.go:476.2,476.16 1 1
github.com/MikeAustin71/strmechops/strmech/strmechquark.go:485.2,485.28 1 1
github.com/MikeAustin71/strmechops/strmech/strmechquark.go:496.2,496.23 1 1
github.com/MikeAustin71/strmechops/strmech/strmechquark.go:505.2,507.21 2 1
github.com/MikeAustin71/strmechops/strmech/strmechquark.go:516.2,516.16 1 1
github.com/MikeAustin71/strmechops/strmech/strmechquark.go:440.28,442.3 1 0
github.com/MikeAustin71/strmechops/strmech/strmechquark.go:448.20,450.3 1 0
github.com/MikeAustin71/strmechops/strmech/strmechquark.go:450.8,452.3 1 1
github.com/MikeAustin71/strmechops/strmech/strmechquark.go:460.23,465.3 1 1
github.com/MikeAustin71/strmechops/strmech/strmechquark.go:467.18,474.3 1 1
github.com/MikeAustin71/strmechops/strmech/strmechquark.go:476.16,483.3 1 1
github.com/MikeAustin71/strmechops/strmech/strmechquark.go:485.28,494.3 1 1
github.com/MikeAustin71/strmechops/strmech/strmechquark.go:496.23,503.3 1 1
github.com/MikeAustin71/strmechops/strmech/strmechquark.go:507.21,509.31 1 1
github.com/MikeAustin71/strmechops/strmech/strmechquark.go:513.3,513.11 1 1
github.com/MikeAustin71/strmechops/strmech/strmechquark.go:509.31,511.4 1 1
github.com/MikeAustin71/strmechops/strmech/strmechquark.go:602.9,604.28 1 1
github.com/MikeAustin71/strmechops/strmech/strmechquark.go:608.2,612.20 3 1
github.com/MikeAustin71/strmechops/strmech/strmechquark.go:618.2,624.23 3 1
github.com/MikeAustin71/strmechops/strmech/strmechquark.go:631.2,631.18 1 1
github.com/MikeAustin71/strmechops/strmech/strmechquark.go:640.2,640.16 1 1
github.com/MikeAustin71/strmechops/strmech/strmechquark.go:649.2,649.28 1 1
github.com/MikeAustin71/strmechops/strmech/strmechquark.go:661.2,661.23 1 1
github.com/MikeAustin71/strmechops/strmech/strmechquark.go:671.2,671.25 1 1
github.com/MikeAustin71/strmechops/strmech/strmechquark.go:680.2,680.16 1 1
github.com/MikeAustin71/strmechops/strmech/strmechquark.go:604.28,606.3 1 0
github.com/MikeAustin71/strmechops/strmech/strmechquark.go:612.20,614.3 1 0
github.com/MikeAustin71/strmechops/strmech/strmechquark.go:614.8,616.3 1 1
github.com/MikeAustin71/strmechops/strmech/strmechquark.go:624.23,629.3 1 1
github.com/MikeAustin71/strmechops/strmech/strmechquark.go:631.18,638.3 1 1
github.com/MikeAustin71/strmechops/strmech/strmechquark.go:640.16,647.3 1 1
github.com/MikeAustin71/strmechops/strmech/strmechquark.go:649.28,659.3 1 1
github.com/MikeAustin71/strmechops/strmech/strmechquark.go:661.23,669.3 1 1
github.com/MikeAustin71/strmechops/strmech/strmechquark.go:671.25,673.31 1 1
github.com/MikeAustin71/strmechops/strmech/strmechquark.go:677.3,677.11 1 1
github.com/MikeAustin71/strmechops/strmech/strmechquark.go:673.31,675.4 1 1
github.com/MikeAustin71/strmechops/strmech/strmechquark.go:809.13,811.28 1 1
github.com/MikeAustin71/strmechops/strmech/strmechquark.go:815.2,819.20 3 1
github.com/MikeAustin71/strmechops/strmech/strmechquark.go:825.2,836.23 7 1
github.com/MikeAustin71/strmechops/strmech/strmechquark.go:849.2,849.20 1 1
github.com/MikeAustin71/strmechops/strmech/strmechquark.go:865.2,865.18 1 1
github.com/MikeAustin71/strmechops/strmech/strmechquark.go:880.2,880.30 1 1
github.com/MikeAustin71/strmechops/strmech/strmechquark.go:898.2,898.27 1 1
github.com/MikeAustin71/strmechops/strmech/strmechquark.go:914.2,924.28 7 1
github.com/MikeAustin71/strmechops/strmech/strmechquark.go:946.2,946.24 1 1
github.com/MikeAustin71/strmechops/strmech/strmechquark.go:973.2,973.17 1 1
github.com/MikeAustin71/strmechops/strmech/strmechquark.go:985.2,985.18 1 1
github.com/MikeAustin71/strmechops/strmech/strmechquark.go:997.2,1003.6 2 1
github.com/MikeAustin71/strmechops/strmech/strmechquark.go:811.28,813.3 1 0
github.com/MikeAustin71/strmechops/strmech/strmechquark.go:819.20,821.3 1 0
github.com/MikeAustin71/strmechops/strmech/strmechquark.go:821.8,823.3 1 1
github.com/MikeAustin71/strmechops/strmech/strmechquark.go:836.23,847.3 2 1
github.com/MikeAustin71/strmechops/strmech/strmechquark.go:849.20,863.3 2 1
github.com/MikeAustin71/strmechops/strmech/strmechquark.go:865.18,878.3 2 1
github.com/MikeAustin71/strmechops/strmech/strmechquark.go:880.30,896.3 2 1
github.com/MikeAustin71/strmechops/strmech/strmechquark.go:898.27,912.3 2 1
github.com/MikeAustin71/strmechops/strmech/strmechquark.go:924.28,929.35 3 1
github.com/MikeAustin71/strmechops/strmech/strmechquark.go:937.3,943.7 2 1
github.com/MikeAustin71/strmechops/strmech/strmechquark.go:929.35,932.4 2 1
github.com/MikeAustin71/strmechops/strmech/strmechquark.go:932.9,935.4 2 1
github.com/MikeAustin71/strmechops/strmech/strmechquark.go:946.24,948.28 1 1
github.com/MikeAustin71/strmechops/strmech/strmechquark.go:954.3,955.26 1 1
github.com/MikeAustin71/strmechops/strmech/strmechquark.go:963.3,964.26 1 1
github.com/MikeAustin71/strmechops/strmech/strmechquark.go:970.3,970.8 1 1
github.com/MikeAustin71/strmechops/strmech/strmechquark.go:948.28,950.4 1 1
github.com/MikeAustin71/strmechops/strmech/strmechquark.go:950.9,952.4 1 1
github.com/MikeAustin71/strmechops/strmech/strmechquark.go:955.26,960.12 4 1
github.com/MikeAustin71/strmechops/strmech/strmechquark.go:964.26,967.9 2 1
github.com/MikeAustin71/strmechops/strmech/strmechquark.go:973.17,983.3 5 1
github.com/MikeAustin71/strmechops/strmech/strmechquark.go:985.18,995.3 5 1
github.com/MikeAustin71/strmechops/strmech/strmechquark.go:1020.22,1022.28 1 1
github.com/MikeAustin71/strmechops/strmech/strmechquark.go:1026.2,1032.38 4 1
github.com/MikeAustin71/strmechops/strmech/strmechquark.go:1022.28,1024.3 1 1
github.com/MikeAustin71/strmechops/strmech/strmechquark.go:1066.24,1068.28 1 1
github.com/MikeAustin71/strmechops/strmech/strmechquark.go:1072.2,1076.31 3 1
github.com/MikeAustin71/strmechops/strmech/strmechquark.go:1068.28,1070.3 1 0
github.com/MikeAustin71/strmechops/strmech/strmechquark.go:1108.24,1110.28 1 1
github.com/MikeAustin71/strmechops/strmech/strmechquark.go:1114.2,1118.42 3 1
github.com/MikeAustin71/strmechops/strmech/strmechquark.go:1110.28,1112.3 1 0
github.com/MikeAustin71/strmechops/strmech/strmechquark.go:1186.9,1188.28 1 1
github.com/MikeAustin71/strmechops/strmech/strmechquark.go:1192.2,1196.20 3 1
github.com/MikeAustin71/strmechops/strmech/strmechquark.go:1202.2,1210.25 4 1
github.com/MikeAustin71/strmechops/strmech/strmechquark.go:1218.2,1220.24 2 1
github.com/MikeAustin71/strmechops/strmech/strmechquark.go:1228.2,1228.38 1 1
github.com/MikeAustin71/strmechops/strmech/strmechquark.go:1239.2,1239.20 1 1
github.com/MikeAustin71/strmechops/strmech/strmechquark.go:1188.28,1190.3 1 0
github.com/MikeAustin71/strmechops/strmech/strmechquark.go:1196.20,1198.3 1 0
github.com/MikeAustin71/strmechops/strmech/strmechquark.go:1198.8,1200.3 1 1
github.com/MikeAustin71/strmechops/strmech/strmechquark.go:1210.25,1216.3 1 1
github.com/MikeAustin71/strmechops/strmech/strmechquark.go:1220.24,1226.3 1 1
github.com/MikeAustin71/strmechops/strmech/strmechquark.go:1228.38,1230.38 1 1
github.com/MikeAustin71/strmechops/strmech/strmechquark.go:1230.38,1231.39 1 1
github.com/MikeAustin71/strmechops/strmech/strmechquark.go:1231.39,1233.10 2 1
github.com/MikeAustin71/strmechops/strmech/strmechquark.go:1301.9,1303.28 1 1
github.com/MikeAustin71/strmechops/strmech/strmechquark.go:1307.2,1311.20 3 1
github.com/MikeAustin71/strmechops/strmech/strmechquark.go:1317.2,1325.25 4 1
github.com/MikeAustin71/strmechops/strmech/strmechquark.go:1333.2,1335.24 2 1
github.com/MikeAustin71/strmechops/strmech/strmechquark.go:1343.2,1343.38 1 1
github.com/MikeAustin71/strmechops/strmech/strmechquark.go:1353.2,1353.20 1 1
github.com/MikeAustin71/strmechops/strmech/strmechquark.go:1303.28,1305.3 1 1
github.com/MikeAustin71/strmechops/strmech/strmechquark.go:1311.20,1313.3 1 0
github.com/MikeAustin71/strmechops/strmech/strmechquark.go:1313.8,1315.3 1 1
github.com/MikeAustin71/strmechops/strmech/strmechquark.go:1325.25,1331.3 1 1
github.com/MikeAustin71/strmechops/strmech/strmechquark.go:1335.24,1341.3 1 1
github.com/MikeAustin71/strmechops/strmech/strmechquark.go:1343.38,1345.38 1 1
github.com/MikeAustin71/strmechops/strmech/strmechquark.go:1345.38,1346.39 1 1
github.com/MikeAustin71/strmechops/strmech/strmechquark.go:1346.39,1348.10 2 1
github.com/MikeAustin71/strmechops/strmech/strmechquark.go:1360.25,1362.28 1 1
github.com/MikeAustin71/strmechops/strmech/strmechquark.go:1366.2,1372.33 4 1
github.com/MikeAustin71/strmechops/strmech/strmechquark.go:1378.2,1378.13 1 1
github.com/MikeAustin71/strmechops/strmech/strmechquark.go:1362.28,1364.3 1 1
github.com/MikeAustin71/strmechops/strmech/strmechquark.go:1372.33,1373.26 1 1
github.com/MikeAustin71/strmechops/strmech/strmechquark.go:1373.26,1375.4 1 1
github.com/MikeAustin71/strmechops/strmech/strmechquark.go:1385.21,1387.28 1 1
github.com/MikeAustin71/strmechops/strmech/strmechquark.go:1391.2,1395.19 3 1
github.com/MikeAustin71/strmechops/strmech/strmechquark.go:1399.2,1401.36 2 1
github.com/MikeAustin71/strmechops/strmech/strmechquark.go:1424.2,1424.24 1 1
github.com/MikeAustin71/strmechops/strmech/strmechquark.go:1387.28,1389.3 1 0
github.com/MikeAustin71/strmechops/strmech/strmechquark.go:1395.19,1397.3 1 1
github.com/MikeAustin71/strmechops/strmech/strmechquark.go:1401.36,1403.24 1 1
github.com/MikeAustin71/strmechops/strmech/strmechquark.go:1407.3,1409.22 1 1
github.com/MikeAustin71/strmechops/strmech/strmechquark.go:1403.24,1404.12 1 1
github.com/MikeAustin71/strmechops/strmech/strmechquark.go:1409.22,1413.9 2 1
github.com/MikeAustin71/strmechops/strmech/strmechquark.go:1415.9,1417.22 1 1
github.com/MikeAustin71/strmechops/strmech/strmechquark.go:1417.22,1419.9 1 1
github.com/MikeAustin71/strmechops/strmech/strmechquark.go:1494.9,1496.28 1 1
github.com/MikeAustin71/strmechops/strmech/strmechquark.go:1500.2,1504.20 3 1
github.com/MikeAustin71/strmechops/strmech/strmechquark.go:1510.2,1514.16 2 1
github.com/MikeAustin71/strmechops/strmech/strmechquark.go:1524.2,1524.19 1 1
github.com/MikeAustin71/strmechops/strmech/strmechquark.go:1533.2,1536.30 3 1
github.com/MikeAustin71/strmechops/strmech/strmechquark.go:1552.2,1552.24 1 1
github.com/MikeAustin71/strmechops/strmech/strmechquark.go:1496.28,1498.3 1 0
github.com/MikeAustin71/strmechops/strmech/strmechquark.go:1504.20,1506.3 1 0
github.com/MikeAustin71/strmechops/strmech/strmechquark.go:1506.8,1508.3 1 1
github.com/MikeAustin71/strmechops/strmech/strmechquark.go:1514.16,1522.3 1 1
github.com/MikeAustin71/strmechops/strmech/strmechquark.go:1524.19,1531.3 1 1
github.com/MikeAustin71/strmechops/strmech/strmechquark.go:1536.30,1540.17 2 1
github.com/MikeAustin71/strmechops/strmech/strmechquark.go:1540.17,1549.4 1 0
github.com/MikeAustin71/strmechops/strmech/strmechquark.go:1558.52,1560.28 1 1
github.com/MikeAustin71/strmechops/strmech/strmechquark.go:1564.2,1570.3 3 1
github.com/MikeAustin71/strmechops/strmech/strmechquark.go:1560.28,1562.3 1 1
github.com/MikeAustin71/strmechops/strmech/strmechquark.go:1652.13,1654.28 1 1
github.com/MikeAustin71/strmechops/strmech/strmechquark.go:1658.2,1662.20 3 1
github.com/MikeAustin71/strmechops/strmech/strmechquark.go:1668.2,1672.25 2 1
github.com/MikeAustin71/strmechops/strmech/strmechquark.go:1681.2,1681.23 1 1
github.com/MikeAustin71/strmechops/strmech/strmechquark.go:1691.2,1691.32 1 1
github.com/MikeAustin71/strmechops/strmech/strmechquark.go:1700.2,1702.30 2 1
github.com/MikeAustin71/strmechops/strmech/strmechquark.go:1718.2,1720.36 2 1
github.com/MikeAustin71/strmechops/strmech/strmechquark.go:1654.28,1656.3 1 0
github.com/MikeAustin71/strmechops/strmech/strmechquark.go:1662.20,1664.3 1 0
github.com/MikeAustin71/strmechops/strmech/strmechquark.go:1664.8,1666.3 1 1
github.com/MikeAustin71/strmechops/strmech/strmechquark.go:1672.25,1679.3 2 1
github.com/MikeAustin71/strmechops/strmech/strmechquark.go:1681.23,1689.3 2 1
github.com/MikeAustin71/strmechops/strmech/strmechquark.go:1691.32,1698.3 2 1
github.com/MikeAustin71/strmechops/strmech/strmechquark.go:1702.30,1705.44 1 1
github.com/MikeAustin71/strmechops/strmech/strmechquark.go:1710.3,1710.24 1 1
github.com/MikeAustin71/strmechops/strmech/strmechquark.go:1715.3,1715.35 1 1
github.com/MikeAustin71/strmechops/strmech/strmechquark.go:1705.44,1707.12 2 1
github.com/MikeAustin71/strmechops/strmech/strmechquark.go:1710.24,1712.12 2 1
github.com/MikeAustin71/strmechops/strmech/strmechquark.go:1802.9,1804.28 1 1
github.com/MikeAustin71/strmechops/strmech/strmechquark.go:1808.2,1812.20 3 1
github.com/MikeAustin71/strmechops/strmech/strmechquark.go:1818.2,1824.27 3 1
github.com/MikeAustin71/strmechops/strmech/strmechquark.go:1833.2,1833.28 1 1
github.com/MikeAustin71/strmechops/strmech/strmechquark.go:1842.2,1842.25 1 1
github.com/MikeAustin71/strmechops/strmech/strmechquark.go:1846.2,1856.40 8 1
github.com/MikeAustin71/strmechops/strmech/strmechquark.go:1887.2,1887.42 1 1
github.com/MikeAustin71/strmechops/strmech/strmechquark.go:1804.28,1806.3 1 1
github.com/MikeAustin71/strmechops/strmech/strmechquark.go:1812.20,1814.3 1 1
github.com/MikeAustin71/strmechops/strmech/strmechquark.go:1814.8,1816.3 1 0
github.com/MikeAustin71/strmechops/strmech/strmechquark.go:1824.27,1831.3 2 0
github.com/MikeAustin71/strmechops/strmech/strmechquark.go:1833.28,1840.3 2 0
github.com/MikeAustin71/strmechops/strmech/strmechquark.go:1842.25,1844.3 1 1
github.com/MikeAustin71/strmechops/strmech/strmechquark.go:1856.40,1860.33 1 1
github.com/MikeAustin71/strmechops/strmech/strmechquark.go:1860.33,1864.40 2 1
github.com/MikeAustin71/strmechops/strmech/strmechquark.go:1873.4,1873.42 1 1
github.com/MikeAustin71/strmechops/strmech/strmechquark.go:1880.4,1880.12 1 1
github.com/MikeAustin71/strmechops/strmech/strmechquark.go:1864.40,1866.53 1 0
github.com/MikeAustin71/strmechops/strmech/strmechquark.go:1866.53,1868.6 1 0
github.com/MikeAustin71/strmechops/strmech/strmechquark.go:1868.11,1869.11 1 0
github.com/MikeAustin71/strmechops/strmech/strmechquark.go:1873.42,1876.5 2 1
github.com/MikeAustin71/strmechops/strmech/strmechquark.go:1876.10,1878.5 1 0
github.com/MikeAustin71/strmechops/strmech/strmechquark.go:1882.9,1884.4 1 1
github.com/MikeAustin71/strmechops/strmech/strmechquark.go:1957.9,1959.28 1 1
github.com/MikeAustin71/strmechops/strmech/strmechquark.go:1963.2,1967.20 3 1
github.com/MikeAustin71/strmechops/strmech/strmechquark.go:1973.2,1981.20 4 1
github.com/MikeAustin71/strmechops/strmech/strmechquark.go:1989.2,1991.25 2 1
github.com/MikeAustin71/strmechops/strmech/strmechquark.go:1999.2,1999.33 1 1
github.com/MikeAustin71/strmechops/strmech/strmechquark.go:2022.2,2022.20 1 1
github.com/MikeAustin71/strmechops/strmech/strmechquark.go:1959.28,1961.3 1 0
github.com/MikeAustin71/strmechops/strmech/strmechquark.go:1967.20,1969.3 1 0
github.com/MikeAustin71/strmechops/strmech/strmechquark.go:1969.8,1971.3 1 1
github.com/MikeAustin71/strmechops/strmech/strmechquark.go:1981.20,1987.3 1 1
github.com/MikeAustin71/strmechops/strmech/strmechquark.go:1991.25,1997.3 1 1
github.com/MikeAustin71/strmechops/strmech/strmechquark.go:1999.33,2003.39 2 1
github.com/MikeAustin71/strmechops/strmech/strmechquark.go:2016.3,2016.24 1 1
github.com/MikeAustin71/strmechops/strmech/strmechquark.go:2003.39,2005.48 1 1
github.com/MikeAustin71/strmechops/strmech/strmechquark.go:2005.48,2007.36 1 1
github.com/MikeAustin71/strmechops/strmech/strmechquark.go:2011.5,2012.10 2 1
github.com/MikeAustin71/strmechops/strmech/strmechquark.go:2007.36,2009.6 1 1
github.com/MikeAustin71/strmechops/strmech/strmechquark.go:2016.24,2018.4 1 1
github.com/MikeAustin71/strmechops/strmech/strmechquark.go:2111.9,2113.28 1 1
github.com/MikeAustin71/strmechops/strmech/strmechquark.go:2117.2,2121.20 3 1
github.com/MikeAustin71/strmechops/strmech/strmechquark.go:2127.2,2133.25 3 1
github.com/MikeAustin71/strmechops/strmech/strmechquark.go:2142.2,2142.24 1 1
github.com/MikeAustin71/strmechops/strmech/strmechquark.go:2152.2,2152.26 1 1
github.com/MikeAustin71/strmechops/strmech/strmechquark.go:2162.2,2162.31 1 1
github.com/MikeAustin71/strmechops/strmech/strmechquark.go:2171.2,2175.30 3 1
github.com/MikeAustin71/strmechops/strmech/strmechquark.go:2189.2,2189.50 1 1
github.com/MikeAustin71/strmechops/strmech/strmechquark.go:2113.28,2115.3 1 0
github.com/MikeAustin71/strmechops/strmech/strmechquark.go:2121.20,2123.3 1 0
github.com/MikeAustin71/strmechops/strmech/strmechquark.go:2123.8,2125.3 1 1
github.com/MikeAustin71/strmechops/strmech/strmechquark.go:2133.25,2140.3 2 1
github.com/MikeAustin71/strmechops/strmech/strmechquark.go:2142.24,2150.3 2 1
github.com/MikeAustin71/strmechops/strmech/strmechquark.go:2152.26,2160.3 2 1
github.com/MikeAustin71/strmechops/strmech/strmechquark.go:2162.31,2169.3 2 0
github.com/MikeAustin71/strmechops/strmech/strmechquark.go:2175.30,2178.46 1 1
github.com/MikeAustin71/strmechops/strmech/strmechquark.go:2182.3,2182.25 1 1
github.com/MikeAustin71/strmechops/strmech/strmechquark.go:2178.46,2179.9 1 1
github.com/MikeAustin71/strmechops/strmech/strmechquark.go:2182.25,2185.4 2 1
github.com/MikeAustin71/strmechops/strmech/strmechquark.go:2278.9,2280.28 1 1
github.com/MikeAustin71/strmechops/strmech/strmechquark.go:2284.2,2288.20 3 1
github.com/MikeAustin71/strmechops/strmech/strmechquark.go:2294.2,2302.27 4 1
github.com/MikeAustin71/strmechops/strmech/strmechquark.go:2311.2,2311.28 1 1
github.com/MikeAustin71/strmechops/strmech/strmechquark.go:2320.2,2320.30 1 1
github.com/MikeAustin71/strmechops/strmech/strmechquark.go:2329.2,2329.29 1 1
github.com/MikeAustin71/strmechops/strmech/strmechquark.go:2333.2,2344.40 9 1
github.com/MikeAustin71/strmechops/strmech/strmechquark.go:2378.2,2378.46 1 1
github.com/MikeAustin71/strmechops/strmech/strmechquark.go:2280.28,2282.3 1 1
github.com/MikeAustin71/strmechops/strmech/strmechquark.go:2288.20,2290.3 1 1
github.com/MikeAustin71/strmechops/strmech/strmechquark.go:2290.8,2292.3 1 0
github.com/MikeAustin71/strmechops/strmech/strmechquark.go:2302.27,2309.3 2 0
github.com/MikeAustin71/strmechops/strmech/strmechquark.go:2311.28,2318.3 2 0
github.com/MikeAustin71/strmechops/strmech/strmechquark.go:2320.30,2327.3 2 0
github.com/MikeAustin71/strmechops/strmech/strmechquark.go:2329.29,2331.3 1 1
github.com/MikeAustin71/strmechops/strmech/strmechquark.go:2344.40,2348.41 1 1
github.com/MikeAustin71/strmechops/strmech/strmechquark.go:2348.41,2352.40 2 1
github.com/MikeAustin71/strmechops/strmech/strmechquark.go:2361.4,2361.42 1 1
github.com/MikeAustin71/strmechops/strmech/strmechquark.go:2371.4,2371.12 1 1
github.com/MikeAustin71/strmechops/strmech/strmechquark.go:2352.40,2354.45 1 0
github.com/MikeAustin71/strmechops/strmech/strmechquark.go:2354.45,2356.6 1 0
github.com/MikeAustin71/strmechops/strmech/strmechquark.go:2356.11,2357.11 1 0
github.com/MikeAustin71/strmechops/strmech/strmechquark.go:2361.42,2367.5 3 1
github.com/MikeAustin71/strmechops/strmech/strmechquark.go:2367.10,2369.5 1 0
github.com/MikeAustin71/strmechops/strmech/strmechquark.go:2373.9,2375.4 1 1
github.com/MikeAustin71/strmechops/strmech/strmechquark.go:2445.14,2447.28 1 1
github.com/MikeAustin71/strmechops/strmech/strmechquark.go:2451.2,2458.17 5 1
github.com/MikeAustin71/strmechops/strmech/strmechquark.go:2462.2,2464.22 2 1
github.com/MikeAustin71/strmechops/strmech/strmechquark.go:2468.2,2473.6 4 1
github.com/MikeAustin71/strmechops/strmech/strmechquark.go:2516.2,2516.25 1 1
github.com/MikeAustin71/strmechops/strmech/strmechquark.go:2447.28,2449.3 1 0
github.com/MikeAustin71/strmechops/strmech/strmechquark.go:2458.17,2460.3 1 1
github.com/MikeAustin71/strmechops/strmech/strmechquark.go:2464.22,2466.3 1 1
github.com/MikeAustin71/strmechops/strmech/strmechquark.go:2473.6,2477.36 2 1
github.com/MikeAustin71/strmechops/strmech/strmechquark.go:2509.3,2509.51 1 1
github.com/MikeAustin71/strmechops/strmech/strmechquark.go:2477.36,2479.8 1 1
github.com/MikeAustin71/strmechops/strmech/strmechquark.go:2502.4,2504.19 2 1
github.com/MikeAustin71/strmechops/strmech/strmechquark.go:2479.8,2483.25 2 1
github.com/MikeAustin71/strmechops/strmech/strmechquark.go:2487.5,2491.34 4 1
github.com/MikeAustin71/strmechops/strmech/strmechquark.go:2499.5,2499.32 1 1
github.com/MikeAustin71/strmechops/strmech/strmechquark.go:2483.25,2484.11 1 1
github.com/MikeAustin71/strmechops/strmech/strmechquark.go:2491.34,2494.6 1 0
github.com/MikeAustin71/strmechops/strmech/strmechquark.go:2494.11,2497.6 1 1
github.com/MikeAustin71/strmechops/strmech/strmechquark.go:2504.19,2505.14 1 0
github.com/MikeAustin71/strmechops/strmech/strmechquark.go:2509.51,2510.13 1 1
github.com/MikeAustin71/strmechops/strmech/strmechquark.go:2598.14,2600.28 1 1
github.com/MikeAustin71/strmechops/strmech/strmechquark.go:2604.2,2613.22 6 1
github.com/MikeAustin71/strmechops/strmech/strmechquark.go:2617.2,2617.17 1 1
github.com/MikeAustin71/strmechops/strmech/strmechquark.go:2621.2,2626.6 4 1
github.com/MikeAustin71/strmechops/strmech/strmechquark.go:2657.2,2657.25 1 1
github.com/MikeAustin71/strmechops/strmech/strmechquark.go:2600.28,2602.3 1 0
github.com/MikeAustin71/strmechops/strmech/strmechquark.go:2613.22,2615.3 1 1
github.com/MikeAustin71/strmechops/strmech/strmechquark.go:2617.17,2619.3 1 1
github.com/MikeAustin71/strmechops/strmech/strmechquark.go:2626.6,2630.36 2 1
github.com/MikeAustin71/strmechops/strmech/strmechquark.go:2650.3,2650.51 1 1
github.com/MikeAustin71/strmechops/strmech/strmechquark.go:2630.36,2632.8 1 1
github.com/MikeAustin71/strmechops/strmech/strmechquark.go:2643.4,2645.19 2 1
github.com/MikeAustin71/strmechops/strmech/strmechquark.go:2632.8,2634.50 1 1
github.com/MikeAustin71/strmechops/strmech/strmechquark.go:2638.5,2640.32 2 1
github.com/MikeAustin71/strmechops/strmech/strmechquark.go:2634.50,2635.11 1 1
github.com/MikeAustin71/strmechops/strmech/strmechquark.go:2645.19,2646.14 1 0
github.com/MikeAustin71/strmechops/strmech/strmechquark.go:2650.51,2651.13 1 1
github.com/MikeAustin71/strmechops/strmech/strmechquark.go:2743.14,2745.28 1 1
github.com/MikeAustin71/strmechops/strmech/strmechquark.go:2749.2,2758.22 6 1
github.com/MikeAustin71/strmechops/strmech/strmechquark.go:2762.2,2762.17 1 1
github.com/MikeAustin71/strmechops/strmech/strmechquark.go:2766.2,2769.6 3 1
github.com/MikeAustin71/strmechops/strmech/strmechquark.go:2808.2,2808.25 1 1
github.com/MikeAustin71/strmechops/strmech/strmechquark.go:2745.28,2747.3 1 0
github.com/MikeAustin71/strmechops/strmech/strmechquark.go:2758.22,2760.3 1 1
github.com/MikeAustin71/strmechops/strmech/strmechquark.go:2762.17,2764.3 1 1
github.com/MikeAustin71/strmechops/strmech/strmechquark.go:2769.6,2773.36 2 1
github.com/MikeAustin71/strmechops/strmech/strmechquark.go:2794.3,2796.18 2 1
github.com/MikeAustin71/strmechops/strmech/strmechquark.go:2800.3,2800.51 1 1
github.com/MikeAustin71/strmechops/strmech/strmechquark.go:2773.36,2775.8 1 1
github.com/MikeAustin71/strmechops/strmech/strmechquark.go:2789.4,2789.26 1 1
github.com/MikeAustin71/strmechops/strmech/strmechquark.go:2775.8,2777.50 1 1
github.com/MikeAustin71/strmechops/strmech/strmechquark.go:2781.5,2785.32 3 1
github.com/MikeAustin71/strmechops/strmech/strmechquark.go:2777.50,2778.11 1 1
github.com/MikeAustin71/strmechops/strmech/strmechquark.go:2789.26,2790.14 1 0
github.com/MikeAustin71/strmechops/strmech/strmechquark.go:2796.18,2797.13 1 0
github.com/MikeAustin71/strmechops/strmech/strmechquark.go:2800.51,2801.13 1 1
github.com/MikeAustin71/strmechops/strmech/strmechquark.go:2922.9,2924.28 1 1
github.com/MikeAustin71/strmechops/strmech/strmechquark.go:2928.2,2932.20 3 1
github.com/MikeAustin71/strmechops/strmech/strmechquark.go:2938.2,2942.21 2 1
github.com/MikeAustin71/strmechops/strmech/strmechquark.go:2946.2,2946.23 1 1
github.com/MikeAustin71/strmechops/strmech/strmechquark.go:2950.2,2955.29 4 1
github.com/MikeAustin71/strmechops/strmech/strmechquark.go:2968.2,2968.41 1 1
github.com/MikeAustin71/strmechops/strmech/strmechquark.go:2924.28,2926.3 1 0
github.com/MikeAustin71/strmechops/strmech/strmechquark.go:2932.20,2934.3 1 0
github.com/MikeAustin71/strmechops/strmech/strmechquark.go:2934.8,2936.3 1 1
github.com/MikeAustin71/strmechops/strmech/strmechquark.go:2942.21,2944.3 1 1
github.com/MikeAustin71/strmechops/strmech/strmechquark.go:2946.23,2948.3 1 1
github.com/MikeAustin71/strmechops/strmech/strmechquark.go:2955.29,2957.37 1 1
github.com/MikeAustin71/strmechops/strmech/strmechquark.go:2961.3,2961.25 1 1
github.com/MikeAustin71/strmechops/strmech/strmechquark.go:2957.37,2958.9 1 0
github.com/MikeAustin71/strmechops/strmech/strmechquark.go:2961.25,2964.4 2 1
github.com/MikeAustin71/strmechops/strmech/strmechquark.go:3055.13,3057.28 1 1
github.com/MikeAustin71/strmechops/strmech/strmechquark.go:3061.2,3065.20 3 1
github.com/MikeAustin71/strmechops/strmech/strmechquark.go:3071.2,3078.21 4 1
github.com/MikeAustin71/strmechops/strmech/strmechquark.go:3087.2,3087.19 1 1
github.com/MikeAustin71/strmechops/strmech/strmechquark.go:3095.2,3102.37 7 1
github.com/MikeAustin71/strmechops/strmech/strmechquark.go:3121.2,3121.25 1 1
github.com/MikeAustin71/strmechops/strmech/strmechquark.go:3125.2,3125.32 1 1
github.com/MikeAustin71/strmechops/strmech/strmechquark.go:3129.2,3132.18 3 1
github.com/MikeAustin71/strmechops/strmech/strmechquark.go:3057.28,3059.3 1 0
github.com/MikeAustin71/strmechops/strmech/strmechquark.go:3065.20,3067.3 1 0
github.com/MikeAustin71/strmechops/strmech/strmechquark.go:3067.8,3069.3 1 1
github.com/MikeAustin71/strmechops/strmech/strmechquark.go:3078.21,3085.3 2 1
github.com/MikeAustin71/strmechops/strmech/strmechquark.go:3087.19,3093.3 2 1
github.com/MikeAustin71/strmechops/strmech/strmechquark.go:3102.37,3104.45 1 1
github.com/MikeAustin71/strmechops/strmech/strmechquark.go:3108.3,3108.60 1 1
github.com/MikeAustin71/strmechops/strmech/strmechquark.go:3112.3,3112.36 1 1
github.com/MikeAustin71/strmechops/strmech/strmechquark.go:3116.3,3118.8 3 1
github.com/MikeAustin71/strmechops/strmech/strmechquark.go:3104.45,3105.12 1 1
github.com/MikeAustin71/strmechops/strmech/strmechquark.go:3108.60,3109.12 1 1
github.com/MikeAustin71/strmechops/strmech/strmechquark.go:3112.36,3113.12 1 1
github.com/MikeAustin71/strmechops/strmech/strmechquark.go:3121.25,3123.3 1 1
github.com/MikeAustin71/strmechops/strmech/strmechquark.go:3125.32,3127.3 1 0
github.com/MikeAustin71/strmechops/strmech/strmechquark.go:3215.13,3217.28 1 1
github.com/MikeAustin71/strmechops/strmech/strmechquark.go:3221.2,3225.20 3 1
github.com/MikeAustin71/strmechops/strmech/strmechquark.go:3231.2,3240.23 5 1
github.com/MikeAustin71/strmechops/strmech/strmechquark.go:3249.2,3249.19 1 1
github.com/MikeAustin71/strmechops/strmech/strmechquark.go:3257.2,3260.21 3 1
github.com/MikeAustin71/strmechops/strmech/strmechquark.go:3274.2,3274.30 1 1
github.com/MikeAustin71/strmechops/strmech/strmechquark.go:3281.2,3284.21 3 1
github.com/MikeAustin71/strmechops/strmech/strmechquark.go:3293.2,3293.17 1 1
github.com/MikeAustin71/strmechops/strmech/strmechquark.go:3298.2,3301.18 3 1
github.com/MikeAustin71/strmechops/strmech/strmechquark.go:3217.28,3219.3 1 0
github.com/MikeAustin71/strmechops/strmech/strmechquark.go:3225.20,3227.3 1 0
github.com/MikeAustin71/strmechops/strmech/strmechquark.go:3227.8,3229.3 1 1
github.com/MikeAustin71/strmechops/strmech/strmechquark.go:3240.23,3247.3 2 1
github.com/MikeAustin71/strmechops/strmech/strmechquark.go:3249.19,3255.3 2 1
github.com/MikeAustin71/strmechops/strmech/strmechquark.go:3260.21,3262.44 1 1
github.com/MikeAustin71/strmechops/strmech/strmechquark.go:3268.3,3268.31 1 1
github.com/MikeAustin71/strmechops/strmech/strmechquark.go:3262.44,3264.4 1 1
github.com/MikeAustin71/strmechops/strmech/strmechquark.go:3264.9,3266.4 1 1
github.com/MikeAustin71/strmechops/strmech/strmechquark.go:3268.31,3271.4 2 1
github.com/MikeAustin71/strmechops/strmech/strmechquark.go:3274.30,3279.3 2 0
github.com/MikeAustin71/strmechops/strmech/strmechquark.go:3284.21,3286.43 1 1
github.com/MikeAustin71/strmechops/strmech/strmechquark.go:3286.43,3288.4 1 1
github.com/MikeAustin71/strmechops/strmech/strmechquark.go:3288.9,3290.4 1 1
github.com/MikeAustin71/strmechops/strmech/strmechquark.go:3293.17,3296.3 2 0
github.com/MikeAustin71/strmechops/strmech/strmechquark.go:3342.21,3344.28 1 1
github.com/MikeAustin71/strmechops/strmech/strmechquark.go:3348.2,3352.19 3 1
github.com/MikeAustin71/strmechops/strmech/strmechquark.go:3356.2,3358.37 2 1
github.com/MikeAustin71/strmechops/strmech/strmechquark.go:3378.2,3378.25 1 1
github.com/MikeAustin71/strmechops/strmech/strmechquark.go:3344.28,3346.3 1 1
github.com/MikeAustin71/strmechops/strmech/strmechquark.go:3352.19,3354.3 1 1
github.com/MikeAustin71/strmechops/strmech/strmechquark.go:3358.37,3361.25 1 1
github.com/MikeAustin71/strmechops/strmech/strmechquark.go:3367.3,3367.47 1 1
github.com/MikeAustin71/strmechops/strmech/strmechquark.go:3361.25,3362.12 1 1
github.com/MikeAustin71/strmechops/strmech/strmechquark.go:3367.47,3370.9 2 1
github.com/MikeAustin71/strmechops/strmech/strmechquark.go:3372.9,3372.54 1 1
github.com/MikeAustin71/strmechops/strmech/strmechquark.go:3372.54,3373.9 1 1
github.com/MikeAustin71/strmechops/strmech/strmechsort.go:46.62,48.2 1 1
github.com/MikeAustin71/strmechops/strmech/strmechsort.go:54.67,56.2 1 1
github.com/MikeAustin71/strmechops/strmech/strmechsort.go:62.72,66.18 3 1
github.com/MikeAustin71/strmechops/strmech/strmechsort.go:70.2,70.20 1 1
github.com/MikeAustin71/strmechops/strmech/strmechsort.go:66.18,68.3 1 1
github.com/MikeAustin71/strmechops/strmech/strmechsort.go:115.61,117.2 1 1
github.com/MikeAustin71/strmechops/strmech/strmechsort.go:123.66,125.2 1 1
github.com/MikeAustin71/strmechops/strmech/strmechsort.go:131.71,135.18 3 1
github.com/MikeAustin71/strmechops/strmech/strmechsort.go:139.2,139.20 1 1
github.com/MikeAustin71/strmechops/strmech/strmechsort.go:135.18,137.3 1 1
